[2021-04-07 02:00:01,228] {taskinstance.py:851} INFO - Dependencies all met for <TaskInstance: trata_relatorios.popula_relatorios 2021-04-07T01:50:00+00:00 [queued]>
[2021-04-07 02:00:01,283] {taskinstance.py:851} INFO - Dependencies all met for <TaskInstance: trata_relatorios.popula_relatorios 2021-04-07T01:50:00+00:00 [queued]>
[2021-04-07 02:00:01,285] {taskinstance.py:1042} INFO - 
--------------------------------------------------------------------------------
[2021-04-07 02:00:01,289] {taskinstance.py:1043} INFO - Starting attempt 1 of 1
[2021-04-07 02:00:01,289] {taskinstance.py:1044} INFO - 
--------------------------------------------------------------------------------
[2021-04-07 02:00:01,332] {taskinstance.py:1063} INFO - Executing <Task(PythonOperator): popula_relatorios> on 2021-04-07T01:50:00+00:00
[2021-04-07 02:00:01,336] {standard_task_runner.py:52} INFO - Started process 8057 to run task
[2021-04-07 02:00:01,364] {standard_task_runner.py:76} INFO - Running: ['airflow', 'tasks', 'run', 'trata_relatorios', 'popula_relatorios', '2021-04-07T01:50:00+00:00', '--job-id', '19', '--pool', 'default_pool', '--raw', '--subdir', 'DAGS_FOLDER/etl_chamados.py', '--cfg-path', '/tmp/tmpoapbmnav', '--error-file', '/tmp/tmp3ic9xph1']
[2021-04-07 02:00:01,375] {standard_task_runner.py:77} INFO - Job 19: Subtask popula_relatorios
[2021-04-07 02:00:01,493] {logging_mixin.py:104} INFO - Running <TaskInstance: trata_relatorios.popula_relatorios 2021-04-07T01:50:00+00:00 [running]> on host ce03b876977a
[2021-04-07 02:00:01,639] {taskinstance.py:1257} INFO - Exporting the following env vars:
AIRFLOW_CTX_DAG_EMAIL=clecio.antao@gmail.com
AIRFLOW_CTX_DAG_OWNER=airflow
AIRFLOW_CTX_DAG_ID=trata_relatorios
AIRFLOW_CTX_TASK_ID=popula_relatorios
AIRFLOW_CTX_EXECUTION_DATE=2021-04-07T01:50:00+00:00
AIRFLOW_CTX_DAG_RUN_ID=scheduled__2021-04-07T01:50:00+00:00
[2021-04-07 02:00:18,323] {logging_mixin.py:104} INFO - Total de linhas:  5000
[2021-04-07 02:00:18,324] {logging_mixin.py:104} INFO - dGVjYmFu#a0a92b86c50ffc75fbb812134c75e028f5548845
[2021-04-07 02:00:18,324] {logging_mixin.py:104} INFO - entrou no laço
[2021-04-07 02:00:18,324] {logging_mixin.py:104} INFO - Paginas:  100000
[2021-04-07 02:00:18,325] {logging_mixin.py:104} INFO - Contador:  1
[2021-04-07 02:00:18,325] {logging_mixin.py:104} INFO - Linhas:  0
[2021-04-07 02:00:18,326] {logging_mixin.py:104} INFO - Colunas:  33
[2021-04-07 02:01:24,655] {logging_mixin.py:104} INFO - entrou no laço
[2021-04-07 02:01:24,656] {logging_mixin.py:104} INFO - Paginas:  100000
[2021-04-07 02:01:24,659] {logging_mixin.py:104} INFO - Contador:  2
[2021-04-07 02:01:24,660] {logging_mixin.py:104} INFO - Linhas:  5000
[2021-04-07 02:01:24,663] {logging_mixin.py:104} INFO - Colunas:  33
[2021-04-07 02:02:00,503] {logging_mixin.py:104} INFO - entrou no laço
[2021-04-07 02:02:00,504] {logging_mixin.py:104} INFO - Paginas:  100000
[2021-04-07 02:02:00,504] {logging_mixin.py:104} INFO - Contador:  3
[2021-04-07 02:02:00,504] {logging_mixin.py:104} INFO - Linhas:  10000
[2021-04-07 02:02:00,505] {logging_mixin.py:104} INFO - Colunas:  33
[2021-04-07 02:02:41,993] {logging_mixin.py:104} INFO - entrou no laço
[2021-04-07 02:02:41,995] {logging_mixin.py:104} INFO - Paginas:  100000
[2021-04-07 02:02:41,996] {logging_mixin.py:104} INFO - Contador:  4
[2021-04-07 02:02:41,997] {logging_mixin.py:104} INFO - Linhas:  15000
[2021-04-07 02:02:41,997] {logging_mixin.py:104} INFO - Colunas:  33
[2021-04-07 02:03:17,831] {logging_mixin.py:104} INFO - entrou no laço
[2021-04-07 02:03:17,832] {logging_mixin.py:104} INFO - Paginas:  100000
[2021-04-07 02:03:17,839] {logging_mixin.py:104} INFO - Contador:  5
[2021-04-07 02:03:17,840] {logging_mixin.py:104} INFO - Linhas:  20000
[2021-04-07 02:03:17,841] {logging_mixin.py:104} INFO - Colunas:  33
[2021-04-07 02:03:51,376] {logging_mixin.py:104} INFO - entrou no laço
[2021-04-07 02:03:51,376] {logging_mixin.py:104} INFO - Paginas:  100000
[2021-04-07 02:03:51,377] {logging_mixin.py:104} INFO - Contador:  6
[2021-04-07 02:03:51,377] {logging_mixin.py:104} INFO - Linhas:  25000
[2021-04-07 02:03:51,377] {logging_mixin.py:104} INFO - Colunas:  33
[2021-04-07 02:04:29,391] {logging_mixin.py:104} INFO - entrou no laço
[2021-04-07 02:04:29,392] {logging_mixin.py:104} INFO - Paginas:  100000
[2021-04-07 02:04:29,393] {logging_mixin.py:104} INFO - Contador:  7
[2021-04-07 02:04:29,393] {logging_mixin.py:104} INFO - Linhas:  30000
[2021-04-07 02:04:29,394] {logging_mixin.py:104} INFO - Colunas:  33
[2021-04-07 02:05:08,184] {logging_mixin.py:104} INFO - entrou no laço
[2021-04-07 02:05:08,185] {logging_mixin.py:104} INFO - Paginas:  100000
[2021-04-07 02:05:08,186] {logging_mixin.py:104} INFO - Contador:  8
[2021-04-07 02:05:08,187] {logging_mixin.py:104} INFO - Linhas:  35000
[2021-04-07 02:05:08,188] {logging_mixin.py:104} INFO - Colunas:  33
[2021-04-07 02:05:42,973] {logging_mixin.py:104} INFO - entrou no laço
[2021-04-07 02:05:42,982] {logging_mixin.py:104} INFO - Paginas:  100000
[2021-04-07 02:05:42,983] {logging_mixin.py:104} INFO - Contador:  9
[2021-04-07 02:05:42,984] {logging_mixin.py:104} INFO - Linhas:  40000
[2021-04-07 02:05:42,988] {logging_mixin.py:104} INFO - Colunas:  33
[2021-04-07 02:06:20,117] {logging_mixin.py:104} INFO - entrou no laço
[2021-04-07 02:06:20,118] {logging_mixin.py:104} INFO - Paginas:  100000
[2021-04-07 02:06:20,119] {logging_mixin.py:104} INFO - Contador:  10
[2021-04-07 02:06:20,121] {logging_mixin.py:104} INFO - Linhas:  45000
[2021-04-07 02:06:20,122] {logging_mixin.py:104} INFO - Colunas:  33
[2021-04-07 02:06:54,538] {logging_mixin.py:104} INFO - entrou no laço
[2021-04-07 02:06:54,543] {logging_mixin.py:104} INFO - Paginas:  100000
[2021-04-07 02:06:54,547] {logging_mixin.py:104} INFO - Contador:  11
[2021-04-07 02:06:54,550] {logging_mixin.py:104} INFO - Linhas:  50000
[2021-04-07 02:06:54,551] {logging_mixin.py:104} INFO - Colunas:  33
[2021-04-07 02:07:32,150] {logging_mixin.py:104} INFO - entrou no laço
[2021-04-07 02:07:32,153] {logging_mixin.py:104} INFO - Paginas:  100000
[2021-04-07 02:07:32,155] {logging_mixin.py:104} INFO - Contador:  12
[2021-04-07 02:07:32,157] {logging_mixin.py:104} INFO - Linhas:  55000
[2021-04-07 02:07:32,161] {logging_mixin.py:104} INFO - Colunas:  33
[2021-04-07 02:08:11,208] {logging_mixin.py:104} INFO - entrou no laço
[2021-04-07 02:08:11,209] {logging_mixin.py:104} INFO - Paginas:  100000
[2021-04-07 02:08:11,209] {logging_mixin.py:104} INFO - Contador:  13
[2021-04-07 02:08:11,210] {logging_mixin.py:104} INFO - Linhas:  60000
[2021-04-07 02:08:11,210] {logging_mixin.py:104} INFO - Colunas:  33
[2021-04-07 02:08:47,393] {logging_mixin.py:104} INFO - entrou no laço
[2021-04-07 02:08:47,394] {logging_mixin.py:104} INFO - Paginas:  100000
[2021-04-07 02:08:47,395] {logging_mixin.py:104} INFO - Contador:  14
[2021-04-07 02:08:47,395] {logging_mixin.py:104} INFO - Linhas:  65000
[2021-04-07 02:08:47,395] {logging_mixin.py:104} INFO - Colunas:  33
[2021-04-07 02:09:25,394] {logging_mixin.py:104} INFO - entrou no laço
[2021-04-07 02:09:25,395] {logging_mixin.py:104} INFO - Paginas:  100000
[2021-04-07 02:09:25,395] {logging_mixin.py:104} INFO - Contador:  15
[2021-04-07 02:09:25,395] {logging_mixin.py:104} INFO - Linhas:  70000
[2021-04-07 02:09:25,396] {logging_mixin.py:104} INFO - Colunas:  33
[2021-04-07 02:10:03,031] {logging_mixin.py:104} INFO - entrou no laço
[2021-04-07 02:10:03,035] {logging_mixin.py:104} INFO - Paginas:  100000
[2021-04-07 02:10:03,036] {logging_mixin.py:104} INFO - Contador:  16
[2021-04-07 02:10:03,036] {logging_mixin.py:104} INFO - Linhas:  75000
[2021-04-07 02:10:03,037] {logging_mixin.py:104} INFO - Colunas:  33
[2021-04-07 02:10:41,566] {logging_mixin.py:104} INFO - entrou no laço
[2021-04-07 02:10:41,568] {logging_mixin.py:104} INFO - Paginas:  100000
[2021-04-07 02:10:41,568] {logging_mixin.py:104} INFO - Contador:  17
[2021-04-07 02:10:41,568] {logging_mixin.py:104} INFO - Linhas:  80000
[2021-04-07 02:10:41,569] {logging_mixin.py:104} INFO - Colunas:  33
[2021-04-07 02:11:29,519] {logging_mixin.py:104} INFO - entrou no laço
[2021-04-07 02:11:29,530] {logging_mixin.py:104} INFO - Paginas:  100000
[2021-04-07 02:11:29,531] {logging_mixin.py:104} INFO - Contador:  18
[2021-04-07 02:11:29,533] {logging_mixin.py:104} INFO - Linhas:  85000
[2021-04-07 02:11:29,533] {logging_mixin.py:104} INFO - Colunas:  33
[2021-04-07 02:12:15,749] {logging_mixin.py:104} INFO - entrou no laço
[2021-04-07 02:12:15,750] {logging_mixin.py:104} INFO - Paginas:  100000
[2021-04-07 02:12:15,751] {logging_mixin.py:104} INFO - Contador:  19
[2021-04-07 02:12:15,752] {logging_mixin.py:104} INFO - Linhas:  90000
[2021-04-07 02:12:15,752] {logging_mixin.py:104} INFO - Colunas:  33
[2021-04-07 02:12:57,265] {logging_mixin.py:104} INFO - entrou no laço
[2021-04-07 02:12:57,265] {logging_mixin.py:104} INFO - Paginas:  100000
[2021-04-07 02:12:57,266] {logging_mixin.py:104} INFO - Contador:  20
[2021-04-07 02:12:57,266] {logging_mixin.py:104} INFO - Linhas:  95000
[2021-04-07 02:12:57,267] {logging_mixin.py:104} INFO - Colunas:  33
[2021-04-07 02:13:39,336] {logging_mixin.py:104} INFO - entrou no laço
[2021-04-07 02:13:39,337] {logging_mixin.py:104} INFO - Paginas:  100000
[2021-04-07 02:13:39,338] {logging_mixin.py:104} INFO - Contador:  21
[2021-04-07 02:13:39,338] {logging_mixin.py:104} INFO - Linhas:  100000
[2021-04-07 02:13:39,339] {logging_mixin.py:104} INFO - Colunas:  33
[2021-04-07 02:14:20,282] {logging_mixin.py:104} INFO - entrou no laço
[2021-04-07 02:14:20,284] {logging_mixin.py:104} INFO - Paginas:  100000
[2021-04-07 02:14:20,287] {logging_mixin.py:104} INFO - Contador:  22
[2021-04-07 02:14:20,288] {logging_mixin.py:104} INFO - Linhas:  105000
[2021-04-07 02:14:20,288] {logging_mixin.py:104} INFO - Colunas:  33
[2021-04-07 02:14:58,353] {logging_mixin.py:104} INFO - entrou no laço
[2021-04-07 02:14:58,362] {logging_mixin.py:104} INFO - Paginas:  100000
[2021-04-07 02:14:58,363] {logging_mixin.py:104} INFO - Contador:  23
[2021-04-07 02:14:58,363] {logging_mixin.py:104} INFO - Linhas:  110000
[2021-04-07 02:14:58,363] {logging_mixin.py:104} INFO - Colunas:  33
[2021-04-07 02:15:40,256] {logging_mixin.py:104} INFO - entrou no laço
[2021-04-07 02:15:40,261] {logging_mixin.py:104} INFO - Paginas:  100000
[2021-04-07 02:15:40,261] {logging_mixin.py:104} INFO - Contador:  24
[2021-04-07 02:15:40,269] {logging_mixin.py:104} INFO - Linhas:  115000
[2021-04-07 02:15:40,272] {logging_mixin.py:104} INFO - Colunas:  33
[2021-04-07 02:16:20,200] {logging_mixin.py:104} INFO - entrou no laço
[2021-04-07 02:16:20,201] {logging_mixin.py:104} INFO - Paginas:  100000
[2021-04-07 02:16:20,202] {logging_mixin.py:104} INFO - Contador:  25
[2021-04-07 02:16:20,206] {logging_mixin.py:104} INFO - Linhas:  120000
[2021-04-07 02:16:20,207] {logging_mixin.py:104} INFO - Colunas:  33
[2021-04-07 02:16:56,646] {logging_mixin.py:104} INFO - entrou no laço
[2021-04-07 02:16:56,648] {logging_mixin.py:104} INFO - Paginas:  100000
[2021-04-07 02:16:56,649] {logging_mixin.py:104} INFO - Contador:  26
[2021-04-07 02:16:56,649] {logging_mixin.py:104} INFO - Linhas:  125000
[2021-04-07 02:16:56,649] {logging_mixin.py:104} INFO - Colunas:  33
[2021-04-07 02:17:35,029] {logging_mixin.py:104} INFO - entrou no laço
[2021-04-07 02:17:35,030] {logging_mixin.py:104} INFO - Paginas:  100000
[2021-04-07 02:17:35,031] {logging_mixin.py:104} INFO - Contador:  27
[2021-04-07 02:17:35,034] {logging_mixin.py:104} INFO - Linhas:  130000
[2021-04-07 02:17:35,035] {logging_mixin.py:104} INFO - Colunas:  33
[2021-04-07 02:18:10,679] {logging_mixin.py:104} INFO - entrou no laço
[2021-04-07 02:18:10,681] {logging_mixin.py:104} INFO - Paginas:  100000
[2021-04-07 02:18:10,682] {logging_mixin.py:104} INFO - Contador:  28
[2021-04-07 02:18:10,683] {logging_mixin.py:104} INFO - Linhas:  135000
[2021-04-07 02:18:10,683] {logging_mixin.py:104} INFO - Colunas:  33
[2021-04-07 02:18:51,967] {logging_mixin.py:104} INFO - entrou no laço
[2021-04-07 02:18:51,968] {logging_mixin.py:104} INFO - Paginas:  100000
[2021-04-07 02:18:51,968] {logging_mixin.py:104} INFO - Contador:  29
[2021-04-07 02:18:51,968] {logging_mixin.py:104} INFO - Linhas:  140000
[2021-04-07 02:18:51,969] {logging_mixin.py:104} INFO - Colunas:  33
[2021-04-07 02:19:35,799] {logging_mixin.py:104} INFO - entrou no laço
[2021-04-07 02:19:35,819] {logging_mixin.py:104} INFO - Paginas:  100000
[2021-04-07 02:19:35,819] {logging_mixin.py:104} INFO - Contador:  30
[2021-04-07 02:19:35,819] {logging_mixin.py:104} INFO - Linhas:  145000
[2021-04-07 02:19:35,819] {logging_mixin.py:104} INFO - Colunas:  33
[2021-04-07 02:20:17,957] {logging_mixin.py:104} INFO - entrou no laço
[2021-04-07 02:20:17,957] {logging_mixin.py:104} INFO - Paginas:  100000
[2021-04-07 02:20:17,958] {logging_mixin.py:104} INFO - Contador:  31
[2021-04-07 02:20:17,958] {logging_mixin.py:104} INFO - Linhas:  150000
[2021-04-07 02:20:17,958] {logging_mixin.py:104} INFO - Colunas:  33
[2021-04-07 02:21:01,072] {logging_mixin.py:104} INFO - entrou no laço
[2021-04-07 02:21:01,073] {logging_mixin.py:104} INFO - Paginas:  100000
[2021-04-07 02:21:01,074] {logging_mixin.py:104} INFO - Contador:  32
[2021-04-07 02:21:01,074] {logging_mixin.py:104} INFO - Linhas:  155000
[2021-04-07 02:21:01,074] {logging_mixin.py:104} INFO - Colunas:  33
[2021-04-07 02:21:51,813] {logging_mixin.py:104} INFO - entrou no laço
[2021-04-07 02:21:51,814] {logging_mixin.py:104} INFO - Paginas:  100000
[2021-04-07 02:21:51,815] {logging_mixin.py:104} INFO - Contador:  33
[2021-04-07 02:21:51,815] {logging_mixin.py:104} INFO - Linhas:  160000
[2021-04-07 02:21:51,816] {logging_mixin.py:104} INFO - Colunas:  33
[2021-04-07 02:22:34,628] {logging_mixin.py:104} INFO - entrou no laço
[2021-04-07 02:22:34,631] {logging_mixin.py:104} INFO - Paginas:  100000
[2021-04-07 02:22:34,632] {logging_mixin.py:104} INFO - Contador:  34
[2021-04-07 02:22:34,632] {logging_mixin.py:104} INFO - Linhas:  165000
[2021-04-07 02:22:34,632] {logging_mixin.py:104} INFO - Colunas:  33
[2021-04-07 02:23:21,754] {logging_mixin.py:104} INFO - entrou no laço
[2021-04-07 02:23:21,755] {logging_mixin.py:104} INFO - Paginas:  100000
[2021-04-07 02:23:21,756] {logging_mixin.py:104} INFO - Contador:  35
[2021-04-07 02:23:21,756] {logging_mixin.py:104} INFO - Linhas:  170000
[2021-04-07 02:23:21,757] {logging_mixin.py:104} INFO - Colunas:  33
[2021-04-07 02:24:08,992] {logging_mixin.py:104} INFO - entrou no laço
[2021-04-07 02:24:08,999] {logging_mixin.py:104} INFO - Paginas:  100000
[2021-04-07 02:24:08,999] {logging_mixin.py:104} INFO - Contador:  36
[2021-04-07 02:24:09,000] {logging_mixin.py:104} INFO - Linhas:  175000
[2021-04-07 02:24:09,000] {logging_mixin.py:104} INFO - Colunas:  33
[2021-04-07 02:24:54,686] {logging_mixin.py:104} INFO - entrou no laço
[2021-04-07 02:24:54,689] {logging_mixin.py:104} INFO - Paginas:  100000
[2021-04-07 02:24:54,692] {logging_mixin.py:104} INFO - Contador:  37
[2021-04-07 02:24:54,693] {logging_mixin.py:104} INFO - Linhas:  180000
[2021-04-07 02:24:54,694] {logging_mixin.py:104} INFO - Colunas:  33
[2021-04-07 02:25:39,633] {logging_mixin.py:104} INFO - entrou no laço
[2021-04-07 02:25:39,636] {logging_mixin.py:104} INFO - Paginas:  100000
[2021-04-07 02:25:39,637] {logging_mixin.py:104} INFO - Contador:  38
[2021-04-07 02:25:39,638] {logging_mixin.py:104} INFO - Linhas:  185000
[2021-04-07 02:25:39,638] {logging_mixin.py:104} INFO - Colunas:  33
[2021-04-07 02:26:26,670] {logging_mixin.py:104} INFO - entrou no laço
[2021-04-07 02:26:26,670] {logging_mixin.py:104} INFO - Paginas:  100000
[2021-04-07 02:26:26,670] {logging_mixin.py:104} INFO - Contador:  39
[2021-04-07 02:26:26,671] {logging_mixin.py:104} INFO - Linhas:  190000
[2021-04-07 02:26:26,671] {logging_mixin.py:104} INFO - Colunas:  33
[2021-04-07 02:27:03,150] {logging_mixin.py:104} INFO - entrou no laço
[2021-04-07 02:27:03,152] {logging_mixin.py:104} INFO - Paginas:  100000
[2021-04-07 02:27:03,157] {logging_mixin.py:104} INFO - Contador:  40
[2021-04-07 02:27:03,159] {logging_mixin.py:104} INFO - Linhas:  195000
[2021-04-07 02:27:03,160] {logging_mixin.py:104} INFO - Colunas:  33
[2021-04-07 02:27:48,611] {logging_mixin.py:104} INFO - entrou no laço
[2021-04-07 02:27:48,623] {logging_mixin.py:104} INFO - Paginas:  100000
[2021-04-07 02:27:48,624] {logging_mixin.py:104} INFO - Contador:  41
[2021-04-07 02:27:48,624] {logging_mixin.py:104} INFO - Linhas:  200000
[2021-04-07 02:27:48,624] {logging_mixin.py:104} INFO - Colunas:  33
[2021-04-07 02:28:35,835] {logging_mixin.py:104} INFO - entrou no laço
[2021-04-07 02:28:35,844] {logging_mixin.py:104} INFO - Paginas:  100000
[2021-04-07 02:28:35,845] {logging_mixin.py:104} INFO - Contador:  42
[2021-04-07 02:28:35,845] {logging_mixin.py:104} INFO - Linhas:  205000
[2021-04-07 02:28:35,846] {logging_mixin.py:104} INFO - Colunas:  33
[2021-04-07 02:29:17,914] {logging_mixin.py:104} INFO - entrou no laço
[2021-04-07 02:29:17,915] {logging_mixin.py:104} INFO - Paginas:  100000
[2021-04-07 02:29:17,916] {logging_mixin.py:104} INFO - Contador:  43
[2021-04-07 02:29:17,916] {logging_mixin.py:104} INFO - Linhas:  210000
[2021-04-07 02:29:17,916] {logging_mixin.py:104} INFO - Colunas:  33
[2021-04-07 02:30:00,887] {logging_mixin.py:104} INFO - entrou no laço
[2021-04-07 02:30:00,891] {logging_mixin.py:104} INFO - Paginas:  100000
[2021-04-07 02:30:00,892] {logging_mixin.py:104} INFO - Contador:  44
[2021-04-07 02:30:00,893] {logging_mixin.py:104} INFO - Linhas:  215000
[2021-04-07 02:30:00,896] {logging_mixin.py:104} INFO - Colunas:  33
[2021-04-07 02:30:44,000] {logging_mixin.py:104} INFO - entrou no laço
[2021-04-07 02:30:44,003] {logging_mixin.py:104} INFO - Paginas:  100000
[2021-04-07 02:30:44,004] {logging_mixin.py:104} INFO - Contador:  45
[2021-04-07 02:30:44,004] {logging_mixin.py:104} INFO - Linhas:  220000
[2021-04-07 02:30:44,005] {logging_mixin.py:104} INFO - Colunas:  33
[2021-04-07 02:31:29,925] {logging_mixin.py:104} INFO - entrou no laço
[2021-04-07 02:31:29,926] {logging_mixin.py:104} INFO - Paginas:  100000
[2021-04-07 02:31:29,926] {logging_mixin.py:104} INFO - Contador:  46
[2021-04-07 02:31:29,926] {logging_mixin.py:104} INFO - Linhas:  225000
[2021-04-07 02:31:29,927] {logging_mixin.py:104} INFO - Colunas:  33
[2021-04-07 02:32:20,095] {logging_mixin.py:104} INFO - entrou no laço
[2021-04-07 02:32:20,096] {logging_mixin.py:104} INFO - Paginas:  100000
[2021-04-07 02:32:20,096] {logging_mixin.py:104} INFO - Contador:  47
[2021-04-07 02:32:20,096] {logging_mixin.py:104} INFO - Linhas:  230000
[2021-04-07 02:32:20,097] {logging_mixin.py:104} INFO - Colunas:  33
[2021-04-07 02:33:08,848] {logging_mixin.py:104} INFO - entrou no laço
[2021-04-07 02:33:08,851] {logging_mixin.py:104} INFO - Paginas:  100000
[2021-04-07 02:33:08,852] {logging_mixin.py:104} INFO - Contador:  48
[2021-04-07 02:33:08,853] {logging_mixin.py:104} INFO - Linhas:  235000
[2021-04-07 02:33:08,861] {logging_mixin.py:104} INFO - Colunas:  33
[2021-04-07 02:33:56,847] {logging_mixin.py:104} INFO - entrou no laço
[2021-04-07 02:33:56,847] {logging_mixin.py:104} INFO - Paginas:  100000
[2021-04-07 02:33:56,848] {logging_mixin.py:104} INFO - Contador:  49
[2021-04-07 02:33:56,848] {logging_mixin.py:104} INFO - Linhas:  240000
[2021-04-07 02:33:56,849] {logging_mixin.py:104} INFO - Colunas:  33
[2021-04-07 02:34:47,122] {logging_mixin.py:104} INFO - entrou no laço
[2021-04-07 02:34:47,123] {logging_mixin.py:104} INFO - Paginas:  100000
[2021-04-07 02:34:47,123] {logging_mixin.py:104} INFO - Contador:  50
[2021-04-07 02:34:47,124] {logging_mixin.py:104} INFO - Linhas:  245000
[2021-04-07 02:34:47,124] {logging_mixin.py:104} INFO - Colunas:  33
[2021-04-07 02:35:34,346] {logging_mixin.py:104} INFO - entrou no laço
[2021-04-07 02:35:34,348] {logging_mixin.py:104} INFO - Paginas:  100000
[2021-04-07 02:35:34,348] {logging_mixin.py:104} INFO - Contador:  51
[2021-04-07 02:35:34,349] {logging_mixin.py:104} INFO - Linhas:  250000
[2021-04-07 02:35:34,350] {logging_mixin.py:104} INFO - Colunas:  33
[2021-04-07 02:36:20,673] {logging_mixin.py:104} INFO - entrou no laço
[2021-04-07 02:36:20,673] {logging_mixin.py:104} INFO - Paginas:  100000
[2021-04-07 02:36:20,674] {logging_mixin.py:104} INFO - Contador:  52
[2021-04-07 02:36:20,674] {logging_mixin.py:104} INFO - Linhas:  255000
[2021-04-07 02:36:20,674] {logging_mixin.py:104} INFO - Colunas:  33
[2021-04-07 02:37:10,293] {logging_mixin.py:104} INFO - entrou no laço
[2021-04-07 02:37:10,294] {logging_mixin.py:104} INFO - Paginas:  100000
[2021-04-07 02:37:10,295] {logging_mixin.py:104} INFO - Contador:  53
[2021-04-07 02:37:10,295] {logging_mixin.py:104} INFO - Linhas:  260000
[2021-04-07 02:37:10,297] {logging_mixin.py:104} INFO - Colunas:  33
[2021-04-07 02:38:01,134] {logging_mixin.py:104} INFO - entrou no laço
[2021-04-07 02:38:01,137] {logging_mixin.py:104} INFO - Paginas:  100000
[2021-04-07 02:38:01,138] {logging_mixin.py:104} INFO - Contador:  54
[2021-04-07 02:38:01,139] {logging_mixin.py:104} INFO - Linhas:  265000
[2021-04-07 02:38:01,139] {logging_mixin.py:104} INFO - Colunas:  33
[2021-04-07 02:38:48,267] {logging_mixin.py:104} INFO - entrou no laço
[2021-04-07 02:38:48,288] {logging_mixin.py:104} INFO - Paginas:  100000
[2021-04-07 02:38:48,289] {logging_mixin.py:104} INFO - Contador:  55
[2021-04-07 02:38:48,290] {logging_mixin.py:104} INFO - Linhas:  270000
[2021-04-07 02:38:48,316] {logging_mixin.py:104} INFO - Colunas:  33
[2021-04-07 02:39:35,320] {logging_mixin.py:104} INFO - entrou no laço
[2021-04-07 02:39:35,321] {logging_mixin.py:104} INFO - Paginas:  100000
[2021-04-07 02:39:35,321] {logging_mixin.py:104} INFO - Contador:  56
[2021-04-07 02:39:35,322] {logging_mixin.py:104} INFO - Linhas:  275000
[2021-04-07 02:39:35,322] {logging_mixin.py:104} INFO - Colunas:  33
[2021-04-07 02:40:19,221] {logging_mixin.py:104} INFO - entrou no laço
[2021-04-07 02:40:19,224] {logging_mixin.py:104} INFO - Paginas:  100000
[2021-04-07 02:40:19,225] {logging_mixin.py:104} INFO - Contador:  57
[2021-04-07 02:40:19,231] {logging_mixin.py:104} INFO - Linhas:  280000
[2021-04-07 02:40:19,232] {logging_mixin.py:104} INFO - Colunas:  33
[2021-04-07 02:41:00,887] {logging_mixin.py:104} INFO - entrou no laço
[2021-04-07 02:41:00,896] {logging_mixin.py:104} INFO - Paginas:  100000
[2021-04-07 02:41:00,899] {logging_mixin.py:104} INFO - Contador:  58
[2021-04-07 02:41:00,900] {logging_mixin.py:104} INFO - Linhas:  285000
[2021-04-07 02:41:00,901] {logging_mixin.py:104} INFO - Colunas:  33
[2021-04-07 02:41:45,986] {logging_mixin.py:104} INFO - entrou no laço
[2021-04-07 02:41:45,990] {logging_mixin.py:104} INFO - Paginas:  100000
[2021-04-07 02:41:45,991] {logging_mixin.py:104} INFO - Contador:  59
[2021-04-07 02:41:45,991] {logging_mixin.py:104} INFO - Linhas:  290000
[2021-04-07 02:41:45,992] {logging_mixin.py:104} INFO - Colunas:  33
[2021-04-07 02:42:29,834] {logging_mixin.py:104} INFO - entrou no laço
[2021-04-07 02:42:29,834] {logging_mixin.py:104} INFO - Paginas:  100000
[2021-04-07 02:42:29,835] {logging_mixin.py:104} INFO - Contador:  60
[2021-04-07 02:42:29,836] {logging_mixin.py:104} INFO - Linhas:  295000
[2021-04-07 02:42:29,836] {logging_mixin.py:104} INFO - Colunas:  33
[2021-04-07 02:43:14,247] {logging_mixin.py:104} INFO - entrou no laço
[2021-04-07 02:43:14,248] {logging_mixin.py:104} INFO - Paginas:  100000
[2021-04-07 02:43:14,248] {logging_mixin.py:104} INFO - Contador:  61
[2021-04-07 02:43:14,248] {logging_mixin.py:104} INFO - Linhas:  300000
[2021-04-07 02:43:14,249] {logging_mixin.py:104} INFO - Colunas:  33
[2021-04-07 02:44:06,406] {logging_mixin.py:104} INFO - entrou no laço
[2021-04-07 02:44:06,407] {logging_mixin.py:104} INFO - Paginas:  100000
[2021-04-07 02:44:06,408] {logging_mixin.py:104} INFO - Contador:  62
[2021-04-07 02:44:06,408] {logging_mixin.py:104} INFO - Linhas:  305000
[2021-04-07 02:44:06,408] {logging_mixin.py:104} INFO - Colunas:  33
[2021-04-07 02:44:56,225] {logging_mixin.py:104} INFO - entrou no laço
[2021-04-07 02:44:56,226] {logging_mixin.py:104} INFO - Paginas:  100000
[2021-04-07 02:44:56,226] {logging_mixin.py:104} INFO - Contador:  63
[2021-04-07 02:44:56,226] {logging_mixin.py:104} INFO - Linhas:  310000
[2021-04-07 02:44:56,226] {logging_mixin.py:104} INFO - Colunas:  33
[2021-04-07 02:45:41,581] {logging_mixin.py:104} INFO - entrou no laço
[2021-04-07 02:45:41,582] {logging_mixin.py:104} INFO - Paginas:  100000
[2021-04-07 02:45:41,582] {logging_mixin.py:104} INFO - Contador:  64
[2021-04-07 02:45:41,583] {logging_mixin.py:104} INFO - Linhas:  315000
[2021-04-07 02:45:41,583] {logging_mixin.py:104} INFO - Colunas:  33
[2021-04-07 02:46:26,230] {logging_mixin.py:104} INFO - entrou no laço
[2021-04-07 02:46:26,230] {logging_mixin.py:104} INFO - Paginas:  100000
[2021-04-07 02:46:26,231] {logging_mixin.py:104} INFO - Contador:  65
[2021-04-07 02:46:26,231] {logging_mixin.py:104} INFO - Linhas:  320000
[2021-04-07 02:46:26,232] {logging_mixin.py:104} INFO - Colunas:  33
[2021-04-07 02:47:12,909] {logging_mixin.py:104} INFO - entrou no laço
[2021-04-07 02:47:12,910] {logging_mixin.py:104} INFO - Paginas:  100000
[2021-04-07 02:47:12,910] {logging_mixin.py:104} INFO - Contador:  66
[2021-04-07 02:47:12,910] {logging_mixin.py:104} INFO - Linhas:  325000
[2021-04-07 02:47:12,911] {logging_mixin.py:104} INFO - Colunas:  33
[2021-04-07 02:47:57,757] {logging_mixin.py:104} INFO - entrou no laço
[2021-04-07 02:47:57,758] {logging_mixin.py:104} INFO - Paginas:  100000
[2021-04-07 02:47:57,764] {logging_mixin.py:104} INFO - Contador:  67
[2021-04-07 02:47:57,764] {logging_mixin.py:104} INFO - Linhas:  330000
[2021-04-07 02:47:57,765] {logging_mixin.py:104} INFO - Colunas:  33
[2021-04-07 02:48:43,399] {logging_mixin.py:104} INFO - entrou no laço
[2021-04-07 02:48:43,400] {logging_mixin.py:104} INFO - Paginas:  100000
[2021-04-07 02:48:43,400] {logging_mixin.py:104} INFO - Contador:  68
[2021-04-07 02:48:43,401] {logging_mixin.py:104} INFO - Linhas:  335000
[2021-04-07 02:48:43,401] {logging_mixin.py:104} INFO - Colunas:  33
[2021-04-07 02:49:28,295] {logging_mixin.py:104} INFO - entrou no laço
[2021-04-07 02:49:28,296] {logging_mixin.py:104} INFO - Paginas:  100000
[2021-04-07 02:49:28,296] {logging_mixin.py:104} INFO - Contador:  69
[2021-04-07 02:49:28,296] {logging_mixin.py:104} INFO - Linhas:  340000
[2021-04-07 02:49:28,297] {logging_mixin.py:104} INFO - Colunas:  33
[2021-04-07 02:50:15,442] {logging_mixin.py:104} INFO - entrou no laço
[2021-04-07 02:50:15,443] {logging_mixin.py:104} INFO - Paginas:  100000
[2021-04-07 02:50:15,443] {logging_mixin.py:104} INFO - Contador:  70
[2021-04-07 02:50:15,443] {logging_mixin.py:104} INFO - Linhas:  345000
[2021-04-07 02:50:15,444] {logging_mixin.py:104} INFO - Colunas:  33
[2021-04-07 02:51:11,989] {logging_mixin.py:104} INFO - entrou no laço
[2021-04-07 02:51:11,992] {logging_mixin.py:104} INFO - Paginas:  100000
[2021-04-07 02:51:11,993] {logging_mixin.py:104} INFO - Contador:  71
[2021-04-07 02:51:11,994] {logging_mixin.py:104} INFO - Linhas:  350000
[2021-04-07 02:51:11,995] {logging_mixin.py:104} INFO - Colunas:  33
[2021-04-07 02:52:05,987] {logging_mixin.py:104} INFO - entrou no laço
[2021-04-07 02:52:05,994] {logging_mixin.py:104} INFO - Paginas:  100000
[2021-04-07 02:52:05,999] {logging_mixin.py:104} INFO - Contador:  72
[2021-04-07 02:52:06,006] {logging_mixin.py:104} INFO - Linhas:  355000
[2021-04-07 02:52:06,012] {logging_mixin.py:104} INFO - Colunas:  33
[2021-04-07 02:52:55,725] {logging_mixin.py:104} INFO - entrou no laço
[2021-04-07 02:52:55,726] {logging_mixin.py:104} INFO - Paginas:  100000
[2021-04-07 02:52:55,727] {logging_mixin.py:104} INFO - Contador:  73
[2021-04-07 02:52:55,727] {logging_mixin.py:104} INFO - Linhas:  360000
[2021-04-07 02:52:55,727] {logging_mixin.py:104} INFO - Colunas:  33
[2021-04-07 02:53:13,516] {logging_mixin.py:104} INFO - entrou no laço
[2021-04-07 02:53:13,534] {logging_mixin.py:104} INFO - Paginas:  100000
[2021-04-07 02:53:13,536] {logging_mixin.py:104} INFO - Contador:  74
[2021-04-07 02:53:13,545] {logging_mixin.py:104} INFO - Linhas:  365000
[2021-04-07 02:53:13,546] {logging_mixin.py:104} INFO - Colunas:  4
[2021-04-07 02:53:32,810] {logging_mixin.py:104} INFO - entrou no laço
[2021-04-07 02:53:32,810] {logging_mixin.py:104} INFO - Paginas:  100000
[2021-04-07 02:53:32,811] {logging_mixin.py:104} INFO - Contador:  75
[2021-04-07 02:53:32,812] {logging_mixin.py:104} INFO - Linhas:  370000
[2021-04-07 02:53:32,812] {logging_mixin.py:104} INFO - Colunas:  4
[2021-04-07 02:53:50,649] {logging_mixin.py:104} INFO - entrou no laço
[2021-04-07 02:53:50,650] {logging_mixin.py:104} INFO - Paginas:  100000
[2021-04-07 02:53:50,650] {logging_mixin.py:104} INFO - Contador:  76
[2021-04-07 02:53:50,650] {logging_mixin.py:104} INFO - Linhas:  375000
[2021-04-07 02:53:50,651] {logging_mixin.py:104} INFO - Colunas:  4
[2021-04-07 02:54:08,720] {logging_mixin.py:104} INFO - entrou no laço
[2021-04-07 02:54:08,733] {logging_mixin.py:104} INFO - Paginas:  100000
[2021-04-07 02:54:08,733] {logging_mixin.py:104} INFO - Contador:  77
[2021-04-07 02:54:08,733] {logging_mixin.py:104} INFO - Linhas:  380000
[2021-04-07 02:54:08,733] {logging_mixin.py:104} INFO - Colunas:  4
[2021-04-07 02:54:26,788] {logging_mixin.py:104} INFO - entrou no laço
[2021-04-07 02:54:26,789] {logging_mixin.py:104} INFO - Paginas:  100000
[2021-04-07 02:54:26,789] {logging_mixin.py:104} INFO - Contador:  78
[2021-04-07 02:54:26,790] {logging_mixin.py:104} INFO - Linhas:  385000
[2021-04-07 02:54:26,790] {logging_mixin.py:104} INFO - Colunas:  4
[2021-04-07 02:54:44,308] {logging_mixin.py:104} INFO - entrou no laço
[2021-04-07 02:54:44,311] {logging_mixin.py:104} INFO - Paginas:  100000
[2021-04-07 02:54:44,314] {logging_mixin.py:104} INFO - Contador:  79
[2021-04-07 02:54:44,316] {logging_mixin.py:104} INFO - Linhas:  390000
[2021-04-07 02:54:44,317] {logging_mixin.py:104} INFO - Colunas:  4
[2021-04-07 02:55:01,308] {logging_mixin.py:104} INFO - entrou no laço
[2021-04-07 02:55:01,309] {logging_mixin.py:104} INFO - Paginas:  100000
[2021-04-07 02:55:01,309] {logging_mixin.py:104} INFO - Contador:  80
[2021-04-07 02:55:01,310] {logging_mixin.py:104} INFO - Linhas:  395000
[2021-04-07 02:55:01,310] {logging_mixin.py:104} INFO - Colunas:  4
[2021-04-07 02:55:19,275] {logging_mixin.py:104} INFO - entrou no laço
[2021-04-07 02:55:19,277] {logging_mixin.py:104} INFO - Paginas:  100000
[2021-04-07 02:55:19,278] {logging_mixin.py:104} INFO - Contador:  81
[2021-04-07 02:55:19,278] {logging_mixin.py:104} INFO - Linhas:  400000
[2021-04-07 02:55:19,278] {logging_mixin.py:104} INFO - Colunas:  4
[2021-04-07 02:55:44,323] {logging_mixin.py:104} INFO - entrou no laço
[2021-04-07 02:55:44,324] {logging_mixin.py:104} INFO - Paginas:  100000
[2021-04-07 02:55:44,324] {logging_mixin.py:104} INFO - Contador:  82
[2021-04-07 02:55:44,324] {logging_mixin.py:104} INFO - Linhas:  405000
[2021-04-07 02:55:44,325] {logging_mixin.py:104} INFO - Colunas:  4
[2021-04-07 02:56:07,666] {logging_mixin.py:104} INFO - entrou no laço
[2021-04-07 02:56:07,667] {logging_mixin.py:104} INFO - Paginas:  100000
[2021-04-07 02:56:07,668] {logging_mixin.py:104} INFO - Contador:  83
[2021-04-07 02:56:07,669] {logging_mixin.py:104} INFO - Linhas:  410000
[2021-04-07 02:56:07,669] {logging_mixin.py:104} INFO - Colunas:  4
[2021-04-07 02:56:26,284] {logging_mixin.py:104} INFO - entrou no laço
[2021-04-07 02:56:26,286] {logging_mixin.py:104} INFO - Paginas:  100000
[2021-04-07 02:56:26,287] {logging_mixin.py:104} INFO - Contador:  84
[2021-04-07 02:56:26,288] {logging_mixin.py:104} INFO - Linhas:  415000
[2021-04-07 02:56:26,288] {logging_mixin.py:104} INFO - Colunas:  4
[2021-04-07 02:56:45,007] {logging_mixin.py:104} INFO - entrou no laço
[2021-04-07 02:56:45,019] {logging_mixin.py:104} INFO - Paginas:  100000
[2021-04-07 02:56:45,020] {logging_mixin.py:104} INFO - Contador:  85
[2021-04-07 02:56:45,020] {logging_mixin.py:104} INFO - Linhas:  420000
[2021-04-07 02:56:45,021] {logging_mixin.py:104} INFO - Colunas:  4
[2021-04-07 02:57:02,488] {logging_mixin.py:104} INFO - entrou no laço
[2021-04-07 02:57:02,490] {logging_mixin.py:104} INFO - Paginas:  100000
[2021-04-07 02:57:02,492] {logging_mixin.py:104} INFO - Contador:  86
[2021-04-07 02:57:02,493] {logging_mixin.py:104} INFO - Linhas:  425000
[2021-04-07 02:57:02,494] {logging_mixin.py:104} INFO - Colunas:  4
[2021-04-07 02:57:20,405] {logging_mixin.py:104} INFO - entrou no laço
[2021-04-07 02:57:20,412] {logging_mixin.py:104} INFO - Paginas:  100000
[2021-04-07 02:57:20,413] {logging_mixin.py:104} INFO - Contador:  87
[2021-04-07 02:57:20,413] {logging_mixin.py:104} INFO - Linhas:  430000
[2021-04-07 02:57:20,414] {logging_mixin.py:104} INFO - Colunas:  4
[2021-04-07 02:57:37,868] {logging_mixin.py:104} INFO - entrou no laço
[2021-04-07 02:57:37,872] {logging_mixin.py:104} INFO - Paginas:  100000
[2021-04-07 02:57:37,875] {logging_mixin.py:104} INFO - Contador:  88
[2021-04-07 02:57:37,876] {logging_mixin.py:104} INFO - Linhas:  435000
[2021-04-07 02:57:37,876] {logging_mixin.py:104} INFO - Colunas:  4
[2021-04-07 02:57:55,347] {logging_mixin.py:104} INFO - entrou no laço
[2021-04-07 02:57:55,348] {logging_mixin.py:104} INFO - Paginas:  100000
[2021-04-07 02:57:55,348] {logging_mixin.py:104} INFO - Contador:  89
[2021-04-07 02:57:55,349] {logging_mixin.py:104} INFO - Linhas:  440000
[2021-04-07 02:57:55,349] {logging_mixin.py:104} INFO - Colunas:  4
[2021-04-07 02:58:12,745] {logging_mixin.py:104} INFO - entrou no laço
[2021-04-07 02:58:12,747] {logging_mixin.py:104} INFO - Paginas:  100000
[2021-04-07 02:58:12,754] {logging_mixin.py:104} INFO - Contador:  90
[2021-04-07 02:58:12,755] {logging_mixin.py:104} INFO - Linhas:  445000
[2021-04-07 02:58:12,755] {logging_mixin.py:104} INFO - Colunas:  4
[2021-04-07 02:58:30,038] {logging_mixin.py:104} INFO - entrou no laço
[2021-04-07 02:58:30,039] {logging_mixin.py:104} INFO - Paginas:  100000
[2021-04-07 02:58:30,039] {logging_mixin.py:104} INFO - Contador:  91
[2021-04-07 02:58:30,040] {logging_mixin.py:104} INFO - Linhas:  450000
[2021-04-07 02:58:30,040] {logging_mixin.py:104} INFO - Colunas:  4
[2021-04-07 02:58:53,686] {logging_mixin.py:104} INFO - entrou no laço
[2021-04-07 02:58:53,689] {logging_mixin.py:104} INFO - Paginas:  100000
[2021-04-07 02:58:53,693] {logging_mixin.py:104} INFO - Contador:  92
[2021-04-07 02:58:53,694] {logging_mixin.py:104} INFO - Linhas:  455000
[2021-04-07 02:58:53,694] {logging_mixin.py:104} INFO - Colunas:  4
[2021-04-07 02:59:11,367] {logging_mixin.py:104} INFO - entrou no laço
[2021-04-07 02:59:11,368] {logging_mixin.py:104} INFO - Paginas:  100000
[2021-04-07 02:59:11,368] {logging_mixin.py:104} INFO - Contador:  93
[2021-04-07 02:59:11,368] {logging_mixin.py:104} INFO - Linhas:  460000
[2021-04-07 02:59:11,369] {logging_mixin.py:104} INFO - Colunas:  4
[2021-04-07 02:59:29,184] {logging_mixin.py:104} INFO - entrou no laço
[2021-04-07 02:59:29,185] {logging_mixin.py:104} INFO - Paginas:  100000
[2021-04-07 02:59:29,185] {logging_mixin.py:104} INFO - Contador:  94
[2021-04-07 02:59:29,185] {logging_mixin.py:104} INFO - Linhas:  465000
[2021-04-07 02:59:29,186] {logging_mixin.py:104} INFO - Colunas:  4
[2021-04-07 02:59:46,912] {logging_mixin.py:104} INFO - entrou no laço
[2021-04-07 02:59:46,914] {logging_mixin.py:104} INFO - Paginas:  100000
[2021-04-07 02:59:46,916] {logging_mixin.py:104} INFO - Contador:  95
[2021-04-07 02:59:46,916] {logging_mixin.py:104} INFO - Linhas:  470000
[2021-04-07 02:59:46,917] {logging_mixin.py:104} INFO - Colunas:  4
[2021-04-07 03:00:04,007] {logging_mixin.py:104} INFO - entrou no laço
[2021-04-07 03:00:04,008] {logging_mixin.py:104} INFO - Paginas:  100000
[2021-04-07 03:00:04,009] {logging_mixin.py:104} INFO - Contador:  96
[2021-04-07 03:00:04,011] {logging_mixin.py:104} INFO - Linhas:  475000
[2021-04-07 03:00:04,012] {logging_mixin.py:104} INFO - Colunas:  4
[2021-04-07 03:00:22,095] {logging_mixin.py:104} INFO - entrou no laço
[2021-04-07 03:00:22,096] {logging_mixin.py:104} INFO - Paginas:  100000
[2021-04-07 03:00:22,096] {logging_mixin.py:104} INFO - Contador:  97
[2021-04-07 03:00:22,097] {logging_mixin.py:104} INFO - Linhas:  480000
[2021-04-07 03:00:22,097] {logging_mixin.py:104} INFO - Colunas:  4
[2021-04-07 03:00:38,785] {logging_mixin.py:104} INFO - entrou no laço
[2021-04-07 03:00:38,786] {logging_mixin.py:104} INFO - Paginas:  100000
[2021-04-07 03:00:38,786] {logging_mixin.py:104} INFO - Contador:  98
[2021-04-07 03:00:38,787] {logging_mixin.py:104} INFO - Linhas:  485000
[2021-04-07 03:00:38,788] {logging_mixin.py:104} INFO - Colunas:  4
[2021-04-07 03:00:57,775] {logging_mixin.py:104} INFO - entrou no laço
[2021-04-07 03:00:57,776] {logging_mixin.py:104} INFO - Paginas:  100000
[2021-04-07 03:00:57,776] {logging_mixin.py:104} INFO - Contador:  99
[2021-04-07 03:00:57,776] {logging_mixin.py:104} INFO - Linhas:  490000
[2021-04-07 03:00:57,777] {logging_mixin.py:104} INFO - Colunas:  4
[2021-04-07 03:01:13,637] {logging_mixin.py:104} INFO - entrou no laço
[2021-04-07 03:01:13,638] {logging_mixin.py:104} INFO - Paginas:  100000
[2021-04-07 03:01:13,646] {logging_mixin.py:104} INFO - Contador:  100
[2021-04-07 03:01:13,648] {logging_mixin.py:104} INFO - Linhas:  495000
[2021-04-07 03:01:13,658] {logging_mixin.py:104} INFO - Colunas:  4
[2021-04-07 03:01:38,193] {logging_mixin.py:104} INFO - entrou no laço
[2021-04-07 03:01:38,196] {logging_mixin.py:104} INFO - Paginas:  100000
[2021-04-07 03:01:38,196] {logging_mixin.py:104} INFO - Contador:  101
[2021-04-07 03:01:38,197] {logging_mixin.py:104} INFO - Linhas:  500000
[2021-04-07 03:01:38,197] {logging_mixin.py:104} INFO - Colunas:  4
[2021-04-07 03:01:53,258] {logging_mixin.py:104} INFO - entrou no laço
[2021-04-07 03:01:53,264] {logging_mixin.py:104} INFO - Paginas:  100000
[2021-04-07 03:01:53,267] {logging_mixin.py:104} INFO - Contador:  102
[2021-04-07 03:01:53,271] {logging_mixin.py:104} INFO - Linhas:  505000
[2021-04-07 03:01:53,274] {logging_mixin.py:104} INFO - Colunas:  4
[2021-04-07 03:02:09,650] {logging_mixin.py:104} INFO - entrou no laço
[2021-04-07 03:02:09,651] {logging_mixin.py:104} INFO - Paginas:  100000
[2021-04-07 03:02:09,655] {logging_mixin.py:104} INFO - Contador:  103
[2021-04-07 03:02:09,656] {logging_mixin.py:104} INFO - Linhas:  510000
[2021-04-07 03:02:09,656] {logging_mixin.py:104} INFO - Colunas:  4
[2021-04-07 03:02:27,063] {logging_mixin.py:104} INFO - entrou no laço
[2021-04-07 03:02:27,067] {logging_mixin.py:104} INFO - Paginas:  100000
[2021-04-07 03:02:27,070] {logging_mixin.py:104} INFO - Contador:  104
[2021-04-07 03:02:27,070] {logging_mixin.py:104} INFO - Linhas:  515000
[2021-04-07 03:02:27,077] {logging_mixin.py:104} INFO - Colunas:  4
[2021-04-07 03:02:42,652] {logging_mixin.py:104} INFO - entrou no laço
[2021-04-07 03:02:42,653] {logging_mixin.py:104} INFO - Paginas:  100000
[2021-04-07 03:02:42,653] {logging_mixin.py:104} INFO - Contador:  105
[2021-04-07 03:02:42,654] {logging_mixin.py:104} INFO - Linhas:  520000
[2021-04-07 03:02:42,654] {logging_mixin.py:104} INFO - Colunas:  4
[2021-04-07 03:02:59,329] {logging_mixin.py:104} INFO - entrou no laço
[2021-04-07 03:02:59,329] {logging_mixin.py:104} INFO - Paginas:  100000
[2021-04-07 03:02:59,330] {logging_mixin.py:104} INFO - Contador:  106
[2021-04-07 03:02:59,330] {logging_mixin.py:104} INFO - Linhas:  525000
[2021-04-07 03:02:59,331] {logging_mixin.py:104} INFO - Colunas:  4
[2021-04-07 03:03:14,736] {logging_mixin.py:104} INFO - entrou no laço
[2021-04-07 03:03:14,745] {logging_mixin.py:104} INFO - Paginas:  100000
[2021-04-07 03:03:14,755] {logging_mixin.py:104} INFO - Contador:  107
[2021-04-07 03:03:14,756] {logging_mixin.py:104} INFO - Linhas:  530000
[2021-04-07 03:03:14,759] {logging_mixin.py:104} INFO - Colunas:  4
[2021-04-07 03:03:30,941] {logging_mixin.py:104} INFO - entrou no laço
[2021-04-07 03:03:30,945] {logging_mixin.py:104} INFO - Paginas:  100000
[2021-04-07 03:03:30,949] {logging_mixin.py:104} INFO - Contador:  108
[2021-04-07 03:03:30,951] {logging_mixin.py:104} INFO - Linhas:  535000
[2021-04-07 03:03:30,953] {logging_mixin.py:104} INFO - Colunas:  4
[2021-04-07 03:03:48,124] {logging_mixin.py:104} INFO - entrou no laço
[2021-04-07 03:03:48,127] {logging_mixin.py:104} INFO - Paginas:  100000
[2021-04-07 03:03:48,130] {logging_mixin.py:104} INFO - Contador:  109
[2021-04-07 03:03:48,136] {logging_mixin.py:104} INFO - Linhas:  540000
[2021-04-07 03:03:48,137] {logging_mixin.py:104} INFO - Colunas:  4
[2021-04-07 03:04:03,492] {logging_mixin.py:104} INFO - entrou no laço
[2021-04-07 03:04:03,495] {logging_mixin.py:104} INFO - Paginas:  100000
[2021-04-07 03:04:03,498] {logging_mixin.py:104} INFO - Contador:  110
[2021-04-07 03:04:03,500] {logging_mixin.py:104} INFO - Linhas:  545000
[2021-04-07 03:04:03,501] {logging_mixin.py:104} INFO - Colunas:  4
[2021-04-07 03:04:25,365] {logging_mixin.py:104} INFO - entrou no laço
[2021-04-07 03:04:25,368] {logging_mixin.py:104} INFO - Paginas:  100000
[2021-04-07 03:04:25,369] {logging_mixin.py:104} INFO - Contador:  111
[2021-04-07 03:04:25,372] {logging_mixin.py:104} INFO - Linhas:  550000
[2021-04-07 03:04:25,377] {logging_mixin.py:104} INFO - Colunas:  4
[2021-04-07 03:04:41,823] {logging_mixin.py:104} INFO - entrou no laço
[2021-04-07 03:04:41,824] {logging_mixin.py:104} INFO - Paginas:  100000
[2021-04-07 03:04:41,824] {logging_mixin.py:104} INFO - Contador:  112
[2021-04-07 03:04:41,824] {logging_mixin.py:104} INFO - Linhas:  555000
[2021-04-07 03:04:41,825] {logging_mixin.py:104} INFO - Colunas:  4
[2021-04-07 03:04:58,293] {logging_mixin.py:104} INFO - entrou no laço
[2021-04-07 03:04:58,296] {logging_mixin.py:104} INFO - Paginas:  100000
[2021-04-07 03:04:58,297] {logging_mixin.py:104} INFO - Contador:  113
[2021-04-07 03:04:58,298] {logging_mixin.py:104} INFO - Linhas:  560000
[2021-04-07 03:04:58,298] {logging_mixin.py:104} INFO - Colunas:  4
[2021-04-07 03:05:21,236] {logging_mixin.py:104} INFO - entrou no laço
[2021-04-07 03:05:21,241] {logging_mixin.py:104} INFO - Paginas:  100000
[2021-04-07 03:05:21,244] {logging_mixin.py:104} INFO - Contador:  114
[2021-04-07 03:05:21,245] {logging_mixin.py:104} INFO - Linhas:  565000
[2021-04-07 03:05:21,252] {logging_mixin.py:104} INFO - Colunas:  4
[2021-04-07 03:05:40,010] {logging_mixin.py:104} INFO - entrou no laço
[2021-04-07 03:05:40,011] {logging_mixin.py:104} INFO - Paginas:  100000
[2021-04-07 03:05:40,011] {logging_mixin.py:104} INFO - Contador:  115
[2021-04-07 03:05:40,011] {logging_mixin.py:104} INFO - Linhas:  570000
[2021-04-07 03:05:40,013] {logging_mixin.py:104} INFO - Colunas:  4
[2021-04-07 03:05:57,286] {logging_mixin.py:104} INFO - entrou no laço
[2021-04-07 03:05:57,287] {logging_mixin.py:104} INFO - Paginas:  100000
[2021-04-07 03:05:57,288] {logging_mixin.py:104} INFO - Contador:  116
[2021-04-07 03:05:57,290] {logging_mixin.py:104} INFO - Linhas:  575000
[2021-04-07 03:05:57,291] {logging_mixin.py:104} INFO - Colunas:  4
[2021-04-07 03:06:21,452] {logging_mixin.py:104} INFO - entrou no laço
[2021-04-07 03:06:21,460] {logging_mixin.py:104} INFO - Paginas:  100000
[2021-04-07 03:06:21,466] {logging_mixin.py:104} INFO - Contador:  117
[2021-04-07 03:06:21,467] {logging_mixin.py:104} INFO - Linhas:  580000
[2021-04-07 03:06:21,469] {logging_mixin.py:104} INFO - Colunas:  4
[2021-04-07 03:06:38,819] {logging_mixin.py:104} INFO - entrou no laço
[2021-04-07 03:06:38,820] {logging_mixin.py:104} INFO - Paginas:  100000
[2021-04-07 03:06:38,821] {logging_mixin.py:104} INFO - Contador:  118
[2021-04-07 03:06:38,823] {logging_mixin.py:104} INFO - Linhas:  585000
[2021-04-07 03:06:38,823] {logging_mixin.py:104} INFO - Colunas:  4
[2021-04-07 03:06:56,761] {logging_mixin.py:104} INFO - entrou no laço
[2021-04-07 03:06:56,771] {logging_mixin.py:104} INFO - Paginas:  100000
[2021-04-07 03:06:56,773] {logging_mixin.py:104} INFO - Contador:  119
[2021-04-07 03:06:56,776] {logging_mixin.py:104} INFO - Linhas:  590000
[2021-04-07 03:06:56,778] {logging_mixin.py:104} INFO - Colunas:  4
[2021-04-07 03:07:13,257] {logging_mixin.py:104} INFO - entrou no laço
[2021-04-07 03:07:13,258] {logging_mixin.py:104} INFO - Paginas:  100000
[2021-04-07 03:07:13,258] {logging_mixin.py:104} INFO - Contador:  120
[2021-04-07 03:07:13,259] {logging_mixin.py:104} INFO - Linhas:  595000
[2021-04-07 03:07:13,259] {logging_mixin.py:104} INFO - Colunas:  4
[2021-04-07 03:07:30,250] {logging_mixin.py:104} INFO - entrou no laço
[2021-04-07 03:07:30,253] {logging_mixin.py:104} INFO - Paginas:  100000
[2021-04-07 03:07:30,257] {logging_mixin.py:104} INFO - Contador:  121
[2021-04-07 03:07:30,260] {logging_mixin.py:104} INFO - Linhas:  600000
[2021-04-07 03:07:30,261] {logging_mixin.py:104} INFO - Colunas:  4
[2021-04-07 03:07:48,057] {logging_mixin.py:104} INFO - entrou no laço
[2021-04-07 03:07:48,061] {logging_mixin.py:104} INFO - Paginas:  100000
[2021-04-07 03:07:48,061] {logging_mixin.py:104} INFO - Contador:  122
[2021-04-07 03:07:48,062] {logging_mixin.py:104} INFO - Linhas:  605000
[2021-04-07 03:07:48,063] {logging_mixin.py:104} INFO - Colunas:  4
[2021-04-07 03:08:08,696] {logging_mixin.py:104} INFO - entrou no laço
[2021-04-07 03:08:08,702] {logging_mixin.py:104} INFO - Paginas:  100000
[2021-04-07 03:08:08,704] {logging_mixin.py:104} INFO - Contador:  123
[2021-04-07 03:08:08,716] {logging_mixin.py:104} INFO - Linhas:  610000
[2021-04-07 03:08:08,719] {logging_mixin.py:104} INFO - Colunas:  4
[2021-04-07 03:08:24,936] {logging_mixin.py:104} INFO - entrou no laço
[2021-04-07 03:08:24,940] {logging_mixin.py:104} INFO - Paginas:  100000
[2021-04-07 03:08:24,941] {logging_mixin.py:104} INFO - Contador:  124
[2021-04-07 03:08:24,953] {logging_mixin.py:104} INFO - Linhas:  615000
[2021-04-07 03:08:24,953] {logging_mixin.py:104} INFO - Colunas:  4
[2021-04-07 09:35:35,891] {local_task_job.py:188} WARNING - State of this instance has been externally set to failed. Terminating instance.
[2021-04-07 09:35:35,991] {process_utils.py:100} INFO - Sending Signals.SIGTERM to GPID 8057
[2021-04-07 09:35:35,995] {taskinstance.py:1239} ERROR - Received SIGTERM. Terminating subprocesses.
[2021-04-07 09:35:36,731] {process_utils.py:66} INFO - Process psutil.Process(pid=8057, status='terminated', exitcode=0, started='02:00:01') (8057) terminated with exit code 0
