[2021-04-07 12:59:14,524] {taskinstance.py:851} INFO - Dependencies all met for <TaskInstance: process_financials.process_data 2021-04-07T12:59:12.994413+00:00 [queued]>
[2021-04-07 12:59:14,624] {taskinstance.py:851} INFO - Dependencies all met for <TaskInstance: process_financials.process_data 2021-04-07T12:59:12.994413+00:00 [queued]>
[2021-04-07 12:59:14,627] {taskinstance.py:1042} INFO - 
--------------------------------------------------------------------------------
[2021-04-07 12:59:14,627] {taskinstance.py:1043} INFO - Starting attempt 1 of 2
[2021-04-07 12:59:14,627] {taskinstance.py:1044} INFO - 
--------------------------------------------------------------------------------
[2021-04-07 12:59:14,694] {taskinstance.py:1063} INFO - Executing <Task(PythonOperator): process_data> on 2021-04-07T12:59:12.994413+00:00
[2021-04-07 12:59:14,702] {standard_task_runner.py:52} INFO - Started process 24478 to run task
[2021-04-07 12:59:14,728] {standard_task_runner.py:76} INFO - Running: ['airflow', 'tasks', 'run', 'process_financials', 'process_data', '2021-04-07T12:59:12.994413+00:00', '--job-id', '43', '--pool', 'default_pool', '--raw', '--subdir', 'DAGS_FOLDER/learn_operators.py', '--cfg-path', '/tmp/tmpsvbd8_z1', '--error-file', '/tmp/tmpej5mgl7l']
[2021-04-07 12:59:14,735] {standard_task_runner.py:77} INFO - Job 43: Subtask process_data
[2021-04-07 12:59:14,861] {logging_mixin.py:104} INFO - Running <TaskInstance: process_financials.process_data 2021-04-07T12:59:12.994413+00:00 [running]> on host ce03b876977a
[2021-04-07 12:59:15,000] {taskinstance.py:1257} INFO - Exporting the following env vars:
AIRFLOW_CTX_DAG_EMAIL=ozbaya@airflow.com
AIRFLOW_CTX_DAG_OWNER=ozbaya
AIRFLOW_CTX_DAG_ID=process_financials
AIRFLOW_CTX_TASK_ID=process_data
AIRFLOW_CTX_EXECUTION_DATE=2021-04-07T12:59:12.994413+00:00
AIRFLOW_CTX_DAG_RUN_ID=manual__2021-04-07T12:59:12.994413+00:00
[2021-04-07 12:59:15,435] {python.py:118} INFO - Done. Returned value was: None
[2021-04-07 12:59:15,481] {taskinstance.py:1166} INFO - Marking task as SUCCESS. dag_id=process_financials, task_id=process_data, execution_date=20210407T125912, start_date=20210407T125914, end_date=20210407T125915
[2021-04-07 12:59:15,567] {taskinstance.py:1220} INFO - 1 downstream tasks scheduled from follow-on schedule check
[2021-04-07 12:59:15,578] {local_task_job.py:146} INFO - Task exited with return code 0
