[2021-04-07 03:26:00,962] {taskinstance.py:851} INFO - Dependencies all met for <TaskInstance: super_simple_dag.echo_exec_date 2021-04-06T03:25:23.074587+00:00 [queued]>
[2021-04-07 03:26:01,001] {taskinstance.py:851} INFO - Dependencies all met for <TaskInstance: super_simple_dag.echo_exec_date 2021-04-06T03:25:23.074587+00:00 [queued]>
[2021-04-07 03:26:01,003] {taskinstance.py:1042} INFO - 
--------------------------------------------------------------------------------
[2021-04-07 03:26:01,005] {taskinstance.py:1043} INFO - Starting attempt 1 of 1
[2021-04-07 03:26:01,005] {taskinstance.py:1044} INFO - 
--------------------------------------------------------------------------------
[2021-04-07 03:26:01,056] {taskinstance.py:1063} INFO - Executing <Task(BashOperator): echo_exec_date> on 2021-04-06T03:25:23.074587+00:00
[2021-04-07 03:26:01,060] {standard_task_runner.py:52} INFO - Started process 12759 to run task
[2021-04-07 03:26:01,071] {standard_task_runner.py:76} INFO - Running: ['airflow', 'tasks', 'run', 'super_simple_dag', 'echo_exec_date', '2021-04-06T03:25:23.074587+00:00', '--job-id', '25', '--pool', 'default_pool', '--raw', '--subdir', 'DAGS_FOLDER/learn_dags.py', '--cfg-path', '/tmp/tmpel0q7y7x', '--error-file', '/tmp/tmp9j7n16a9']
[2021-04-07 03:26:01,078] {standard_task_runner.py:77} INFO - Job 25: Subtask echo_exec_date
[2021-04-07 03:26:01,160] {logging_mixin.py:104} INFO - Running <TaskInstance: super_simple_dag.echo_exec_date 2021-04-06T03:25:23.074587+00:00 [running]> on host ce03b876977a
[2021-04-07 03:26:01,240] {taskinstance.py:1257} INFO - Exporting the following env vars:
AIRFLOW_CTX_DAG_OWNER=airflow
AIRFLOW_CTX_DAG_ID=super_simple_dag
AIRFLOW_CTX_TASK_ID=echo_exec_date
AIRFLOW_CTX_EXECUTION_DATE=2021-04-06T03:25:23.074587+00:00
AIRFLOW_CTX_DAG_RUN_ID=scheduled__2021-04-06T03:25:23.074587+00:00
[2021-04-07 03:26:01,242] {bash.py:135} INFO - Tmp dir root location: 
 /tmp
[2021-04-07 03:26:01,244] {bash.py:158} INFO - Running command: echo execution date: 2021-04-06T03:25:23.074587+00:00
[2021-04-07 03:26:01,254] {bash.py:169} INFO - Output:
[2021-04-07 03:26:01,260] {bash.py:173} INFO - execution date: 2021-04-06T03:25:23.074587+00:00
[2021-04-07 03:26:01,263] {bash.py:177} INFO - Command exited with return code 0
[2021-04-07 03:26:01,355] {taskinstance.py:1166} INFO - Marking task as SUCCESS. dag_id=super_simple_dag, task_id=echo_exec_date, execution_date=20210406T032523, start_date=20210407T032600, end_date=20210407T032601
[2021-04-07 03:26:01,471] {taskinstance.py:1220} INFO - 0 downstream tasks scheduled from follow-on schedule check
[2021-04-07 03:26:01,495] {local_task_job.py:146} INFO - Task exited with return code 0
