[2021-04-07 12:00:01,268] {taskinstance.py:851} INFO - Dependencies all met for <TaskInstance: trata_relatorios.popula_relatorios 2021-04-07T10:00:00+00:00 [queued]>
[2021-04-07 12:00:01,361] {taskinstance.py:851} INFO - Dependencies all met for <TaskInstance: trata_relatorios.popula_relatorios 2021-04-07T10:00:00+00:00 [queued]>
[2021-04-07 12:00:01,363] {taskinstance.py:1042} INFO - 
--------------------------------------------------------------------------------
[2021-04-07 12:00:01,364] {taskinstance.py:1043} INFO - Starting attempt 1 of 1
[2021-04-07 12:00:01,364] {taskinstance.py:1044} INFO - 
--------------------------------------------------------------------------------
[2021-04-07 12:00:01,402] {taskinstance.py:1063} INFO - Executing <Task(PythonOperator): popula_relatorios> on 2021-04-07T10:00:00+00:00
[2021-04-07 12:00:01,425] {standard_task_runner.py:52} INFO - Started process 21255 to run task
[2021-04-07 12:00:01,434] {standard_task_runner.py:76} INFO - Running: ['airflow', 'tasks', 'run', 'trata_relatorios', 'popula_relatorios', '2021-04-07T10:00:00+00:00', '--job-id', '37', '--pool', 'default_pool', '--raw', '--subdir', 'DAGS_FOLDER/etl_chamados.py', '--cfg-path', '/tmp/tmpvormn7vi', '--error-file', '/tmp/tmppuckmq1v']
[2021-04-07 12:00:01,453] {standard_task_runner.py:77} INFO - Job 37: Subtask popula_relatorios
[2021-04-07 12:00:01,571] {logging_mixin.py:104} INFO - Running <TaskInstance: trata_relatorios.popula_relatorios 2021-04-07T10:00:00+00:00 [running]> on host ce03b876977a
[2021-04-07 12:00:01,750] {taskinstance.py:1257} INFO - Exporting the following env vars:
AIRFLOW_CTX_DAG_EMAIL=clecio.antao@gmail.com
AIRFLOW_CTX_DAG_OWNER=airflow
AIRFLOW_CTX_DAG_ID=trata_relatorios
AIRFLOW_CTX_TASK_ID=popula_relatorios
AIRFLOW_CTX_EXECUTION_DATE=2021-04-07T10:00:00+00:00
AIRFLOW_CTX_DAG_RUN_ID=scheduled__2021-04-07T10:00:00+00:00
[2021-04-07 12:00:18,788] {logging_mixin.py:104} INFO - Total de linhas:  5000
[2021-04-07 12:00:18,792] {logging_mixin.py:104} INFO - dGVjYmFu#c5629e2bc9dfc97c56b94483725da417e8de5110
[2021-04-07 12:00:18,793] {logging_mixin.py:104} INFO - entrou no laço
[2021-04-07 12:00:18,794] {logging_mixin.py:104} INFO - Paginas:  100000
[2021-04-07 12:00:18,794] {logging_mixin.py:104} INFO - Contador:  1
[2021-04-07 12:00:18,794] {logging_mixin.py:104} INFO - Linhas:  0
[2021-04-07 12:00:18,794] {logging_mixin.py:104} INFO - Colunas:  33
[2021-04-07 12:00:56,191] {logging_mixin.py:104} INFO - entrou no laço
[2021-04-07 12:00:56,193] {logging_mixin.py:104} INFO - Paginas:  100000
[2021-04-07 12:00:56,194] {logging_mixin.py:104} INFO - Contador:  2
[2021-04-07 12:00:56,194] {logging_mixin.py:104} INFO - Linhas:  5000
[2021-04-07 12:00:56,194] {logging_mixin.py:104} INFO - Colunas:  33
[2021-04-07 12:01:36,026] {logging_mixin.py:104} INFO - entrou no laço
[2021-04-07 12:01:36,027] {logging_mixin.py:104} INFO - Paginas:  100000
[2021-04-07 12:01:36,027] {logging_mixin.py:104} INFO - Contador:  3
[2021-04-07 12:01:36,028] {logging_mixin.py:104} INFO - Linhas:  10000
[2021-04-07 12:01:36,029] {logging_mixin.py:104} INFO - Colunas:  33
[2021-04-07 12:02:19,949] {logging_mixin.py:104} INFO - entrou no laço
[2021-04-07 12:02:19,951] {logging_mixin.py:104} INFO - Paginas:  100000
[2021-04-07 12:02:19,951] {logging_mixin.py:104} INFO - Contador:  4
[2021-04-07 12:02:19,952] {logging_mixin.py:104} INFO - Linhas:  15000
[2021-04-07 12:02:19,953] {logging_mixin.py:104} INFO - Colunas:  33
[2021-04-07 12:02:59,316] {logging_mixin.py:104} INFO - entrou no laço
[2021-04-07 12:02:59,318] {logging_mixin.py:104} INFO - Paginas:  100000
[2021-04-07 12:02:59,319] {logging_mixin.py:104} INFO - Contador:  5
[2021-04-07 12:02:59,319] {logging_mixin.py:104} INFO - Linhas:  20000
[2021-04-07 12:02:59,320] {logging_mixin.py:104} INFO - Colunas:  33
[2021-04-07 12:03:34,543] {logging_mixin.py:104} INFO - entrou no laço
[2021-04-07 12:03:34,549] {logging_mixin.py:104} INFO - Paginas:  100000
[2021-04-07 12:03:34,550] {logging_mixin.py:104} INFO - Contador:  6
[2021-04-07 12:03:34,551] {logging_mixin.py:104} INFO - Linhas:  25000
[2021-04-07 12:03:34,551] {logging_mixin.py:104} INFO - Colunas:  33
[2021-04-07 12:04:14,522] {logging_mixin.py:104} INFO - entrou no laço
[2021-04-07 12:04:14,528] {logging_mixin.py:104} INFO - Paginas:  100000
[2021-04-07 12:04:14,529] {logging_mixin.py:104} INFO - Contador:  7
[2021-04-07 12:04:14,530] {logging_mixin.py:104} INFO - Linhas:  30000
[2021-04-07 12:04:14,530] {logging_mixin.py:104} INFO - Colunas:  33
[2021-04-07 12:04:54,042] {logging_mixin.py:104} INFO - entrou no laço
[2021-04-07 12:04:54,055] {logging_mixin.py:104} INFO - Paginas:  100000
[2021-04-07 12:04:54,056] {logging_mixin.py:104} INFO - Contador:  8
[2021-04-07 12:04:54,057] {logging_mixin.py:104} INFO - Linhas:  35000
[2021-04-07 12:04:54,057] {logging_mixin.py:104} INFO - Colunas:  33
[2021-04-07 12:05:32,158] {logging_mixin.py:104} INFO - entrou no laço
[2021-04-07 12:05:32,160] {logging_mixin.py:104} INFO - Paginas:  100000
[2021-04-07 12:05:32,161] {logging_mixin.py:104} INFO - Contador:  9
[2021-04-07 12:05:32,162] {logging_mixin.py:104} INFO - Linhas:  40000
[2021-04-07 12:05:32,162] {logging_mixin.py:104} INFO - Colunas:  33
[2021-04-07 12:06:12,017] {logging_mixin.py:104} INFO - entrou no laço
[2021-04-07 12:06:12,019] {logging_mixin.py:104} INFO - Paginas:  100000
[2021-04-07 12:06:12,020] {logging_mixin.py:104} INFO - Contador:  10
[2021-04-07 12:06:12,020] {logging_mixin.py:104} INFO - Linhas:  45000
[2021-04-07 12:06:12,021] {logging_mixin.py:104} INFO - Colunas:  33
[2021-04-07 12:06:50,404] {logging_mixin.py:104} INFO - entrou no laço
[2021-04-07 12:06:50,406] {logging_mixin.py:104} INFO - Paginas:  100000
[2021-04-07 12:06:50,406] {logging_mixin.py:104} INFO - Contador:  11
[2021-04-07 12:06:50,407] {logging_mixin.py:104} INFO - Linhas:  50000
[2021-04-07 12:06:50,407] {logging_mixin.py:104} INFO - Colunas:  33
[2021-04-07 12:07:30,278] {logging_mixin.py:104} INFO - entrou no laço
[2021-04-07 12:07:30,281] {logging_mixin.py:104} INFO - Paginas:  100000
[2021-04-07 12:07:30,281] {logging_mixin.py:104} INFO - Contador:  12
[2021-04-07 12:07:30,281] {logging_mixin.py:104} INFO - Linhas:  55000
[2021-04-07 12:07:30,281] {logging_mixin.py:104} INFO - Colunas:  33
[2021-04-07 12:08:06,849] {logging_mixin.py:104} INFO - entrou no laço
[2021-04-07 12:08:06,851] {logging_mixin.py:104} INFO - Paginas:  100000
[2021-04-07 12:08:06,852] {logging_mixin.py:104} INFO - Contador:  13
[2021-04-07 12:08:06,852] {logging_mixin.py:104} INFO - Linhas:  60000
[2021-04-07 12:08:06,852] {logging_mixin.py:104} INFO - Colunas:  33
[2021-04-07 12:08:40,981] {logging_mixin.py:104} INFO - entrou no laço
[2021-04-07 12:08:40,996] {logging_mixin.py:104} INFO - Paginas:  100000
[2021-04-07 12:08:40,997] {logging_mixin.py:104} INFO - Contador:  14
[2021-04-07 12:08:40,997] {logging_mixin.py:104} INFO - Linhas:  65000
[2021-04-07 12:08:40,997] {logging_mixin.py:104} INFO - Colunas:  33
[2021-04-07 12:09:14,883] {logging_mixin.py:104} INFO - entrou no laço
[2021-04-07 12:09:14,885] {logging_mixin.py:104} INFO - Paginas:  100000
[2021-04-07 12:09:14,885] {logging_mixin.py:104} INFO - Contador:  15
[2021-04-07 12:09:14,886] {logging_mixin.py:104} INFO - Linhas:  70000
[2021-04-07 12:09:14,887] {logging_mixin.py:104} INFO - Colunas:  33
[2021-04-07 12:09:54,717] {logging_mixin.py:104} INFO - entrou no laço
[2021-04-07 12:09:54,719] {logging_mixin.py:104} INFO - Paginas:  100000
[2021-04-07 12:09:54,719] {logging_mixin.py:104} INFO - Contador:  16
[2021-04-07 12:09:54,720] {logging_mixin.py:104} INFO - Linhas:  75000
[2021-04-07 12:09:54,720] {logging_mixin.py:104} INFO - Colunas:  33
[2021-04-07 12:10:31,708] {logging_mixin.py:104} INFO - entrou no laço
[2021-04-07 12:10:31,710] {logging_mixin.py:104} INFO - Paginas:  100000
[2021-04-07 12:10:31,710] {logging_mixin.py:104} INFO - Contador:  17
[2021-04-07 12:10:31,711] {logging_mixin.py:104} INFO - Linhas:  80000
[2021-04-07 12:10:31,711] {logging_mixin.py:104} INFO - Colunas:  33
[2021-04-07 12:11:07,338] {logging_mixin.py:104} INFO - entrou no laço
[2021-04-07 12:11:07,341] {logging_mixin.py:104} INFO - Paginas:  100000
[2021-04-07 12:11:07,341] {logging_mixin.py:104} INFO - Contador:  18
[2021-04-07 12:11:07,341] {logging_mixin.py:104} INFO - Linhas:  85000
[2021-04-07 12:11:07,343] {logging_mixin.py:104} INFO - Colunas:  33
[2021-04-07 12:11:45,285] {logging_mixin.py:104} INFO - entrou no laço
[2021-04-07 12:11:45,285] {logging_mixin.py:104} INFO - Paginas:  100000
[2021-04-07 12:11:45,285] {logging_mixin.py:104} INFO - Contador:  19
[2021-04-07 12:11:45,285] {logging_mixin.py:104} INFO - Linhas:  90000
[2021-04-07 12:11:45,285] {logging_mixin.py:104} INFO - Colunas:  33
[2021-04-07 12:12:21,550] {logging_mixin.py:104} INFO - entrou no laço
[2021-04-07 12:12:21,552] {logging_mixin.py:104} INFO - Paginas:  100000
[2021-04-07 12:12:21,553] {logging_mixin.py:104} INFO - Contador:  20
[2021-04-07 12:12:21,553] {logging_mixin.py:104} INFO - Linhas:  95000
[2021-04-07 12:12:21,553] {logging_mixin.py:104} INFO - Colunas:  33
[2021-04-07 12:13:00,454] {logging_mixin.py:104} INFO - entrou no laço
[2021-04-07 12:13:00,456] {logging_mixin.py:104} INFO - Paginas:  100000
[2021-04-07 12:13:00,457] {logging_mixin.py:104} INFO - Contador:  21
[2021-04-07 12:13:00,457] {logging_mixin.py:104} INFO - Linhas:  100000
[2021-04-07 12:13:00,457] {logging_mixin.py:104} INFO - Colunas:  33
[2021-04-07 12:13:36,532] {logging_mixin.py:104} INFO - entrou no laço
[2021-04-07 12:13:36,535] {logging_mixin.py:104} INFO - Paginas:  100000
[2021-04-07 12:13:36,536] {logging_mixin.py:104} INFO - Contador:  22
[2021-04-07 12:13:36,536] {logging_mixin.py:104} INFO - Linhas:  105000
[2021-04-07 12:13:36,537] {logging_mixin.py:104} INFO - Colunas:  33
[2021-04-07 12:14:13,894] {logging_mixin.py:104} INFO - entrou no laço
[2021-04-07 12:14:13,896] {logging_mixin.py:104} INFO - Paginas:  100000
[2021-04-07 12:14:13,897] {logging_mixin.py:104} INFO - Contador:  23
[2021-04-07 12:14:13,897] {logging_mixin.py:104} INFO - Linhas:  110000
[2021-04-07 12:14:13,898] {logging_mixin.py:104} INFO - Colunas:  33
[2021-04-07 12:14:48,521] {logging_mixin.py:104} INFO - entrou no laço
[2021-04-07 12:14:48,522] {logging_mixin.py:104} INFO - Paginas:  100000
[2021-04-07 12:14:48,523] {logging_mixin.py:104} INFO - Contador:  24
[2021-04-07 12:14:48,524] {logging_mixin.py:104} INFO - Linhas:  115000
[2021-04-07 12:14:48,524] {logging_mixin.py:104} INFO - Colunas:  33
[2021-04-07 12:15:27,541] {logging_mixin.py:104} INFO - entrou no laço
[2021-04-07 12:15:27,548] {logging_mixin.py:104} INFO - Paginas:  100000
[2021-04-07 12:15:27,549] {logging_mixin.py:104} INFO - Contador:  25
[2021-04-07 12:15:27,550] {logging_mixin.py:104} INFO - Linhas:  120000
[2021-04-07 12:15:27,550] {logging_mixin.py:104} INFO - Colunas:  33
[2021-04-07 12:16:05,426] {logging_mixin.py:104} INFO - entrou no laço
[2021-04-07 12:16:05,428] {logging_mixin.py:104} INFO - Paginas:  100000
[2021-04-07 12:16:05,429] {logging_mixin.py:104} INFO - Contador:  26
[2021-04-07 12:16:05,429] {logging_mixin.py:104} INFO - Linhas:  125000
[2021-04-07 12:16:05,430] {logging_mixin.py:104} INFO - Colunas:  33
[2021-04-07 12:16:43,170] {logging_mixin.py:104} INFO - entrou no laço
[2021-04-07 12:16:43,173] {logging_mixin.py:104} INFO - Paginas:  100000
[2021-04-07 12:16:43,173] {logging_mixin.py:104} INFO - Contador:  27
[2021-04-07 12:16:43,173] {logging_mixin.py:104} INFO - Linhas:  130000
[2021-04-07 12:16:43,173] {logging_mixin.py:104} INFO - Colunas:  33
[2021-04-07 12:17:17,894] {logging_mixin.py:104} INFO - entrou no laço
[2021-04-07 12:17:17,907] {logging_mixin.py:104} INFO - Paginas:  100000
[2021-04-07 12:17:17,908] {logging_mixin.py:104} INFO - Contador:  28
[2021-04-07 12:17:17,908] {logging_mixin.py:104} INFO - Linhas:  135000
[2021-04-07 12:17:17,909] {logging_mixin.py:104} INFO - Colunas:  33
[2021-04-07 12:17:53,464] {logging_mixin.py:104} INFO - entrou no laço
[2021-04-07 12:17:53,467] {logging_mixin.py:104} INFO - Paginas:  100000
[2021-04-07 12:17:53,467] {logging_mixin.py:104} INFO - Contador:  29
[2021-04-07 12:17:53,468] {logging_mixin.py:104} INFO - Linhas:  140000
[2021-04-07 12:17:53,468] {logging_mixin.py:104} INFO - Colunas:  33
[2021-04-07 12:18:31,810] {logging_mixin.py:104} INFO - entrou no laço
[2021-04-07 12:18:31,817] {logging_mixin.py:104} INFO - Paginas:  100000
[2021-04-07 12:18:31,819] {logging_mixin.py:104} INFO - Contador:  30
[2021-04-07 12:18:31,819] {logging_mixin.py:104} INFO - Linhas:  145000
[2021-04-07 12:18:31,819] {logging_mixin.py:104} INFO - Colunas:  33
[2021-04-07 12:19:09,488] {logging_mixin.py:104} INFO - entrou no laço
[2021-04-07 12:19:09,489] {logging_mixin.py:104} INFO - Paginas:  100000
[2021-04-07 12:19:09,490] {logging_mixin.py:104} INFO - Contador:  31
[2021-04-07 12:19:09,491] {logging_mixin.py:104} INFO - Linhas:  150000
[2021-04-07 12:19:09,491] {logging_mixin.py:104} INFO - Colunas:  33
[2021-04-07 12:19:48,524] {logging_mixin.py:104} INFO - entrou no laço
[2021-04-07 12:19:48,525] {logging_mixin.py:104} INFO - Paginas:  100000
[2021-04-07 12:19:48,526] {logging_mixin.py:104} INFO - Contador:  32
[2021-04-07 12:19:48,527] {logging_mixin.py:104} INFO - Linhas:  155000
[2021-04-07 12:19:48,527] {logging_mixin.py:104} INFO - Colunas:  33
[2021-04-07 12:20:25,886] {logging_mixin.py:104} INFO - entrou no laço
[2021-04-07 12:20:25,895] {logging_mixin.py:104} INFO - Paginas:  100000
[2021-04-07 12:20:25,896] {logging_mixin.py:104} INFO - Contador:  33
[2021-04-07 12:20:25,897] {logging_mixin.py:104} INFO - Linhas:  160000
[2021-04-07 12:20:25,897] {logging_mixin.py:104} INFO - Colunas:  33
[2021-04-07 12:21:07,798] {logging_mixin.py:104} INFO - entrou no laço
[2021-04-07 12:21:07,800] {logging_mixin.py:104} INFO - Paginas:  100000
[2021-04-07 12:21:07,801] {logging_mixin.py:104} INFO - Contador:  34
[2021-04-07 12:21:07,811] {logging_mixin.py:104} INFO - Linhas:  165000
[2021-04-07 12:21:07,812] {logging_mixin.py:104} INFO - Colunas:  33
[2021-04-07 12:21:49,976] {logging_mixin.py:104} INFO - entrou no laço
[2021-04-07 12:21:49,978] {logging_mixin.py:104} INFO - Paginas:  100000
[2021-04-07 12:21:49,979] {logging_mixin.py:104} INFO - Contador:  35
[2021-04-07 12:21:49,980] {logging_mixin.py:104} INFO - Linhas:  170000
[2021-04-07 12:21:49,980] {logging_mixin.py:104} INFO - Colunas:  33
[2021-04-07 12:22:34,421] {logging_mixin.py:104} INFO - entrou no laço
[2021-04-07 12:22:34,423] {logging_mixin.py:104} INFO - Paginas:  100000
[2021-04-07 12:22:34,423] {logging_mixin.py:104} INFO - Contador:  36
[2021-04-07 12:22:34,424] {logging_mixin.py:104} INFO - Linhas:  175000
[2021-04-07 12:22:34,424] {logging_mixin.py:104} INFO - Colunas:  33
[2021-04-07 12:23:17,849] {logging_mixin.py:104} INFO - entrou no laço
[2021-04-07 12:23:17,850] {logging_mixin.py:104} INFO - Paginas:  100000
[2021-04-07 12:23:17,850] {logging_mixin.py:104} INFO - Contador:  37
[2021-04-07 12:23:17,850] {logging_mixin.py:104} INFO - Linhas:  180000
[2021-04-07 12:23:17,851] {logging_mixin.py:104} INFO - Colunas:  33
[2021-04-07 12:23:59,832] {logging_mixin.py:104} INFO - entrou no laço
[2021-04-07 12:23:59,833] {logging_mixin.py:104} INFO - Paginas:  100000
[2021-04-07 12:23:59,834] {logging_mixin.py:104} INFO - Contador:  38
[2021-04-07 12:23:59,834] {logging_mixin.py:104} INFO - Linhas:  185000
[2021-04-07 12:23:59,834] {logging_mixin.py:104} INFO - Colunas:  33
[2021-04-07 12:24:39,325] {logging_mixin.py:104} INFO - entrou no laço
[2021-04-07 12:24:39,327] {logging_mixin.py:104} INFO - Paginas:  100000
[2021-04-07 12:24:39,330] {logging_mixin.py:104} INFO - Contador:  39
[2021-04-07 12:24:39,330] {logging_mixin.py:104} INFO - Linhas:  190000
[2021-04-07 12:24:39,331] {logging_mixin.py:104} INFO - Colunas:  33
[2021-04-07 12:25:18,946] {logging_mixin.py:104} INFO - entrou no laço
[2021-04-07 12:25:18,946] {logging_mixin.py:104} INFO - Paginas:  100000
[2021-04-07 12:25:18,947] {logging_mixin.py:104} INFO - Contador:  40
[2021-04-07 12:25:18,947] {logging_mixin.py:104} INFO - Linhas:  195000
[2021-04-07 12:25:18,947] {logging_mixin.py:104} INFO - Colunas:  33
[2021-04-07 12:26:01,416] {logging_mixin.py:104} INFO - entrou no laço
[2021-04-07 12:26:01,419] {logging_mixin.py:104} INFO - Paginas:  100000
[2021-04-07 12:26:01,429] {logging_mixin.py:104} INFO - Contador:  41
[2021-04-07 12:26:01,429] {logging_mixin.py:104} INFO - Linhas:  200000
[2021-04-07 12:26:01,429] {logging_mixin.py:104} INFO - Colunas:  33
[2021-04-07 12:26:43,745] {logging_mixin.py:104} INFO - entrou no laço
[2021-04-07 12:26:43,747] {logging_mixin.py:104} INFO - Paginas:  100000
[2021-04-07 12:26:43,750] {logging_mixin.py:104} INFO - Contador:  42
[2021-04-07 12:26:43,751] {logging_mixin.py:104} INFO - Linhas:  205000
[2021-04-07 12:26:43,752] {logging_mixin.py:104} INFO - Colunas:  33
[2021-04-07 12:27:28,615] {logging_mixin.py:104} INFO - entrou no laço
[2021-04-07 12:27:28,616] {logging_mixin.py:104} INFO - Paginas:  100000
[2021-04-07 12:27:28,616] {logging_mixin.py:104} INFO - Contador:  43
[2021-04-07 12:27:28,616] {logging_mixin.py:104} INFO - Linhas:  210000
[2021-04-07 12:27:28,617] {logging_mixin.py:104} INFO - Colunas:  33
[2021-04-07 12:28:12,903] {logging_mixin.py:104} INFO - entrou no laço
[2021-04-07 12:28:12,907] {logging_mixin.py:104} INFO - Paginas:  100000
[2021-04-07 12:28:12,908] {logging_mixin.py:104} INFO - Contador:  44
[2021-04-07 12:28:12,909] {logging_mixin.py:104} INFO - Linhas:  215000
[2021-04-07 12:28:12,912] {logging_mixin.py:104} INFO - Colunas:  33
[2021-04-07 12:28:53,196] {logging_mixin.py:104} INFO - entrou no laço
[2021-04-07 12:28:53,198] {logging_mixin.py:104} INFO - Paginas:  100000
[2021-04-07 12:28:53,198] {logging_mixin.py:104} INFO - Contador:  45
[2021-04-07 12:28:53,198] {logging_mixin.py:104} INFO - Linhas:  220000
[2021-04-07 12:28:53,199] {logging_mixin.py:104} INFO - Colunas:  33
[2021-04-07 12:29:32,684] {logging_mixin.py:104} INFO - entrou no laço
[2021-04-07 12:29:32,685] {logging_mixin.py:104} INFO - Paginas:  100000
[2021-04-07 12:29:32,686] {logging_mixin.py:104} INFO - Contador:  46
[2021-04-07 12:29:32,686] {logging_mixin.py:104} INFO - Linhas:  225000
[2021-04-07 12:29:32,686] {logging_mixin.py:104} INFO - Colunas:  33
[2021-04-07 12:30:15,724] {logging_mixin.py:104} INFO - entrou no laço
[2021-04-07 12:30:15,725] {logging_mixin.py:104} INFO - Paginas:  100000
[2021-04-07 12:30:15,726] {logging_mixin.py:104} INFO - Contador:  47
[2021-04-07 12:30:15,726] {logging_mixin.py:104} INFO - Linhas:  230000
[2021-04-07 12:30:15,727] {logging_mixin.py:104} INFO - Colunas:  33
[2021-04-07 12:30:59,861] {logging_mixin.py:104} INFO - entrou no laço
[2021-04-07 12:30:59,863] {logging_mixin.py:104} INFO - Paginas:  100000
[2021-04-07 12:30:59,863] {logging_mixin.py:104} INFO - Contador:  48
[2021-04-07 12:30:59,864] {logging_mixin.py:104} INFO - Linhas:  235000
[2021-04-07 12:30:59,864] {logging_mixin.py:104} INFO - Colunas:  33
[2021-04-07 12:31:40,454] {logging_mixin.py:104} INFO - entrou no laço
[2021-04-07 12:31:40,455] {logging_mixin.py:104} INFO - Paginas:  100000
[2021-04-07 12:31:40,455] {logging_mixin.py:104} INFO - Contador:  49
[2021-04-07 12:31:40,456] {logging_mixin.py:104} INFO - Linhas:  240000
[2021-04-07 12:31:40,456] {logging_mixin.py:104} INFO - Colunas:  33
[2021-04-07 12:32:24,738] {logging_mixin.py:104} INFO - entrou no laço
[2021-04-07 12:32:24,739] {logging_mixin.py:104} INFO - Paginas:  100000
[2021-04-07 12:32:24,739] {logging_mixin.py:104} INFO - Contador:  50
[2021-04-07 12:32:24,739] {logging_mixin.py:104} INFO - Linhas:  245000
[2021-04-07 12:32:24,739] {logging_mixin.py:104} INFO - Colunas:  33
[2021-04-07 12:33:09,820] {logging_mixin.py:104} INFO - entrou no laço
[2021-04-07 12:33:09,827] {logging_mixin.py:104} INFO - Paginas:  100000
[2021-04-07 12:33:09,827] {logging_mixin.py:104} INFO - Contador:  51
[2021-04-07 12:33:09,827] {logging_mixin.py:104} INFO - Linhas:  250000
[2021-04-07 12:33:09,828] {logging_mixin.py:104} INFO - Colunas:  33
[2021-04-07 12:33:54,536] {logging_mixin.py:104} INFO - entrou no laço
[2021-04-07 12:33:54,540] {logging_mixin.py:104} INFO - Paginas:  100000
[2021-04-07 12:33:54,540] {logging_mixin.py:104} INFO - Contador:  52
[2021-04-07 12:33:54,541] {logging_mixin.py:104} INFO - Linhas:  255000
[2021-04-07 12:33:54,541] {logging_mixin.py:104} INFO - Colunas:  33
[2021-04-07 12:34:35,549] {logging_mixin.py:104} INFO - entrou no laço
[2021-04-07 12:34:35,549] {logging_mixin.py:104} INFO - Paginas:  100000
[2021-04-07 12:34:35,550] {logging_mixin.py:104} INFO - Contador:  53
[2021-04-07 12:34:35,550] {logging_mixin.py:104} INFO - Linhas:  260000
[2021-04-07 12:34:35,550] {logging_mixin.py:104} INFO - Colunas:  33
[2021-04-07 12:35:16,123] {logging_mixin.py:104} INFO - entrou no laço
[2021-04-07 12:35:16,124] {logging_mixin.py:104} INFO - Paginas:  100000
[2021-04-07 12:35:16,124] {logging_mixin.py:104} INFO - Contador:  54
[2021-04-07 12:35:16,124] {logging_mixin.py:104} INFO - Linhas:  265000
[2021-04-07 12:35:16,124] {logging_mixin.py:104} INFO - Colunas:  33
[2021-04-07 12:36:01,466] {logging_mixin.py:104} INFO - entrou no laço
[2021-04-07 12:36:01,467] {logging_mixin.py:104} INFO - Paginas:  100000
[2021-04-07 12:36:01,467] {logging_mixin.py:104} INFO - Contador:  55
[2021-04-07 12:36:01,468] {logging_mixin.py:104} INFO - Linhas:  270000
[2021-04-07 12:36:01,468] {logging_mixin.py:104} INFO - Colunas:  33
[2021-04-07 12:36:48,896] {logging_mixin.py:104} INFO - entrou no laço
[2021-04-07 12:36:48,904] {logging_mixin.py:104} INFO - Paginas:  100000
[2021-04-07 12:36:48,905] {logging_mixin.py:104} INFO - Contador:  56
[2021-04-07 12:36:48,906] {logging_mixin.py:104} INFO - Linhas:  275000
[2021-04-07 12:36:48,906] {logging_mixin.py:104} INFO - Colunas:  33
[2021-04-07 12:37:32,661] {logging_mixin.py:104} INFO - entrou no laço
[2021-04-07 12:37:32,662] {logging_mixin.py:104} INFO - Paginas:  100000
[2021-04-07 12:37:32,662] {logging_mixin.py:104} INFO - Contador:  57
[2021-04-07 12:37:32,662] {logging_mixin.py:104} INFO - Linhas:  280000
[2021-04-07 12:37:32,662] {logging_mixin.py:104} INFO - Colunas:  33
[2021-04-07 12:38:14,669] {logging_mixin.py:104} INFO - entrou no laço
[2021-04-07 12:38:14,671] {logging_mixin.py:104} INFO - Paginas:  100000
[2021-04-07 12:38:14,671] {logging_mixin.py:104} INFO - Contador:  58
[2021-04-07 12:38:14,672] {logging_mixin.py:104} INFO - Linhas:  285000
[2021-04-07 12:38:14,680] {logging_mixin.py:104} INFO - Colunas:  33
[2021-04-07 12:38:58,645] {logging_mixin.py:104} INFO - entrou no laço
[2021-04-07 12:38:58,645] {logging_mixin.py:104} INFO - Paginas:  100000
[2021-04-07 12:38:58,646] {logging_mixin.py:104} INFO - Contador:  59
[2021-04-07 12:38:58,646] {logging_mixin.py:104} INFO - Linhas:  290000
[2021-04-07 12:38:58,646] {logging_mixin.py:104} INFO - Colunas:  33
[2021-04-07 12:39:42,220] {logging_mixin.py:104} INFO - entrou no laço
[2021-04-07 12:39:42,223] {logging_mixin.py:104} INFO - Paginas:  100000
[2021-04-07 12:39:42,223] {logging_mixin.py:104} INFO - Contador:  60
[2021-04-07 12:39:42,223] {logging_mixin.py:104} INFO - Linhas:  295000
[2021-04-07 12:39:42,224] {logging_mixin.py:104} INFO - Colunas:  33
