[2021-04-07 10:22:20,860] {taskinstance.py:851} INFO - Dependencies all met for <TaskInstance: process_financials.process_data 2021-04-07T10:22:16.643544+00:00 [queued]>
[2021-04-07 10:22:21,027] {taskinstance.py:851} INFO - Dependencies all met for <TaskInstance: process_financials.process_data 2021-04-07T10:22:16.643544+00:00 [queued]>
[2021-04-07 10:22:21,047] {taskinstance.py:1042} INFO - 
--------------------------------------------------------------------------------
[2021-04-07 10:22:21,049] {taskinstance.py:1043} INFO - Starting attempt 1 of 2
[2021-04-07 10:22:21,049] {taskinstance.py:1044} INFO - 
--------------------------------------------------------------------------------
[2021-04-07 10:22:21,179] {taskinstance.py:1063} INFO - Executing <Task(PythonOperator): process_data> on 2021-04-07T10:22:16.643544+00:00
[2021-04-07 10:22:21,184] {standard_task_runner.py:52} INFO - Started process 15914 to run task
[2021-04-07 10:22:21,222] {standard_task_runner.py:76} INFO - Running: ['airflow', 'tasks', 'run', 'process_financials', 'process_data', '2021-04-07T10:22:16.643544+00:00', '--job-id', '35', '--pool', 'default_pool', '--raw', '--subdir', 'DAGS_FOLDER/learn_operators.py', '--cfg-path', '/tmp/tmp52glltem', '--error-file', '/tmp/tmp8znwikd9']
[2021-04-07 10:22:21,267] {standard_task_runner.py:77} INFO - Job 35: Subtask process_data
[2021-04-07 10:22:21,634] {logging_mixin.py:104} INFO - Running <TaskInstance: process_financials.process_data 2021-04-07T10:22:16.643544+00:00 [running]> on host ce03b876977a
[2021-04-07 10:22:21,998] {taskinstance.py:1257} INFO - Exporting the following env vars:
AIRFLOW_CTX_DAG_EMAIL=ozbaya@airflow.com
AIRFLOW_CTX_DAG_OWNER=ozbaya
AIRFLOW_CTX_DAG_ID=process_financials
AIRFLOW_CTX_TASK_ID=process_data
AIRFLOW_CTX_EXECUTION_DATE=2021-04-07T10:22:16.643544+00:00
AIRFLOW_CTX_DAG_RUN_ID=manual__2021-04-07T10:22:16.643544+00:00
[2021-04-07 10:22:24,148] {python.py:118} INFO - Done. Returned value was: None
[2021-04-07 10:22:24,216] {taskinstance.py:1166} INFO - Marking task as SUCCESS. dag_id=process_financials, task_id=process_data, execution_date=20210407T102216, start_date=20210407T102220, end_date=20210407T102224
[2021-04-07 10:22:25,282] {taskinstance.py:1220} INFO - 1 downstream tasks scheduled from follow-on schedule check
[2021-04-07 10:22:25,316] {local_task_job.py:146} INFO - Task exited with return code 0
