[2021-04-07 12:58:14,764] {taskinstance.py:851} INFO - Dependencies all met for <TaskInstance: process_financials.print_done 2021-04-07T12:58:11.437093+00:00 [queued]>
[2021-04-07 12:58:14,819] {taskinstance.py:851} INFO - Dependencies all met for <TaskInstance: process_financials.print_done 2021-04-07T12:58:11.437093+00:00 [queued]>
[2021-04-07 12:58:14,824] {taskinstance.py:1042} INFO - 
--------------------------------------------------------------------------------
[2021-04-07 12:58:14,825] {taskinstance.py:1043} INFO - Starting attempt 1 of 2
[2021-04-07 12:58:14,825] {taskinstance.py:1044} INFO - 
--------------------------------------------------------------------------------
[2021-04-07 12:58:14,920] {taskinstance.py:1063} INFO - Executing <Task(BashOperator): print_done> on 2021-04-07T12:58:11.437093+00:00
[2021-04-07 12:58:14,925] {standard_task_runner.py:52} INFO - Started process 24416 to run task
[2021-04-07 12:58:14,933] {standard_task_runner.py:76} INFO - Running: ['airflow', 'tasks', 'run', 'process_financials', 'print_done', '2021-04-07T12:58:11.437093+00:00', '--job-id', '40', '--pool', 'default_pool', '--raw', '--subdir', 'DAGS_FOLDER/learn_operators.py', '--cfg-path', '/tmp/tmp_frcnn30', '--error-file', '/tmp/tmpaf43ndwb']
[2021-04-07 12:58:14,938] {standard_task_runner.py:77} INFO - Job 40: Subtask print_done
[2021-04-07 12:58:15,026] {logging_mixin.py:104} INFO - Running <TaskInstance: process_financials.print_done 2021-04-07T12:58:11.437093+00:00 [running]> on host ce03b876977a
[2021-04-07 12:58:15,135] {taskinstance.py:1257} INFO - Exporting the following env vars:
AIRFLOW_CTX_DAG_EMAIL=ozbaya@airflow.com
AIRFLOW_CTX_DAG_OWNER=ozbaya
AIRFLOW_CTX_DAG_ID=process_financials
AIRFLOW_CTX_TASK_ID=print_done
AIRFLOW_CTX_EXECUTION_DATE=2021-04-07T12:58:11.437093+00:00
AIRFLOW_CTX_DAG_RUN_ID=manual__2021-04-07T12:58:11.437093+00:00
[2021-04-07 12:58:15,136] {bash.py:135} INFO - Tmp dir root location: 
 /tmp
[2021-04-07 12:58:15,138] {bash.py:158} INFO - Running command: echo Done!
[2021-04-07 12:58:15,149] {bash.py:169} INFO - Output:
[2021-04-07 12:58:15,152] {bash.py:173} INFO - Done!
[2021-04-07 12:58:15,153] {bash.py:177} INFO - Command exited with return code 0
[2021-04-07 12:58:15,251] {taskinstance.py:1166} INFO - Marking task as SUCCESS. dag_id=process_financials, task_id=print_done, execution_date=20210407T125811, start_date=20210407T125814, end_date=20210407T125815
[2021-04-07 12:58:15,357] {taskinstance.py:1220} INFO - 0 downstream tasks scheduled from follow-on schedule check
[2021-04-07 12:58:15,392] {local_task_job.py:146} INFO - Task exited with return code 0
