[2021-04-07 03:37:13,989] {taskinstance.py:851} INFO - Dependencies all met for <TaskInstance: super_simple_dag_v2.print_date2 2021-04-06T03:36:40.935221+00:00 [queued]>
[2021-04-07 03:37:14,239] {taskinstance.py:851} INFO - Dependencies all met for <TaskInstance: super_simple_dag_v2.print_date2 2021-04-06T03:36:40.935221+00:00 [queued]>
[2021-04-07 03:37:14,240] {taskinstance.py:1042} INFO - 
--------------------------------------------------------------------------------
[2021-04-07 03:37:14,243] {taskinstance.py:1043} INFO - Starting attempt 1 of 1
[2021-04-07 03:37:14,243] {taskinstance.py:1044} INFO - 
--------------------------------------------------------------------------------
[2021-04-07 03:37:14,425] {taskinstance.py:1063} INFO - Executing <Task(BashOperator): print_date2> on 2021-04-06T03:36:40.935221+00:00
[2021-04-07 03:37:14,431] {standard_task_runner.py:52} INFO - Started process 13366 to run task
[2021-04-07 03:37:14,449] {standard_task_runner.py:76} INFO - Running: ['airflow', 'tasks', 'run', 'super_simple_dag_v2', 'print_date2', '2021-04-06T03:36:40.935221+00:00', '--job-id', '27', '--pool', 'default_pool', '--raw', '--subdir', 'DAGS_FOLDER/learn_dags.py', '--cfg-path', '/tmp/tmp00_npl96', '--error-file', '/tmp/tmpxck_yvks']
[2021-04-07 03:37:14,603] {standard_task_runner.py:77} INFO - Job 27: Subtask print_date2
[2021-04-07 03:37:15,457] {logging_mixin.py:104} INFO - Running <TaskInstance: super_simple_dag_v2.print_date2 2021-04-06T03:36:40.935221+00:00 [running]> on host ce03b876977a
[2021-04-07 03:37:15,829] {taskinstance.py:1257} INFO - Exporting the following env vars:
AIRFLOW_CTX_DAG_OWNER=airflow
AIRFLOW_CTX_DAG_ID=super_simple_dag_v2
AIRFLOW_CTX_TASK_ID=print_date2
AIRFLOW_CTX_EXECUTION_DATE=2021-04-06T03:36:40.935221+00:00
AIRFLOW_CTX_DAG_RUN_ID=scheduled__2021-04-06T03:36:40.935221+00:00
[2021-04-07 03:37:15,832] {bash.py:135} INFO - Tmp dir root location: 
 /tmp
[2021-04-07 03:37:15,847] {bash.py:158} INFO - Running command: date
[2021-04-07 03:37:15,975] {bash.py:169} INFO - Output:
[2021-04-07 03:37:15,989] {bash.py:173} INFO - Wed Apr  7 03:37:15 UTC 2021
[2021-04-07 03:37:16,000] {bash.py:177} INFO - Command exited with return code 0
[2021-04-07 03:37:16,530] {taskinstance.py:1166} INFO - Marking task as SUCCESS. dag_id=super_simple_dag_v2, task_id=print_date2, execution_date=20210406T033640, start_date=20210407T033714, end_date=20210407T033716
[2021-04-07 03:37:18,728] {taskinstance.py:1220} INFO - 1 downstream tasks scheduled from follow-on schedule check
[2021-04-07 03:37:18,739] {local_task_job.py:146} INFO - Task exited with return code 0
