[2021-04-07 03:25:51,189] {taskinstance.py:851} INFO - Dependencies all met for <TaskInstance: super_simple_dag.print_date1 2021-04-06T03:25:23.074587+00:00 [queued]>
[2021-04-07 03:25:51,243] {taskinstance.py:851} INFO - Dependencies all met for <TaskInstance: super_simple_dag.print_date1 2021-04-06T03:25:23.074587+00:00 [queued]>
[2021-04-07 03:25:51,248] {taskinstance.py:1042} INFO - 
--------------------------------------------------------------------------------
[2021-04-07 03:25:51,248] {taskinstance.py:1043} INFO - Starting attempt 1 of 1
[2021-04-07 03:25:51,248] {taskinstance.py:1044} INFO - 
--------------------------------------------------------------------------------
[2021-04-07 03:25:51,297] {taskinstance.py:1063} INFO - Executing <Task(BashOperator): print_date1> on 2021-04-06T03:25:23.074587+00:00
[2021-04-07 03:25:51,309] {standard_task_runner.py:52} INFO - Started process 12735 to run task
[2021-04-07 03:25:51,316] {standard_task_runner.py:76} INFO - Running: ['airflow', 'tasks', 'run', 'super_simple_dag', 'print_date1', '2021-04-06T03:25:23.074587+00:00', '--job-id', '22', '--pool', 'default_pool', '--raw', '--subdir', 'DAGS_FOLDER/learn_dags.py', '--cfg-path', '/tmp/tmppsbgki5t', '--error-file', '/tmp/tmphzjvewej']
[2021-04-07 03:25:51,324] {standard_task_runner.py:77} INFO - Job 22: Subtask print_date1
[2021-04-07 03:25:51,391] {logging_mixin.py:104} INFO - Running <TaskInstance: super_simple_dag.print_date1 2021-04-06T03:25:23.074587+00:00 [running]> on host ce03b876977a
[2021-04-07 03:25:51,472] {taskinstance.py:1257} INFO - Exporting the following env vars:
AIRFLOW_CTX_DAG_OWNER=airflow
AIRFLOW_CTX_DAG_ID=super_simple_dag
AIRFLOW_CTX_TASK_ID=print_date1
AIRFLOW_CTX_EXECUTION_DATE=2021-04-06T03:25:23.074587+00:00
AIRFLOW_CTX_DAG_RUN_ID=scheduled__2021-04-06T03:25:23.074587+00:00
[2021-04-07 03:25:51,476] {bash.py:135} INFO - Tmp dir root location: 
 /tmp
[2021-04-07 03:25:51,477] {bash.py:158} INFO - Running command: date
[2021-04-07 03:25:51,501] {bash.py:169} INFO - Output:
[2021-04-07 03:25:51,543] {bash.py:173} INFO - Wed Apr  7 03:25:51 UTC 2021
[2021-04-07 03:25:51,544] {bash.py:177} INFO - Command exited with return code 0
[2021-04-07 03:25:51,632] {taskinstance.py:1166} INFO - Marking task as SUCCESS. dag_id=super_simple_dag, task_id=print_date1, execution_date=20210406T032523, start_date=20210407T032551, end_date=20210407T032551
[2021-04-07 03:25:51,753] {taskinstance.py:1220} INFO - 1 downstream tasks scheduled from follow-on schedule check
[2021-04-07 03:25:51,775] {local_task_job.py:146} INFO - Task exited with return code 0
