[2021-04-07 03:37:22,427] {taskinstance.py:851} INFO - Dependencies all met for <TaskInstance: super_simple_dag_v2.sleep2 2021-04-06T03:36:40.935221+00:00 [queued]>
[2021-04-07 03:37:23,044] {taskinstance.py:851} INFO - Dependencies all met for <TaskInstance: super_simple_dag_v2.sleep2 2021-04-06T03:36:40.935221+00:00 [queued]>
[2021-04-07 03:37:23,047] {taskinstance.py:1042} INFO - 
--------------------------------------------------------------------------------
[2021-04-07 03:37:23,052] {taskinstance.py:1043} INFO - Starting attempt 1 of 4
[2021-04-07 03:37:23,052] {taskinstance.py:1044} INFO - 
--------------------------------------------------------------------------------
[2021-04-07 03:37:23,310] {taskinstance.py:1063} INFO - Executing <Task(BashOperator): sleep2> on 2021-04-06T03:36:40.935221+00:00
[2021-04-07 03:37:23,315] {standard_task_runner.py:52} INFO - Started process 13374 to run task
[2021-04-07 03:37:23,349] {standard_task_runner.py:76} INFO - Running: ['airflow', 'tasks', 'run', 'super_simple_dag_v2', 'sleep2', '2021-04-06T03:36:40.935221+00:00', '--job-id', '28', '--pool', 'default_pool', '--raw', '--subdir', 'DAGS_FOLDER/learn_dags.py', '--cfg-path', '/tmp/tmproh8hgek', '--error-file', '/tmp/tmpepg7z9tu']
[2021-04-07 03:37:23,359] {standard_task_runner.py:77} INFO - Job 28: Subtask sleep2
[2021-04-07 03:37:23,580] {logging_mixin.py:104} INFO - Running <TaskInstance: super_simple_dag_v2.sleep2 2021-04-06T03:36:40.935221+00:00 [running]> on host ce03b876977a
[2021-04-07 03:37:23,952] {taskinstance.py:1257} INFO - Exporting the following env vars:
AIRFLOW_CTX_DAG_OWNER=airflow
AIRFLOW_CTX_DAG_ID=super_simple_dag_v2
AIRFLOW_CTX_TASK_ID=sleep2
AIRFLOW_CTX_EXECUTION_DATE=2021-04-06T03:36:40.935221+00:00
AIRFLOW_CTX_DAG_RUN_ID=scheduled__2021-04-06T03:36:40.935221+00:00
[2021-04-07 03:37:23,971] {bash.py:135} INFO - Tmp dir root location: 
 /tmp
[2021-04-07 03:37:23,984] {bash.py:158} INFO - Running command: sleep 5
[2021-04-07 03:37:24,129] {bash.py:169} INFO - Output:
[2021-04-07 03:37:29,251] {bash.py:177} INFO - Command exited with return code 0
[2021-04-07 03:37:29,794] {taskinstance.py:1166} INFO - Marking task as SUCCESS. dag_id=super_simple_dag_v2, task_id=sleep2, execution_date=20210406T033640, start_date=20210407T033722, end_date=20210407T033729
[2021-04-07 03:37:30,210] {taskinstance.py:1220} INFO - 1 downstream tasks scheduled from follow-on schedule check
[2021-04-07 03:37:30,258] {local_task_job.py:146} INFO - Task exited with return code 0
