[2021-04-07 03:37:31,933] {taskinstance.py:851} INFO - Dependencies all met for <TaskInstance: super_simple_dag_v2.print_done2 2021-04-06T03:36:40.935221+00:00 [queued]>
[2021-04-07 03:37:32,021] {taskinstance.py:851} INFO - Dependencies all met for <TaskInstance: super_simple_dag_v2.print_done2 2021-04-06T03:36:40.935221+00:00 [queued]>
[2021-04-07 03:37:32,022] {taskinstance.py:1042} INFO - 
--------------------------------------------------------------------------------
[2021-04-07 03:37:32,023] {taskinstance.py:1043} INFO - Starting attempt 1 of 1
[2021-04-07 03:37:32,023] {taskinstance.py:1044} INFO - 
--------------------------------------------------------------------------------
[2021-04-07 03:37:32,167] {taskinstance.py:1063} INFO - Executing <Task(BashOperator): print_done2> on 2021-04-06T03:36:40.935221+00:00
[2021-04-07 03:37:32,174] {standard_task_runner.py:52} INFO - Started process 13394 to run task
[2021-04-07 03:37:32,187] {standard_task_runner.py:76} INFO - Running: ['airflow', 'tasks', 'run', 'super_simple_dag_v2', 'print_done2', '2021-04-06T03:36:40.935221+00:00', '--job-id', '29', '--pool', 'default_pool', '--raw', '--subdir', 'DAGS_FOLDER/learn_dags.py', '--cfg-path', '/tmp/tmpojeuyj46', '--error-file', '/tmp/tmpx3retx80']
[2021-04-07 03:37:32,195] {standard_task_runner.py:77} INFO - Job 29: Subtask print_done2
[2021-04-07 03:37:32,404] {logging_mixin.py:104} INFO - Running <TaskInstance: super_simple_dag_v2.print_done2 2021-04-06T03:36:40.935221+00:00 [running]> on host ce03b876977a
[2021-04-07 03:37:32,574] {taskinstance.py:1257} INFO - Exporting the following env vars:
AIRFLOW_CTX_DAG_OWNER=airflow
AIRFLOW_CTX_DAG_ID=super_simple_dag_v2
AIRFLOW_CTX_TASK_ID=print_done2
AIRFLOW_CTX_EXECUTION_DATE=2021-04-06T03:36:40.935221+00:00
AIRFLOW_CTX_DAG_RUN_ID=scheduled__2021-04-06T03:36:40.935221+00:00
[2021-04-07 03:37:32,581] {bash.py:135} INFO - Tmp dir root location: 
 /tmp
[2021-04-07 03:37:32,583] {bash.py:158} INFO - Running command: echo Done 2!
[2021-04-07 03:37:32,601] {bash.py:169} INFO - Output:
[2021-04-07 03:37:32,612] {bash.py:173} INFO - Done 2!
[2021-04-07 03:37:32,614] {bash.py:177} INFO - Command exited with return code 0
[2021-04-07 03:37:32,955] {taskinstance.py:1166} INFO - Marking task as SUCCESS. dag_id=super_simple_dag_v2, task_id=print_done2, execution_date=20210406T033640, start_date=20210407T033731, end_date=20210407T033732
[2021-04-07 03:37:33,410] {taskinstance.py:1220} INFO - 1 downstream tasks scheduled from follow-on schedule check
[2021-04-07 03:37:33,456] {local_task_job.py:146} INFO - Task exited with return code 0
