[2021-04-07 03:25:53,310] {taskinstance.py:851} INFO - Dependencies all met for <TaskInstance: super_simple_dag.sleep1 2021-04-06T03:25:23.074587+00:00 [queued]>
[2021-04-07 03:25:53,378] {taskinstance.py:851} INFO - Dependencies all met for <TaskInstance: super_simple_dag.sleep1 2021-04-06T03:25:23.074587+00:00 [queued]>
[2021-04-07 03:25:53,380] {taskinstance.py:1042} INFO - 
--------------------------------------------------------------------------------
[2021-04-07 03:25:53,381] {taskinstance.py:1043} INFO - Starting attempt 1 of 4
[2021-04-07 03:25:53,382] {taskinstance.py:1044} INFO - 
--------------------------------------------------------------------------------
[2021-04-07 03:25:53,452] {taskinstance.py:1063} INFO - Executing <Task(BashOperator): sleep1> on 2021-04-06T03:25:23.074587+00:00
[2021-04-07 03:25:53,482] {standard_task_runner.py:52} INFO - Started process 12738 to run task
[2021-04-07 03:25:53,498] {standard_task_runner.py:76} INFO - Running: ['airflow', 'tasks', 'run', 'super_simple_dag', 'sleep1', '2021-04-06T03:25:23.074587+00:00', '--job-id', '23', '--pool', 'default_pool', '--raw', '--subdir', 'DAGS_FOLDER/learn_dags.py', '--cfg-path', '/tmp/tmp0o18mybq', '--error-file', '/tmp/tmpzi_tjlmt']
[2021-04-07 03:25:53,513] {standard_task_runner.py:77} INFO - Job 23: Subtask sleep1
[2021-04-07 03:25:53,646] {logging_mixin.py:104} INFO - Running <TaskInstance: super_simple_dag.sleep1 2021-04-06T03:25:23.074587+00:00 [running]> on host ce03b876977a
[2021-04-07 03:25:53,838] {taskinstance.py:1257} INFO - Exporting the following env vars:
AIRFLOW_CTX_DAG_OWNER=airflow
AIRFLOW_CTX_DAG_ID=super_simple_dag
AIRFLOW_CTX_TASK_ID=sleep1
AIRFLOW_CTX_EXECUTION_DATE=2021-04-06T03:25:23.074587+00:00
AIRFLOW_CTX_DAG_RUN_ID=scheduled__2021-04-06T03:25:23.074587+00:00
[2021-04-07 03:25:53,839] {bash.py:135} INFO - Tmp dir root location: 
 /tmp
[2021-04-07 03:25:53,855] {bash.py:158} INFO - Running command: sleep 5
[2021-04-07 03:25:53,902] {bash.py:169} INFO - Output:
[2021-04-07 03:25:58,997] {bash.py:177} INFO - Command exited with return code 0
[2021-04-07 03:25:59,105] {taskinstance.py:1166} INFO - Marking task as SUCCESS. dag_id=super_simple_dag, task_id=sleep1, execution_date=20210406T032523, start_date=20210407T032553, end_date=20210407T032559
[2021-04-07 03:25:59,196] {taskinstance.py:1220} INFO - 1 downstream tasks scheduled from follow-on schedule check
[2021-04-07 03:25:59,213] {local_task_job.py:146} INFO - Task exited with return code 0
