[2021-04-07 10:22:30,333] {taskinstance.py:851} INFO - Dependencies all met for <TaskInstance: process_financials.print_done 2021-04-07T10:22:16.643544+00:00 [queued]>
[2021-04-07 10:22:30,518] {taskinstance.py:851} INFO - Dependencies all met for <TaskInstance: process_financials.print_done 2021-04-07T10:22:16.643544+00:00 [queued]>
[2021-04-07 10:22:30,522] {taskinstance.py:1042} INFO - 
--------------------------------------------------------------------------------
[2021-04-07 10:22:30,523] {taskinstance.py:1043} INFO - Starting attempt 1 of 2
[2021-04-07 10:22:30,524] {taskinstance.py:1044} INFO - 
--------------------------------------------------------------------------------
[2021-04-07 10:22:30,661] {taskinstance.py:1063} INFO - Executing <Task(BashOperator): print_done> on 2021-04-07T10:22:16.643544+00:00
[2021-04-07 10:22:30,667] {standard_task_runner.py:52} INFO - Started process 15930 to run task
[2021-04-07 10:22:30,692] {standard_task_runner.py:76} INFO - Running: ['airflow', 'tasks', 'run', 'process_financials', 'print_done', '2021-04-07T10:22:16.643544+00:00', '--job-id', '36', '--pool', 'default_pool', '--raw', '--subdir', 'DAGS_FOLDER/learn_operators.py', '--cfg-path', '/tmp/tmprpz782io', '--error-file', '/tmp/tmpcmfrtp4c']
[2021-04-07 10:22:30,759] {standard_task_runner.py:77} INFO - Job 36: Subtask print_done
[2021-04-07 10:22:31,144] {logging_mixin.py:104} INFO - Running <TaskInstance: process_financials.print_done 2021-04-07T10:22:16.643544+00:00 [running]> on host ce03b876977a
[2021-04-07 10:22:31,580] {taskinstance.py:1257} INFO - Exporting the following env vars:
AIRFLOW_CTX_DAG_EMAIL=ozbaya@airflow.com
AIRFLOW_CTX_DAG_OWNER=ozbaya
AIRFLOW_CTX_DAG_ID=process_financials
AIRFLOW_CTX_TASK_ID=print_done
AIRFLOW_CTX_EXECUTION_DATE=2021-04-07T10:22:16.643544+00:00
AIRFLOW_CTX_DAG_RUN_ID=manual__2021-04-07T10:22:16.643544+00:00
[2021-04-07 10:22:31,608] {bash.py:135} INFO - Tmp dir root location: 
 /tmp
[2021-04-07 10:22:31,615] {bash.py:158} INFO - Running command: echo Done!
[2021-04-07 10:22:31,718] {bash.py:169} INFO - Output:
[2021-04-07 10:22:31,756] {bash.py:173} INFO - Done!
[2021-04-07 10:22:31,760] {bash.py:177} INFO - Command exited with return code 0
[2021-04-07 10:22:31,924] {taskinstance.py:1166} INFO - Marking task as SUCCESS. dag_id=process_financials, task_id=print_done, execution_date=20210407T102216, start_date=20210407T102230, end_date=20210407T102231
[2021-04-07 10:22:32,117] {taskinstance.py:1220} INFO - 0 downstream tasks scheduled from follow-on schedule check
[2021-04-07 10:22:32,148] {local_task_job.py:146} INFO - Task exited with return code 0
