[2021-04-07 12:58:13,105] {taskinstance.py:851} INFO - Dependencies all met for <TaskInstance: process_financials.process_data 2021-04-07T12:58:11.437093+00:00 [queued]>
[2021-04-07 12:58:13,167] {taskinstance.py:851} INFO - Dependencies all met for <TaskInstance: process_financials.process_data 2021-04-07T12:58:11.437093+00:00 [queued]>
[2021-04-07 12:58:13,172] {taskinstance.py:1042} INFO - 
--------------------------------------------------------------------------------
[2021-04-07 12:58:13,173] {taskinstance.py:1043} INFO - Starting attempt 1 of 2
[2021-04-07 12:58:13,174] {taskinstance.py:1044} INFO - 
--------------------------------------------------------------------------------
[2021-04-07 12:58:13,278] {taskinstance.py:1063} INFO - Executing <Task(PythonOperator): process_data> on 2021-04-07T12:58:11.437093+00:00
[2021-04-07 12:58:13,284] {standard_task_runner.py:52} INFO - Started process 24414 to run task
[2021-04-07 12:58:13,303] {standard_task_runner.py:76} INFO - Running: ['airflow', 'tasks', 'run', 'process_financials', 'process_data', '2021-04-07T12:58:11.437093+00:00', '--job-id', '39', '--pool', 'default_pool', '--raw', '--subdir', 'DAGS_FOLDER/learn_operators.py', '--cfg-path', '/tmp/tmpkf9o_fuv', '--error-file', '/tmp/tmp9er_dfkb']
[2021-04-07 12:58:13,306] {standard_task_runner.py:77} INFO - Job 39: Subtask process_data
[2021-04-07 12:58:13,404] {logging_mixin.py:104} INFO - Running <TaskInstance: process_financials.process_data 2021-04-07T12:58:11.437093+00:00 [running]> on host ce03b876977a
[2021-04-07 12:58:13,504] {taskinstance.py:1257} INFO - Exporting the following env vars:
AIRFLOW_CTX_DAG_EMAIL=ozbaya@airflow.com
AIRFLOW_CTX_DAG_OWNER=ozbaya
AIRFLOW_CTX_DAG_ID=process_financials
AIRFLOW_CTX_TASK_ID=process_data
AIRFLOW_CTX_EXECUTION_DATE=2021-04-07T12:58:11.437093+00:00
AIRFLOW_CTX_DAG_RUN_ID=manual__2021-04-07T12:58:11.437093+00:00
[2021-04-07 12:58:13,784] {python.py:118} INFO - Done. Returned value was: None
[2021-04-07 12:58:13,817] {taskinstance.py:1166} INFO - Marking task as SUCCESS. dag_id=process_financials, task_id=process_data, execution_date=20210407T125811, start_date=20210407T125813, end_date=20210407T125813
[2021-04-07 12:58:13,900] {taskinstance.py:1220} INFO - 1 downstream tasks scheduled from follow-on schedule check
[2021-04-07 12:58:13,929] {local_task_job.py:146} INFO - Task exited with return code 0
