[2021-04-07 12:59:16,875] {taskinstance.py:851} INFO - Dependencies all met for <TaskInstance: process_financials.print_done 2021-04-07T12:59:12.994413+00:00 [queued]>
[2021-04-07 12:59:16,915] {taskinstance.py:851} INFO - Dependencies all met for <TaskInstance: process_financials.print_done 2021-04-07T12:59:12.994413+00:00 [queued]>
[2021-04-07 12:59:16,918] {taskinstance.py:1042} INFO - 
--------------------------------------------------------------------------------
[2021-04-07 12:59:16,919] {taskinstance.py:1043} INFO - Starting attempt 1 of 2
[2021-04-07 12:59:16,919] {taskinstance.py:1044} INFO - 
--------------------------------------------------------------------------------
[2021-04-07 12:59:16,976] {taskinstance.py:1063} INFO - Executing <Task(BashOperator): print_done> on 2021-04-07T12:59:12.994413+00:00
[2021-04-07 12:59:16,981] {standard_task_runner.py:52} INFO - Started process 24480 to run task
[2021-04-07 12:59:16,992] {standard_task_runner.py:76} INFO - Running: ['airflow', 'tasks', 'run', 'process_financials', 'print_done', '2021-04-07T12:59:12.994413+00:00', '--job-id', '44', '--pool', 'default_pool', '--raw', '--subdir', 'DAGS_FOLDER/learn_operators.py', '--cfg-path', '/tmp/tmpn4s3muw_', '--error-file', '/tmp/tmpk2juts4o']
[2021-04-07 12:59:17,003] {standard_task_runner.py:77} INFO - Job 44: Subtask print_done
[2021-04-07 12:59:17,115] {logging_mixin.py:104} INFO - Running <TaskInstance: process_financials.print_done 2021-04-07T12:59:12.994413+00:00 [running]> on host ce03b876977a
[2021-04-07 12:59:17,272] {taskinstance.py:1257} INFO - Exporting the following env vars:
AIRFLOW_CTX_DAG_EMAIL=ozbaya@airflow.com
AIRFLOW_CTX_DAG_OWNER=ozbaya
AIRFLOW_CTX_DAG_ID=process_financials
AIRFLOW_CTX_TASK_ID=print_done
AIRFLOW_CTX_EXECUTION_DATE=2021-04-07T12:59:12.994413+00:00
AIRFLOW_CTX_DAG_RUN_ID=manual__2021-04-07T12:59:12.994413+00:00
[2021-04-07 12:59:17,273] {bash.py:135} INFO - Tmp dir root location: 
 /tmp
[2021-04-07 12:59:17,274] {bash.py:158} INFO - Running command: echo Done!
[2021-04-07 12:59:17,301] {bash.py:169} INFO - Output:
[2021-04-07 12:59:17,303] {bash.py:173} INFO - Done!
[2021-04-07 12:59:17,304] {bash.py:177} INFO - Command exited with return code 0
[2021-04-07 12:59:17,425] {taskinstance.py:1166} INFO - Marking task as SUCCESS. dag_id=process_financials, task_id=print_done, execution_date=20210407T125912, start_date=20210407T125916, end_date=20210407T125917
[2021-04-07 12:59:17,542] {taskinstance.py:1220} INFO - 0 downstream tasks scheduled from follow-on schedule check
[2021-04-07 12:59:17,585] {local_task_job.py:146} INFO - Task exited with return code 0
