[2021-04-07 03:25:59,745] {taskinstance.py:851} INFO - Dependencies all met for <TaskInstance: super_simple_dag.print_done1 2021-04-06T03:25:23.074587+00:00 [queued]>
[2021-04-07 03:25:59,807] {taskinstance.py:851} INFO - Dependencies all met for <TaskInstance: super_simple_dag.print_done1 2021-04-06T03:25:23.074587+00:00 [queued]>
[2021-04-07 03:25:59,807] {taskinstance.py:1042} INFO - 
--------------------------------------------------------------------------------
[2021-04-07 03:25:59,807] {taskinstance.py:1043} INFO - Starting attempt 1 of 1
[2021-04-07 03:25:59,808] {taskinstance.py:1044} INFO - 
--------------------------------------------------------------------------------
[2021-04-07 03:25:59,869] {taskinstance.py:1063} INFO - Executing <Task(BashOperator): print_done1> on 2021-04-06T03:25:23.074587+00:00
[2021-04-07 03:25:59,878] {standard_task_runner.py:52} INFO - Started process 12756 to run task
[2021-04-07 03:25:59,892] {standard_task_runner.py:76} INFO - Running: ['airflow', 'tasks', 'run', 'super_simple_dag', 'print_done1', '2021-04-06T03:25:23.074587+00:00', '--job-id', '24', '--pool', 'default_pool', '--raw', '--subdir', 'DAGS_FOLDER/learn_dags.py', '--cfg-path', '/tmp/tmpahk5myam', '--error-file', '/tmp/tmp26xli_2_']
[2021-04-07 03:25:59,895] {standard_task_runner.py:77} INFO - Job 24: Subtask print_done1
[2021-04-07 03:25:59,987] {logging_mixin.py:104} INFO - Running <TaskInstance: super_simple_dag.print_done1 2021-04-06T03:25:23.074587+00:00 [running]> on host ce03b876977a
[2021-04-07 03:26:00,073] {taskinstance.py:1257} INFO - Exporting the following env vars:
AIRFLOW_CTX_DAG_OWNER=airflow
AIRFLOW_CTX_DAG_ID=super_simple_dag
AIRFLOW_CTX_TASK_ID=print_done1
AIRFLOW_CTX_EXECUTION_DATE=2021-04-06T03:25:23.074587+00:00
AIRFLOW_CTX_DAG_RUN_ID=scheduled__2021-04-06T03:25:23.074587+00:00
[2021-04-07 03:26:00,076] {bash.py:135} INFO - Tmp dir root location: 
 /tmp
[2021-04-07 03:26:00,078] {bash.py:158} INFO - Running command: echo Done 1!
[2021-04-07 03:26:00,089] {bash.py:169} INFO - Output:
[2021-04-07 03:26:00,093] {bash.py:173} INFO - Done 1!
[2021-04-07 03:26:00,094] {bash.py:177} INFO - Command exited with return code 0
[2021-04-07 03:26:00,171] {taskinstance.py:1166} INFO - Marking task as SUCCESS. dag_id=super_simple_dag, task_id=print_done1, execution_date=20210406T032523, start_date=20210407T032559, end_date=20210407T032600
[2021-04-07 03:26:00,269] {taskinstance.py:1220} INFO - 1 downstream tasks scheduled from follow-on schedule check
[2021-04-07 03:26:00,283] {local_task_job.py:146} INFO - Task exited with return code 0
