[2021-04-07 12:58:26,623] {taskinstance.py:851} INFO - Dependencies all met for <TaskInstance: process_financials.process_data 2021-04-07T12:58:25.437901+00:00 [queued]>
[2021-04-07 12:58:26,673] {taskinstance.py:851} INFO - Dependencies all met for <TaskInstance: process_financials.process_data 2021-04-07T12:58:25.437901+00:00 [queued]>
[2021-04-07 12:58:26,673] {taskinstance.py:1042} INFO - 
--------------------------------------------------------------------------------
[2021-04-07 12:58:26,674] {taskinstance.py:1043} INFO - Starting attempt 1 of 2
[2021-04-07 12:58:26,676] {taskinstance.py:1044} INFO - 
--------------------------------------------------------------------------------
[2021-04-07 12:58:26,721] {taskinstance.py:1063} INFO - Executing <Task(PythonOperator): process_data> on 2021-04-07T12:58:25.437901+00:00
[2021-04-07 12:58:26,726] {standard_task_runner.py:52} INFO - Started process 24429 to run task
[2021-04-07 12:58:26,737] {standard_task_runner.py:76} INFO - Running: ['airflow', 'tasks', 'run', 'process_financials', 'process_data', '2021-04-07T12:58:25.437901+00:00', '--job-id', '41', '--pool', 'default_pool', '--raw', '--subdir', 'DAGS_FOLDER/learn_operators.py', '--cfg-path', '/tmp/tmpf3te58ac', '--error-file', '/tmp/tmp6743q19q']
[2021-04-07 12:58:26,743] {standard_task_runner.py:77} INFO - Job 41: Subtask process_data
[2021-04-07 12:58:26,837] {logging_mixin.py:104} INFO - Running <TaskInstance: process_financials.process_data 2021-04-07T12:58:25.437901+00:00 [running]> on host ce03b876977a
[2021-04-07 12:58:26,919] {taskinstance.py:1257} INFO - Exporting the following env vars:
AIRFLOW_CTX_DAG_EMAIL=ozbaya@airflow.com
AIRFLOW_CTX_DAG_OWNER=ozbaya
AIRFLOW_CTX_DAG_ID=process_financials
AIRFLOW_CTX_TASK_ID=process_data
AIRFLOW_CTX_EXECUTION_DATE=2021-04-07T12:58:25.437901+00:00
AIRFLOW_CTX_DAG_RUN_ID=manual__2021-04-07T12:58:25.437901+00:00
[2021-04-07 12:58:27,381] {python.py:118} INFO - Done. Returned value was: None
[2021-04-07 12:58:27,440] {taskinstance.py:1166} INFO - Marking task as SUCCESS. dag_id=process_financials, task_id=process_data, execution_date=20210407T125825, start_date=20210407T125826, end_date=20210407T125827
[2021-04-07 12:58:27,605] {taskinstance.py:1220} INFO - 1 downstream tasks scheduled from follow-on schedule check
[2021-04-07 12:58:27,614] {local_task_job.py:146} INFO - Task exited with return code 0
