[2021-04-07 01:50:01,143] {taskinstance.py:851} INFO - Dependencies all met for <TaskInstance: trata_relatorios.popula_relatorios 2021-04-07T01:00:00+00:00 [queued]>
[2021-04-07 01:50:01,188] {taskinstance.py:851} INFO - Dependencies all met for <TaskInstance: trata_relatorios.popula_relatorios 2021-04-07T01:00:00+00:00 [queued]>
[2021-04-07 01:50:01,189] {taskinstance.py:1042} INFO - 
--------------------------------------------------------------------------------
[2021-04-07 01:50:01,189] {taskinstance.py:1043} INFO - Starting attempt 1 of 1
[2021-04-07 01:50:01,189] {taskinstance.py:1044} INFO - 
--------------------------------------------------------------------------------
[2021-04-07 01:50:01,231] {taskinstance.py:1063} INFO - Executing <Task(PythonOperator): popula_relatorios> on 2021-04-07T01:00:00+00:00
[2021-04-07 01:50:01,236] {standard_task_runner.py:52} INFO - Started process 7503 to run task
[2021-04-07 01:50:01,244] {standard_task_runner.py:76} INFO - Running: ['airflow', 'tasks', 'run', 'trata_relatorios', 'popula_relatorios', '2021-04-07T01:00:00+00:00', '--job-id', '18', '--pool', 'default_pool', '--raw', '--subdir', 'DAGS_FOLDER/etl_chamados.py', '--cfg-path', '/tmp/tmp95b3p3u9', '--error-file', '/tmp/tmp97l8vg6g']
[2021-04-07 01:50:01,247] {standard_task_runner.py:77} INFO - Job 18: Subtask popula_relatorios
[2021-04-07 01:50:01,322] {logging_mixin.py:104} INFO - Running <TaskInstance: trata_relatorios.popula_relatorios 2021-04-07T01:00:00+00:00 [running]> on host ce03b876977a
[2021-04-07 01:50:01,414] {taskinstance.py:1257} INFO - Exporting the following env vars:
AIRFLOW_CTX_DAG_EMAIL=clecio.antao@gmail.com
AIRFLOW_CTX_DAG_OWNER=airflow
AIRFLOW_CTX_DAG_ID=trata_relatorios
AIRFLOW_CTX_TASK_ID=popula_relatorios
AIRFLOW_CTX_EXECUTION_DATE=2021-04-07T01:00:00+00:00
AIRFLOW_CTX_DAG_RUN_ID=scheduled__2021-04-07T01:00:00+00:00
[2021-04-07 01:50:18,714] {logging_mixin.py:104} INFO - Total de linhas:  5000
[2021-04-07 01:50:18,717] {logging_mixin.py:104} INFO - dGVjYmFu#4253a970437b088cb1839e1c74a77451aec1665d
[2021-04-07 01:50:18,718] {logging_mixin.py:104} INFO - entrou no laço
[2021-04-07 01:50:18,719] {logging_mixin.py:104} INFO - Paginas:  100000
[2021-04-07 01:50:18,720] {logging_mixin.py:104} INFO - Contador:  1
[2021-04-07 01:50:18,721] {logging_mixin.py:104} INFO - Linhas:  0
[2021-04-07 01:50:18,722] {logging_mixin.py:104} INFO - Colunas:  33
[2021-04-07 01:51:12,118] {logging_mixin.py:104} INFO - entrou no laço
[2021-04-07 01:51:12,119] {logging_mixin.py:104} INFO - Paginas:  100000
[2021-04-07 01:51:12,119] {logging_mixin.py:104} INFO - Contador:  2
[2021-04-07 01:51:12,121] {logging_mixin.py:104} INFO - Linhas:  5000
[2021-04-07 01:51:12,121] {logging_mixin.py:104} INFO - Colunas:  33
[2021-04-07 01:51:48,486] {logging_mixin.py:104} INFO - entrou no laço
[2021-04-07 01:51:48,489] {logging_mixin.py:104} INFO - Paginas:  100000
[2021-04-07 01:51:48,489] {logging_mixin.py:104} INFO - Contador:  3
[2021-04-07 01:51:48,490] {logging_mixin.py:104} INFO - Linhas:  10000
[2021-04-07 01:51:48,490] {logging_mixin.py:104} INFO - Colunas:  33
[2021-04-07 01:52:28,561] {logging_mixin.py:104} INFO - entrou no laço
[2021-04-07 01:52:28,564] {logging_mixin.py:104} INFO - Paginas:  100000
[2021-04-07 01:52:28,564] {logging_mixin.py:104} INFO - Contador:  4
[2021-04-07 01:52:28,564] {logging_mixin.py:104} INFO - Linhas:  15000
[2021-04-07 01:52:28,564] {logging_mixin.py:104} INFO - Colunas:  33
[2021-04-07 01:53:05,874] {logging_mixin.py:104} INFO - entrou no laço
[2021-04-07 01:53:05,883] {logging_mixin.py:104} INFO - Paginas:  100000
[2021-04-07 01:53:05,885] {logging_mixin.py:104} INFO - Contador:  5
[2021-04-07 01:53:05,888] {logging_mixin.py:104} INFO - Linhas:  20000
[2021-04-07 01:53:05,889] {logging_mixin.py:104} INFO - Colunas:  33
[2021-04-07 01:53:43,796] {logging_mixin.py:104} INFO - entrou no laço
[2021-04-07 01:53:43,796] {logging_mixin.py:104} INFO - Paginas:  100000
[2021-04-07 01:53:43,796] {logging_mixin.py:104} INFO - Contador:  6
[2021-04-07 01:53:43,796] {logging_mixin.py:104} INFO - Linhas:  25000
[2021-04-07 01:53:43,796] {logging_mixin.py:104} INFO - Colunas:  33
[2021-04-07 01:54:20,466] {logging_mixin.py:104} INFO - entrou no laço
[2021-04-07 01:54:20,468] {logging_mixin.py:104} INFO - Paginas:  100000
[2021-04-07 01:54:20,469] {logging_mixin.py:104} INFO - Contador:  7
[2021-04-07 01:54:20,470] {logging_mixin.py:104} INFO - Linhas:  30000
[2021-04-07 01:54:20,470] {logging_mixin.py:104} INFO - Colunas:  33
[2021-04-07 01:54:58,324] {logging_mixin.py:104} INFO - entrou no laço
[2021-04-07 01:54:58,331] {logging_mixin.py:104} INFO - Paginas:  100000
[2021-04-07 01:54:58,332] {logging_mixin.py:104} INFO - Contador:  8
[2021-04-07 01:54:58,333] {logging_mixin.py:104} INFO - Linhas:  35000
[2021-04-07 01:54:58,333] {logging_mixin.py:104} INFO - Colunas:  33
[2021-04-07 01:55:30,481] {logging_mixin.py:104} INFO - entrou no laço
[2021-04-07 01:55:30,481] {logging_mixin.py:104} INFO - Paginas:  100000
[2021-04-07 01:55:30,482] {logging_mixin.py:104} INFO - Contador:  9
[2021-04-07 01:55:30,483] {logging_mixin.py:104} INFO - Linhas:  40000
[2021-04-07 01:55:30,483] {logging_mixin.py:104} INFO - Colunas:  33
[2021-04-07 01:56:02,005] {logging_mixin.py:104} INFO - entrou no laço
[2021-04-07 01:56:02,006] {logging_mixin.py:104} INFO - Paginas:  100000
[2021-04-07 01:56:02,006] {logging_mixin.py:104} INFO - Contador:  10
[2021-04-07 01:56:02,007] {logging_mixin.py:104} INFO - Linhas:  45000
[2021-04-07 01:56:02,007] {logging_mixin.py:104} INFO - Colunas:  33
[2021-04-07 01:56:42,267] {logging_mixin.py:104} INFO - entrou no laço
[2021-04-07 01:56:42,268] {logging_mixin.py:104} INFO - Paginas:  100000
[2021-04-07 01:56:42,268] {logging_mixin.py:104} INFO - Contador:  11
[2021-04-07 01:56:42,270] {logging_mixin.py:104} INFO - Linhas:  50000
[2021-04-07 01:56:42,270] {logging_mixin.py:104} INFO - Colunas:  33
[2021-04-07 01:57:16,099] {logging_mixin.py:104} INFO - entrou no laço
[2021-04-07 01:57:16,100] {logging_mixin.py:104} INFO - Paginas:  100000
[2021-04-07 01:57:16,101] {logging_mixin.py:104} INFO - Contador:  12
[2021-04-07 01:57:16,101] {logging_mixin.py:104} INFO - Linhas:  55000
[2021-04-07 01:57:16,101] {logging_mixin.py:104} INFO - Colunas:  33
[2021-04-07 01:57:50,103] {logging_mixin.py:104} INFO - entrou no laço
[2021-04-07 01:57:50,104] {logging_mixin.py:104} INFO - Paginas:  100000
[2021-04-07 01:57:50,104] {logging_mixin.py:104} INFO - Contador:  13
[2021-04-07 01:57:50,104] {logging_mixin.py:104} INFO - Linhas:  60000
[2021-04-07 01:57:50,105] {logging_mixin.py:104} INFO - Colunas:  33
[2021-04-07 01:58:23,819] {logging_mixin.py:104} INFO - entrou no laço
[2021-04-07 01:58:23,820] {logging_mixin.py:104} INFO - Paginas:  100000
[2021-04-07 01:58:23,821] {logging_mixin.py:104} INFO - Contador:  14
[2021-04-07 01:58:23,821] {logging_mixin.py:104} INFO - Linhas:  65000
[2021-04-07 01:58:23,822] {logging_mixin.py:104} INFO - Colunas:  33
[2021-04-07 01:59:03,354] {logging_mixin.py:104} INFO - entrou no laço
[2021-04-07 01:59:03,357] {logging_mixin.py:104} INFO - Paginas:  100000
[2021-04-07 01:59:03,357] {logging_mixin.py:104} INFO - Contador:  15
[2021-04-07 01:59:03,358] {logging_mixin.py:104} INFO - Linhas:  70000
[2021-04-07 01:59:03,358] {logging_mixin.py:104} INFO - Colunas:  33
[2021-04-07 01:59:35,547] {logging_mixin.py:104} INFO - entrou no laço
[2021-04-07 01:59:35,548] {logging_mixin.py:104} INFO - Paginas:  100000
[2021-04-07 01:59:35,548] {logging_mixin.py:104} INFO - Contador:  16
[2021-04-07 01:59:35,548] {logging_mixin.py:104} INFO - Linhas:  75000
[2021-04-07 01:59:35,553] {logging_mixin.py:104} INFO - Colunas:  33
[2021-04-07 02:00:16,016] {logging_mixin.py:104} INFO - entrou no laço
[2021-04-07 02:00:16,017] {logging_mixin.py:104} INFO - Paginas:  100000
[2021-04-07 02:00:16,018] {logging_mixin.py:104} INFO - Contador:  17
[2021-04-07 02:00:16,018] {logging_mixin.py:104} INFO - Linhas:  80000
[2021-04-07 02:00:16,018] {logging_mixin.py:104} INFO - Colunas:  33
[2021-04-07 02:00:49,865] {logging_mixin.py:104} INFO - entrou no laço
[2021-04-07 02:00:49,871] {logging_mixin.py:104} INFO - Paginas:  100000
[2021-04-07 02:00:49,871] {logging_mixin.py:104} INFO - Contador:  18
[2021-04-07 02:00:49,872] {logging_mixin.py:104} INFO - Linhas:  85000
[2021-04-07 02:00:49,872] {logging_mixin.py:104} INFO - Colunas:  33
[2021-04-07 02:01:34,038] {logging_mixin.py:104} INFO - entrou no laço
[2021-04-07 02:01:34,039] {logging_mixin.py:104} INFO - Paginas:  100000
[2021-04-07 02:01:34,040] {logging_mixin.py:104} INFO - Contador:  19
[2021-04-07 02:01:34,041] {logging_mixin.py:104} INFO - Linhas:  90000
[2021-04-07 02:01:34,042] {logging_mixin.py:104} INFO - Colunas:  33
[2021-04-07 02:02:12,841] {logging_mixin.py:104} INFO - entrou no laço
[2021-04-07 02:02:12,844] {logging_mixin.py:104} INFO - Paginas:  100000
[2021-04-07 02:02:12,845] {logging_mixin.py:104} INFO - Contador:  20
[2021-04-07 02:02:12,845] {logging_mixin.py:104} INFO - Linhas:  95000
[2021-04-07 02:02:12,845] {logging_mixin.py:104} INFO - Colunas:  33
[2021-04-07 02:02:55,174] {logging_mixin.py:104} INFO - entrou no laço
[2021-04-07 02:02:55,180] {logging_mixin.py:104} INFO - Paginas:  100000
[2021-04-07 02:02:55,183] {logging_mixin.py:104} INFO - Contador:  21
[2021-04-07 02:02:55,184] {logging_mixin.py:104} INFO - Linhas:  100000
[2021-04-07 02:02:55,185] {logging_mixin.py:104} INFO - Colunas:  33
[2021-04-07 02:03:36,705] {logging_mixin.py:104} INFO - entrou no laço
[2021-04-07 02:03:36,708] {logging_mixin.py:104} INFO - Paginas:  100000
[2021-04-07 02:03:36,711] {logging_mixin.py:104} INFO - Contador:  22
[2021-04-07 02:03:36,712] {logging_mixin.py:104} INFO - Linhas:  105000
[2021-04-07 02:03:36,712] {logging_mixin.py:104} INFO - Colunas:  33
[2021-04-07 02:04:24,695] {logging_mixin.py:104} INFO - entrou no laço
[2021-04-07 02:04:24,697] {logging_mixin.py:104} INFO - Paginas:  100000
[2021-04-07 02:04:24,699] {logging_mixin.py:104} INFO - Contador:  23
[2021-04-07 02:04:24,701] {logging_mixin.py:104} INFO - Linhas:  110000
[2021-04-07 02:04:24,702] {logging_mixin.py:104} INFO - Colunas:  33
[2021-04-07 02:05:08,830] {logging_mixin.py:104} INFO - entrou no laço
[2021-04-07 02:05:08,830] {logging_mixin.py:104} INFO - Paginas:  100000
[2021-04-07 02:05:08,831] {logging_mixin.py:104} INFO - Contador:  24
[2021-04-07 02:05:08,832] {logging_mixin.py:104} INFO - Linhas:  115000
[2021-04-07 02:05:08,832] {logging_mixin.py:104} INFO - Colunas:  33
[2021-04-07 02:05:53,156] {logging_mixin.py:104} INFO - entrou no laço
[2021-04-07 02:05:53,162] {logging_mixin.py:104} INFO - Paginas:  100000
[2021-04-07 02:05:53,163] {logging_mixin.py:104} INFO - Contador:  25
[2021-04-07 02:05:53,164] {logging_mixin.py:104} INFO - Linhas:  120000
[2021-04-07 02:05:53,164] {logging_mixin.py:104} INFO - Colunas:  33
[2021-04-07 02:06:34,123] {logging_mixin.py:104} INFO - entrou no laço
[2021-04-07 02:06:34,125] {logging_mixin.py:104} INFO - Paginas:  100000
[2021-04-07 02:06:34,125] {logging_mixin.py:104} INFO - Contador:  26
[2021-04-07 02:06:34,126] {logging_mixin.py:104} INFO - Linhas:  125000
[2021-04-07 02:06:34,127] {logging_mixin.py:104} INFO - Colunas:  33
[2021-04-07 02:07:16,306] {logging_mixin.py:104} INFO - entrou no laço
[2021-04-07 02:07:16,316] {logging_mixin.py:104} INFO - Paginas:  100000
[2021-04-07 02:07:16,316] {logging_mixin.py:104} INFO - Contador:  27
[2021-04-07 02:07:16,318] {logging_mixin.py:104} INFO - Linhas:  130000
[2021-04-07 02:07:16,321] {logging_mixin.py:104} INFO - Colunas:  33
[2021-04-07 02:07:54,743] {logging_mixin.py:104} INFO - entrou no laço
[2021-04-07 02:07:54,751] {logging_mixin.py:104} INFO - Paginas:  100000
[2021-04-07 02:07:54,752] {logging_mixin.py:104} INFO - Contador:  28
[2021-04-07 02:07:54,753] {logging_mixin.py:104} INFO - Linhas:  135000
[2021-04-07 02:07:54,753] {logging_mixin.py:104} INFO - Colunas:  33
[2021-04-07 02:08:37,055] {logging_mixin.py:104} INFO - entrou no laço
[2021-04-07 02:08:37,057] {logging_mixin.py:104} INFO - Paginas:  100000
[2021-04-07 02:08:37,058] {logging_mixin.py:104} INFO - Contador:  29
[2021-04-07 02:08:37,059] {logging_mixin.py:104} INFO - Linhas:  140000
[2021-04-07 02:08:37,059] {logging_mixin.py:104} INFO - Colunas:  33
[2021-04-07 02:09:18,589] {logging_mixin.py:104} INFO - entrou no laço
[2021-04-07 02:09:18,590] {logging_mixin.py:104} INFO - Paginas:  100000
[2021-04-07 02:09:18,590] {logging_mixin.py:104} INFO - Contador:  30
[2021-04-07 02:09:18,590] {logging_mixin.py:104} INFO - Linhas:  145000
[2021-04-07 02:09:18,590] {logging_mixin.py:104} INFO - Colunas:  33
[2021-04-07 02:09:56,359] {logging_mixin.py:104} INFO - entrou no laço
[2021-04-07 02:09:56,366] {logging_mixin.py:104} INFO - Paginas:  100000
[2021-04-07 02:09:56,367] {logging_mixin.py:104} INFO - Contador:  31
[2021-04-07 02:09:56,367] {logging_mixin.py:104} INFO - Linhas:  150000
[2021-04-07 02:09:56,368] {logging_mixin.py:104} INFO - Colunas:  33
[2021-04-07 02:10:38,590] {logging_mixin.py:104} INFO - entrou no laço
[2021-04-07 02:10:38,596] {logging_mixin.py:104} INFO - Paginas:  100000
[2021-04-07 02:10:38,597] {logging_mixin.py:104} INFO - Contador:  32
[2021-04-07 02:10:38,598] {logging_mixin.py:104} INFO - Linhas:  155000
[2021-04-07 02:10:38,608] {logging_mixin.py:104} INFO - Colunas:  33
[2021-04-07 02:11:28,015] {logging_mixin.py:104} INFO - entrou no laço
[2021-04-07 02:11:28,026] {logging_mixin.py:104} INFO - Paginas:  100000
[2021-04-07 02:11:28,027] {logging_mixin.py:104} INFO - Contador:  33
[2021-04-07 02:11:28,027] {logging_mixin.py:104} INFO - Linhas:  160000
[2021-04-07 02:11:28,028] {logging_mixin.py:104} INFO - Colunas:  33
[2021-04-07 02:12:11,618] {logging_mixin.py:104} INFO - entrou no laço
[2021-04-07 02:12:11,621] {logging_mixin.py:104} INFO - Paginas:  100000
[2021-04-07 02:12:11,623] {logging_mixin.py:104} INFO - Contador:  34
[2021-04-07 02:12:11,624] {logging_mixin.py:104} INFO - Linhas:  165000
[2021-04-07 02:12:11,624] {logging_mixin.py:104} INFO - Colunas:  33
[2021-04-07 02:12:54,475] {logging_mixin.py:104} INFO - entrou no laço
[2021-04-07 02:12:54,479] {logging_mixin.py:104} INFO - Paginas:  100000
[2021-04-07 02:12:54,482] {logging_mixin.py:104} INFO - Contador:  35
[2021-04-07 02:12:54,486] {logging_mixin.py:104} INFO - Linhas:  170000
[2021-04-07 02:12:54,487] {logging_mixin.py:104} INFO - Colunas:  33
[2021-04-07 02:13:38,851] {logging_mixin.py:104} INFO - entrou no laço
[2021-04-07 02:13:38,860] {logging_mixin.py:104} INFO - Paginas:  100000
[2021-04-07 02:13:38,867] {logging_mixin.py:104} INFO - Contador:  36
[2021-04-07 02:13:38,869] {logging_mixin.py:104} INFO - Linhas:  175000
[2021-04-07 02:13:38,870] {logging_mixin.py:104} INFO - Colunas:  33
[2021-04-07 02:14:22,815] {logging_mixin.py:104} INFO - entrou no laço
[2021-04-07 02:14:22,816] {logging_mixin.py:104} INFO - Paginas:  100000
[2021-04-07 02:14:22,817] {logging_mixin.py:104} INFO - Contador:  37
[2021-04-07 02:14:22,817] {logging_mixin.py:104} INFO - Linhas:  180000
[2021-04-07 02:14:22,817] {logging_mixin.py:104} INFO - Colunas:  33
[2021-04-07 02:15:05,718] {logging_mixin.py:104} INFO - entrou no laço
[2021-04-07 02:15:05,727] {logging_mixin.py:104} INFO - Paginas:  100000
[2021-04-07 02:15:05,728] {logging_mixin.py:104} INFO - Contador:  38
[2021-04-07 02:15:05,729] {logging_mixin.py:104} INFO - Linhas:  185000
[2021-04-07 02:15:05,729] {logging_mixin.py:104} INFO - Colunas:  33
[2021-04-07 02:15:48,420] {logging_mixin.py:104} INFO - entrou no laço
[2021-04-07 02:15:48,421] {logging_mixin.py:104} INFO - Paginas:  100000
[2021-04-07 02:15:48,422] {logging_mixin.py:104} INFO - Contador:  39
[2021-04-07 02:15:48,422] {logging_mixin.py:104} INFO - Linhas:  190000
[2021-04-07 02:15:48,422] {logging_mixin.py:104} INFO - Colunas:  33
[2021-04-07 02:16:25,734] {logging_mixin.py:104} INFO - entrou no laço
[2021-04-07 02:16:25,735] {logging_mixin.py:104} INFO - Paginas:  100000
[2021-04-07 02:16:25,735] {logging_mixin.py:104} INFO - Contador:  40
[2021-04-07 02:16:25,735] {logging_mixin.py:104} INFO - Linhas:  195000
[2021-04-07 02:16:25,736] {logging_mixin.py:104} INFO - Colunas:  33
[2021-04-07 02:17:12,398] {logging_mixin.py:104} INFO - entrou no laço
[2021-04-07 02:17:12,399] {logging_mixin.py:104} INFO - Paginas:  100000
[2021-04-07 02:17:12,400] {logging_mixin.py:104} INFO - Contador:  41
[2021-04-07 02:17:12,402] {logging_mixin.py:104} INFO - Linhas:  200000
[2021-04-07 02:17:12,404] {logging_mixin.py:104} INFO - Colunas:  33
[2021-04-07 02:17:56,520] {logging_mixin.py:104} INFO - entrou no laço
[2021-04-07 02:17:56,531] {logging_mixin.py:104} INFO - Paginas:  100000
[2021-04-07 02:17:56,532] {logging_mixin.py:104} INFO - Contador:  42
[2021-04-07 02:17:56,532] {logging_mixin.py:104} INFO - Linhas:  205000
[2021-04-07 02:17:56,533] {logging_mixin.py:104} INFO - Colunas:  33
[2021-04-07 02:18:42,068] {logging_mixin.py:104} INFO - entrou no laço
[2021-04-07 02:18:42,071] {logging_mixin.py:104} INFO - Paginas:  100000
[2021-04-07 02:18:42,072] {logging_mixin.py:104} INFO - Contador:  43
[2021-04-07 02:18:42,073] {logging_mixin.py:104} INFO - Linhas:  210000
[2021-04-07 02:18:42,073] {logging_mixin.py:104} INFO - Colunas:  33
[2021-04-07 02:19:25,219] {logging_mixin.py:104} INFO - entrou no laço
[2021-04-07 02:19:25,227] {logging_mixin.py:104} INFO - Paginas:  100000
[2021-04-07 02:19:25,228] {logging_mixin.py:104} INFO - Contador:  44
[2021-04-07 02:19:25,228] {logging_mixin.py:104} INFO - Linhas:  215000
[2021-04-07 02:19:25,229] {logging_mixin.py:104} INFO - Colunas:  33
[2021-04-07 02:20:13,009] {logging_mixin.py:104} INFO - entrou no laço
[2021-04-07 02:20:13,011] {logging_mixin.py:104} INFO - Paginas:  100000
[2021-04-07 02:20:13,013] {logging_mixin.py:104} INFO - Contador:  45
[2021-04-07 02:20:13,018] {logging_mixin.py:104} INFO - Linhas:  220000
[2021-04-07 02:20:13,019] {logging_mixin.py:104} INFO - Colunas:  33
[2021-04-07 02:20:58,893] {logging_mixin.py:104} INFO - entrou no laço
[2021-04-07 02:20:58,901] {logging_mixin.py:104} INFO - Paginas:  100000
[2021-04-07 02:20:58,902] {logging_mixin.py:104} INFO - Contador:  46
[2021-04-07 02:20:58,903] {logging_mixin.py:104} INFO - Linhas:  225000
[2021-04-07 02:20:58,904] {logging_mixin.py:104} INFO - Colunas:  33
[2021-04-07 02:21:45,464] {logging_mixin.py:104} INFO - entrou no laço
[2021-04-07 02:21:45,466] {logging_mixin.py:104} INFO - Paginas:  100000
[2021-04-07 02:21:45,470] {logging_mixin.py:104} INFO - Contador:  47
[2021-04-07 02:21:45,473] {logging_mixin.py:104} INFO - Linhas:  230000
[2021-04-07 02:21:45,473] {logging_mixin.py:104} INFO - Colunas:  33
[2021-04-07 02:22:33,309] {logging_mixin.py:104} INFO - entrou no laço
[2021-04-07 02:22:33,317] {logging_mixin.py:104} INFO - Paginas:  100000
[2021-04-07 02:22:33,318] {logging_mixin.py:104} INFO - Contador:  48
[2021-04-07 02:22:33,319] {logging_mixin.py:104} INFO - Linhas:  235000
[2021-04-07 02:22:33,319] {logging_mixin.py:104} INFO - Colunas:  33
[2021-04-07 02:23:22,198] {logging_mixin.py:104} INFO - entrou no laço
[2021-04-07 02:23:22,199] {logging_mixin.py:104} INFO - Paginas:  100000
[2021-04-07 02:23:22,200] {logging_mixin.py:104} INFO - Contador:  49
[2021-04-07 02:23:22,200] {logging_mixin.py:104} INFO - Linhas:  240000
[2021-04-07 02:23:22,200] {logging_mixin.py:104} INFO - Colunas:  33
[2021-04-07 02:24:08,997] {logging_mixin.py:104} INFO - entrou no laço
[2021-04-07 02:24:09,009] {logging_mixin.py:104} INFO - Paginas:  100000
[2021-04-07 02:24:09,010] {logging_mixin.py:104} INFO - Contador:  50
[2021-04-07 02:24:09,010] {logging_mixin.py:104} INFO - Linhas:  245000
[2021-04-07 02:24:09,011] {logging_mixin.py:104} INFO - Colunas:  33
[2021-04-07 02:24:57,383] {logging_mixin.py:104} INFO - entrou no laço
[2021-04-07 02:24:57,385] {logging_mixin.py:104} INFO - Paginas:  100000
[2021-04-07 02:24:57,386] {logging_mixin.py:104} INFO - Contador:  51
[2021-04-07 02:24:57,386] {logging_mixin.py:104} INFO - Linhas:  250000
[2021-04-07 02:24:57,387] {logging_mixin.py:104} INFO - Colunas:  33
[2021-04-07 02:25:45,143] {logging_mixin.py:104} INFO - entrou no laço
[2021-04-07 02:25:45,145] {logging_mixin.py:104} INFO - Paginas:  100000
[2021-04-07 02:25:45,145] {logging_mixin.py:104} INFO - Contador:  52
[2021-04-07 02:25:45,145] {logging_mixin.py:104} INFO - Linhas:  255000
[2021-04-07 02:25:45,146] {logging_mixin.py:104} INFO - Colunas:  33
[2021-04-07 02:26:36,680] {logging_mixin.py:104} INFO - entrou no laço
[2021-04-07 02:26:36,681] {logging_mixin.py:104} INFO - Paginas:  100000
[2021-04-07 02:26:36,682] {logging_mixin.py:104} INFO - Contador:  53
[2021-04-07 02:26:36,682] {logging_mixin.py:104} INFO - Linhas:  260000
[2021-04-07 02:26:36,682] {logging_mixin.py:104} INFO - Colunas:  33
[2021-04-07 02:27:22,662] {logging_mixin.py:104} INFO - entrou no laço
[2021-04-07 02:27:22,666] {logging_mixin.py:104} INFO - Paginas:  100000
[2021-04-07 02:27:22,667] {logging_mixin.py:104} INFO - Contador:  54
[2021-04-07 02:27:22,669] {logging_mixin.py:104} INFO - Linhas:  265000
[2021-04-07 02:27:22,669] {logging_mixin.py:104} INFO - Colunas:  33
[2021-04-07 02:28:04,953] {logging_mixin.py:104} INFO - entrou no laço
[2021-04-07 02:28:04,955] {logging_mixin.py:104} INFO - Paginas:  100000
[2021-04-07 02:28:04,956] {logging_mixin.py:104} INFO - Contador:  55
[2021-04-07 02:28:04,957] {logging_mixin.py:104} INFO - Linhas:  270000
[2021-04-07 02:28:04,957] {logging_mixin.py:104} INFO - Colunas:  33
[2021-04-07 02:28:53,518] {logging_mixin.py:104} INFO - entrou no laço
[2021-04-07 02:28:53,519] {logging_mixin.py:104} INFO - Paginas:  100000
[2021-04-07 02:28:53,520] {logging_mixin.py:104} INFO - Contador:  56
[2021-04-07 02:28:53,523] {logging_mixin.py:104} INFO - Linhas:  275000
[2021-04-07 02:28:53,524] {logging_mixin.py:104} INFO - Colunas:  33
[2021-04-07 02:29:40,460] {logging_mixin.py:104} INFO - entrou no laço
[2021-04-07 02:29:40,469] {logging_mixin.py:104} INFO - Paginas:  100000
[2021-04-07 02:29:40,476] {logging_mixin.py:104} INFO - Contador:  57
[2021-04-07 02:29:40,477] {logging_mixin.py:104} INFO - Linhas:  280000
[2021-04-07 02:29:40,479] {logging_mixin.py:104} INFO - Colunas:  33
[2021-04-07 02:30:27,332] {logging_mixin.py:104} INFO - entrou no laço
[2021-04-07 02:30:27,335] {logging_mixin.py:104} INFO - Paginas:  100000
[2021-04-07 02:30:27,336] {logging_mixin.py:104} INFO - Contador:  58
[2021-04-07 02:30:27,336] {logging_mixin.py:104} INFO - Linhas:  285000
[2021-04-07 02:30:27,341] {logging_mixin.py:104} INFO - Colunas:  33
[2021-04-07 02:31:14,507] {logging_mixin.py:104} INFO - entrou no laço
[2021-04-07 02:31:14,514] {logging_mixin.py:104} INFO - Paginas:  100000
[2021-04-07 02:31:14,516] {logging_mixin.py:104} INFO - Contador:  59
[2021-04-07 02:31:14,516] {logging_mixin.py:104} INFO - Linhas:  290000
[2021-04-07 02:31:14,517] {logging_mixin.py:104} INFO - Colunas:  33
[2021-04-07 02:32:12,095] {logging_mixin.py:104} INFO - entrou no laço
[2021-04-07 02:32:12,095] {logging_mixin.py:104} INFO - Paginas:  100000
[2021-04-07 02:32:12,096] {logging_mixin.py:104} INFO - Contador:  60
[2021-04-07 02:32:12,096] {logging_mixin.py:104} INFO - Linhas:  295000
[2021-04-07 02:32:12,097] {logging_mixin.py:104} INFO - Colunas:  33
[2021-04-07 02:33:02,890] {logging_mixin.py:104} INFO - entrou no laço
[2021-04-07 02:33:02,892] {logging_mixin.py:104} INFO - Paginas:  100000
[2021-04-07 02:33:02,893] {logging_mixin.py:104} INFO - Contador:  61
[2021-04-07 02:33:02,893] {logging_mixin.py:104} INFO - Linhas:  300000
[2021-04-07 02:33:02,895] {logging_mixin.py:104} INFO - Colunas:  33
[2021-04-07 02:33:50,605] {logging_mixin.py:104} INFO - entrou no laço
[2021-04-07 02:33:50,607] {logging_mixin.py:104} INFO - Paginas:  100000
[2021-04-07 02:33:50,608] {logging_mixin.py:104} INFO - Contador:  62
[2021-04-07 02:33:50,609] {logging_mixin.py:104} INFO - Linhas:  305000
[2021-04-07 02:33:50,609] {logging_mixin.py:104} INFO - Colunas:  33
[2021-04-07 02:34:41,082] {logging_mixin.py:104} INFO - entrou no laço
[2021-04-07 02:34:41,087] {logging_mixin.py:104} INFO - Paginas:  100000
[2021-04-07 02:34:41,088] {logging_mixin.py:104} INFO - Contador:  63
[2021-04-07 02:34:41,088] {logging_mixin.py:104} INFO - Linhas:  310000
[2021-04-07 02:34:41,094] {logging_mixin.py:104} INFO - Colunas:  33
[2021-04-07 02:35:30,155] {logging_mixin.py:104} INFO - entrou no laço
[2021-04-07 02:35:30,157] {logging_mixin.py:104} INFO - Paginas:  100000
[2021-04-07 02:35:30,158] {logging_mixin.py:104} INFO - Contador:  64
[2021-04-07 02:35:30,159] {logging_mixin.py:104} INFO - Linhas:  315000
[2021-04-07 02:35:30,159] {logging_mixin.py:104} INFO - Colunas:  33
[2021-04-07 02:36:18,994] {logging_mixin.py:104} INFO - entrou no laço
[2021-04-07 02:36:18,996] {logging_mixin.py:104} INFO - Paginas:  100000
[2021-04-07 02:36:19,000] {logging_mixin.py:104} INFO - Contador:  65
[2021-04-07 02:36:19,003] {logging_mixin.py:104} INFO - Linhas:  320000
[2021-04-07 02:36:19,005] {logging_mixin.py:104} INFO - Colunas:  33
[2021-04-07 02:37:11,596] {logging_mixin.py:104} INFO - entrou no laço
[2021-04-07 02:37:11,597] {logging_mixin.py:104} INFO - Paginas:  100000
[2021-04-07 02:37:11,597] {logging_mixin.py:104} INFO - Contador:  66
[2021-04-07 02:37:11,597] {logging_mixin.py:104} INFO - Linhas:  325000
[2021-04-07 02:37:11,597] {logging_mixin.py:104} INFO - Colunas:  33
[2021-04-07 02:38:05,181] {logging_mixin.py:104} INFO - entrou no laço
[2021-04-07 02:38:05,182] {logging_mixin.py:104} INFO - Paginas:  100000
[2021-04-07 02:38:05,183] {logging_mixin.py:104} INFO - Contador:  67
[2021-04-07 02:38:05,184] {logging_mixin.py:104} INFO - Linhas:  330000
[2021-04-07 02:38:05,184] {logging_mixin.py:104} INFO - Colunas:  33
[2021-04-07 02:38:58,575] {logging_mixin.py:104} INFO - entrou no laço
[2021-04-07 02:38:58,578] {logging_mixin.py:104} INFO - Paginas:  100000
[2021-04-07 02:38:58,578] {logging_mixin.py:104} INFO - Contador:  68
[2021-04-07 02:38:58,579] {logging_mixin.py:104} INFO - Linhas:  335000
[2021-04-07 02:38:58,580] {logging_mixin.py:104} INFO - Colunas:  33
[2021-04-07 02:39:49,309] {logging_mixin.py:104} INFO - entrou no laço
[2021-04-07 02:39:49,310] {logging_mixin.py:104} INFO - Paginas:  100000
[2021-04-07 02:39:49,311] {logging_mixin.py:104} INFO - Contador:  69
[2021-04-07 02:39:49,312] {logging_mixin.py:104} INFO - Linhas:  340000
[2021-04-07 02:39:49,312] {logging_mixin.py:104} INFO - Colunas:  33
[2021-04-07 02:40:35,146] {logging_mixin.py:104} INFO - entrou no laço
[2021-04-07 02:40:35,149] {logging_mixin.py:104} INFO - Paginas:  100000
[2021-04-07 02:40:35,149] {logging_mixin.py:104} INFO - Contador:  70
[2021-04-07 02:40:35,150] {logging_mixin.py:104} INFO - Linhas:  345000
[2021-04-07 02:40:35,150] {logging_mixin.py:104} INFO - Colunas:  33
[2021-04-07 02:41:24,041] {logging_mixin.py:104} INFO - entrou no laço
[2021-04-07 02:41:24,042] {logging_mixin.py:104} INFO - Paginas:  100000
[2021-04-07 02:41:24,049] {logging_mixin.py:104} INFO - Contador:  71
[2021-04-07 02:41:24,051] {logging_mixin.py:104} INFO - Linhas:  350000
[2021-04-07 02:41:24,051] {logging_mixin.py:104} INFO - Colunas:  33
[2021-04-07 02:42:14,438] {logging_mixin.py:104} INFO - entrou no laço
[2021-04-07 02:42:14,438] {logging_mixin.py:104} INFO - Paginas:  100000
[2021-04-07 02:42:14,439] {logging_mixin.py:104} INFO - Contador:  72
[2021-04-07 02:42:14,439] {logging_mixin.py:104} INFO - Linhas:  355000
[2021-04-07 02:42:14,439] {logging_mixin.py:104} INFO - Colunas:  33
[2021-04-07 02:42:57,158] {logging_mixin.py:104} INFO - entrou no laço
[2021-04-07 02:42:57,160] {logging_mixin.py:104} INFO - Paginas:  100000
[2021-04-07 02:42:57,164] {logging_mixin.py:104} INFO - Contador:  73
[2021-04-07 02:42:57,168] {logging_mixin.py:104} INFO - Linhas:  360000
[2021-04-07 02:42:57,170] {logging_mixin.py:104} INFO - Colunas:  33
[2021-04-07 02:43:12,746] {logging_mixin.py:104} INFO - entrou no laço
[2021-04-07 02:43:12,747] {logging_mixin.py:104} INFO - Paginas:  100000
[2021-04-07 02:43:12,748] {logging_mixin.py:104} INFO - Contador:  74
[2021-04-07 02:43:12,748] {logging_mixin.py:104} INFO - Linhas:  365000
[2021-04-07 02:43:12,749] {logging_mixin.py:104} INFO - Colunas:  4
[2021-04-07 02:43:28,793] {logging_mixin.py:104} INFO - entrou no laço
[2021-04-07 02:43:28,794] {logging_mixin.py:104} INFO - Paginas:  100000
[2021-04-07 02:43:28,794] {logging_mixin.py:104} INFO - Contador:  75
[2021-04-07 02:43:28,795] {logging_mixin.py:104} INFO - Linhas:  370000
[2021-04-07 02:43:28,796] {logging_mixin.py:104} INFO - Colunas:  4
[2021-04-07 02:43:45,809] {logging_mixin.py:104} INFO - entrou no laço
[2021-04-07 02:43:45,810] {logging_mixin.py:104} INFO - Paginas:  100000
[2021-04-07 02:43:45,811] {logging_mixin.py:104} INFO - Contador:  76
[2021-04-07 02:43:45,813] {logging_mixin.py:104} INFO - Linhas:  375000
[2021-04-07 02:43:45,814] {logging_mixin.py:104} INFO - Colunas:  4
[2021-04-07 02:44:01,417] {logging_mixin.py:104} INFO - entrou no laço
[2021-04-07 02:44:01,425] {logging_mixin.py:104} INFO - Paginas:  100000
[2021-04-07 02:44:01,430] {logging_mixin.py:104} INFO - Contador:  77
[2021-04-07 02:44:01,433] {logging_mixin.py:104} INFO - Linhas:  380000
[2021-04-07 02:44:01,434] {logging_mixin.py:104} INFO - Colunas:  4
[2021-04-07 02:44:19,534] {logging_mixin.py:104} INFO - entrou no laço
[2021-04-07 02:44:19,535] {logging_mixin.py:104} INFO - Paginas:  100000
[2021-04-07 02:44:19,535] {logging_mixin.py:104} INFO - Contador:  78
[2021-04-07 02:44:19,536] {logging_mixin.py:104} INFO - Linhas:  385000
[2021-04-07 02:44:19,536] {logging_mixin.py:104} INFO - Colunas:  4
[2021-04-07 02:44:35,772] {logging_mixin.py:104} INFO - entrou no laço
[2021-04-07 02:44:35,772] {logging_mixin.py:104} INFO - Paginas:  100000
[2021-04-07 02:44:35,773] {logging_mixin.py:104} INFO - Contador:  79
[2021-04-07 02:44:35,773] {logging_mixin.py:104} INFO - Linhas:  390000
[2021-04-07 02:44:35,773] {logging_mixin.py:104} INFO - Colunas:  4
[2021-04-07 02:44:51,536] {logging_mixin.py:104} INFO - entrou no laço
[2021-04-07 02:44:51,537] {logging_mixin.py:104} INFO - Paginas:  100000
[2021-04-07 02:44:51,539] {logging_mixin.py:104} INFO - Contador:  80
[2021-04-07 02:44:51,540] {logging_mixin.py:104} INFO - Linhas:  395000
[2021-04-07 02:44:51,542] {logging_mixin.py:104} INFO - Colunas:  4
[2021-04-07 02:45:07,912] {logging_mixin.py:104} INFO - entrou no laço
[2021-04-07 02:45:07,913] {logging_mixin.py:104} INFO - Paginas:  100000
[2021-04-07 02:45:07,913] {logging_mixin.py:104} INFO - Contador:  81
[2021-04-07 02:45:07,914] {logging_mixin.py:104} INFO - Linhas:  400000
[2021-04-07 02:45:07,914] {logging_mixin.py:104} INFO - Colunas:  4
[2021-04-07 02:45:23,665] {logging_mixin.py:104} INFO - entrou no laço
[2021-04-07 02:45:23,666] {logging_mixin.py:104} INFO - Paginas:  100000
[2021-04-07 02:45:23,668] {logging_mixin.py:104} INFO - Contador:  82
[2021-04-07 02:45:23,671] {logging_mixin.py:104} INFO - Linhas:  405000
[2021-04-07 02:45:23,672] {logging_mixin.py:104} INFO - Colunas:  4
[2021-04-07 02:45:50,012] {logging_mixin.py:104} INFO - entrou no laço
[2021-04-07 02:45:50,013] {logging_mixin.py:104} INFO - Paginas:  100000
[2021-04-07 02:45:50,013] {logging_mixin.py:104} INFO - Contador:  83
[2021-04-07 02:45:50,013] {logging_mixin.py:104} INFO - Linhas:  410000
[2021-04-07 02:45:50,014] {logging_mixin.py:104} INFO - Colunas:  4
[2021-04-07 02:46:06,362] {logging_mixin.py:104} INFO - entrou no laço
[2021-04-07 02:46:06,364] {logging_mixin.py:104} INFO - Paginas:  100000
[2021-04-07 02:46:06,366] {logging_mixin.py:104} INFO - Contador:  84
[2021-04-07 02:46:06,366] {logging_mixin.py:104} INFO - Linhas:  415000
[2021-04-07 02:46:06,369] {logging_mixin.py:104} INFO - Colunas:  4
[2021-04-07 02:46:21,907] {logging_mixin.py:104} INFO - entrou no laço
[2021-04-07 02:46:21,908] {logging_mixin.py:104} INFO - Paginas:  100000
[2021-04-07 02:46:21,908] {logging_mixin.py:104} INFO - Contador:  85
[2021-04-07 02:46:21,909] {logging_mixin.py:104} INFO - Linhas:  420000
[2021-04-07 02:46:21,909] {logging_mixin.py:104} INFO - Colunas:  4
[2021-04-07 02:46:45,426] {logging_mixin.py:104} INFO - entrou no laço
[2021-04-07 02:46:45,427] {logging_mixin.py:104} INFO - Paginas:  100000
[2021-04-07 02:46:45,427] {logging_mixin.py:104} INFO - Contador:  86
[2021-04-07 02:46:45,428] {logging_mixin.py:104} INFO - Linhas:  425000
[2021-04-07 02:46:45,428] {logging_mixin.py:104} INFO - Colunas:  4
[2021-04-07 02:47:08,854] {logging_mixin.py:104} INFO - entrou no laço
[2021-04-07 02:47:08,871] {logging_mixin.py:104} INFO - Paginas:  100000
[2021-04-07 02:47:08,873] {logging_mixin.py:104} INFO - Contador:  87
[2021-04-07 02:47:08,873] {logging_mixin.py:104} INFO - Linhas:  430000
[2021-04-07 02:47:08,874] {logging_mixin.py:104} INFO - Colunas:  4
[2021-04-07 02:47:25,856] {logging_mixin.py:104} INFO - entrou no laço
[2021-04-07 02:47:25,856] {logging_mixin.py:104} INFO - Paginas:  100000
[2021-04-07 02:47:25,857] {logging_mixin.py:104} INFO - Contador:  88
[2021-04-07 02:47:25,857] {logging_mixin.py:104} INFO - Linhas:  435000
[2021-04-07 02:47:25,858] {logging_mixin.py:104} INFO - Colunas:  4
[2021-04-07 02:47:41,311] {logging_mixin.py:104} INFO - entrou no laço
[2021-04-07 02:47:41,312] {logging_mixin.py:104} INFO - Paginas:  100000
[2021-04-07 02:47:41,313] {logging_mixin.py:104} INFO - Contador:  89
[2021-04-07 02:47:41,314] {logging_mixin.py:104} INFO - Linhas:  440000
[2021-04-07 02:47:41,316] {logging_mixin.py:104} INFO - Colunas:  4
[2021-04-07 02:47:56,689] {logging_mixin.py:104} INFO - entrou no laço
[2021-04-07 02:47:56,690] {logging_mixin.py:104} INFO - Paginas:  100000
[2021-04-07 02:47:56,691] {logging_mixin.py:104} INFO - Contador:  90
[2021-04-07 02:47:56,691] {logging_mixin.py:104} INFO - Linhas:  445000
[2021-04-07 02:47:56,695] {logging_mixin.py:104} INFO - Colunas:  4
[2021-04-07 02:48:14,065] {logging_mixin.py:104} INFO - entrou no laço
[2021-04-07 02:48:14,066] {logging_mixin.py:104} INFO - Paginas:  100000
[2021-04-07 02:48:14,067] {logging_mixin.py:104} INFO - Contador:  91
[2021-04-07 02:48:14,067] {logging_mixin.py:104} INFO - Linhas:  450000
[2021-04-07 02:48:14,067] {logging_mixin.py:104} INFO - Colunas:  4
[2021-04-07 02:48:29,068] {logging_mixin.py:104} INFO - entrou no laço
[2021-04-07 02:48:29,069] {logging_mixin.py:104} INFO - Paginas:  100000
[2021-04-07 02:48:29,069] {logging_mixin.py:104} INFO - Contador:  92
[2021-04-07 02:48:29,070] {logging_mixin.py:104} INFO - Linhas:  455000
[2021-04-07 02:48:29,070] {logging_mixin.py:104} INFO - Colunas:  4
[2021-04-07 02:48:45,215] {logging_mixin.py:104} INFO - entrou no laço
[2021-04-07 02:48:45,216] {logging_mixin.py:104} INFO - Paginas:  100000
[2021-04-07 02:48:45,216] {logging_mixin.py:104} INFO - Contador:  93
[2021-04-07 02:48:45,216] {logging_mixin.py:104} INFO - Linhas:  460000
[2021-04-07 02:48:45,217] {logging_mixin.py:104} INFO - Colunas:  4
[2021-04-07 02:49:11,638] {logging_mixin.py:104} INFO - entrou no laço
[2021-04-07 02:49:11,639] {logging_mixin.py:104} INFO - Paginas:  100000
[2021-04-07 02:49:11,640] {logging_mixin.py:104} INFO - Contador:  94
[2021-04-07 02:49:11,640] {logging_mixin.py:104} INFO - Linhas:  465000
[2021-04-07 02:49:11,640] {logging_mixin.py:104} INFO - Colunas:  4
[2021-04-07 02:49:27,551] {logging_mixin.py:104} INFO - entrou no laço
[2021-04-07 02:49:27,552] {logging_mixin.py:104} INFO - Paginas:  100000
[2021-04-07 02:49:27,552] {logging_mixin.py:104} INFO - Contador:  95
[2021-04-07 02:49:27,555] {logging_mixin.py:104} INFO - Linhas:  470000
[2021-04-07 02:49:27,556] {logging_mixin.py:104} INFO - Colunas:  4
[2021-04-07 02:49:45,620] {logging_mixin.py:104} INFO - entrou no laço
[2021-04-07 02:49:45,621] {logging_mixin.py:104} INFO - Paginas:  100000
[2021-04-07 02:49:45,621] {logging_mixin.py:104} INFO - Contador:  96
[2021-04-07 02:49:45,622] {logging_mixin.py:104} INFO - Linhas:  475000
[2021-04-07 02:49:45,622] {logging_mixin.py:104} INFO - Colunas:  4
[2021-04-07 02:50:01,313] {logging_mixin.py:104} INFO - entrou no laço
[2021-04-07 02:50:01,320] {logging_mixin.py:104} INFO - Paginas:  100000
[2021-04-07 02:50:01,320] {logging_mixin.py:104} INFO - Contador:  97
[2021-04-07 02:50:01,321] {logging_mixin.py:104} INFO - Linhas:  480000
[2021-04-07 02:50:01,323] {logging_mixin.py:104} INFO - Colunas:  4
[2021-04-07 02:50:23,322] {logging_mixin.py:104} INFO - entrou no laço
[2021-04-07 02:50:23,323] {logging_mixin.py:104} INFO - Paginas:  100000
[2021-04-07 02:50:23,324] {logging_mixin.py:104} INFO - Contador:  98
[2021-04-07 02:50:23,325] {logging_mixin.py:104} INFO - Linhas:  485000
[2021-04-07 02:50:23,325] {logging_mixin.py:104} INFO - Colunas:  4
[2021-04-07 02:50:40,912] {logging_mixin.py:104} INFO - entrou no laço
[2021-04-07 02:50:40,915] {logging_mixin.py:104} INFO - Paginas:  100000
[2021-04-07 02:50:40,920] {logging_mixin.py:104} INFO - Contador:  99
[2021-04-07 02:50:40,921] {logging_mixin.py:104} INFO - Linhas:  490000
[2021-04-07 02:50:40,922] {logging_mixin.py:104} INFO - Colunas:  4
[2021-04-07 02:51:00,524] {logging_mixin.py:104} INFO - entrou no laço
[2021-04-07 02:51:00,528] {logging_mixin.py:104} INFO - Paginas:  100000
[2021-04-07 02:51:00,529] {logging_mixin.py:104} INFO - Contador:  100
[2021-04-07 02:51:00,530] {logging_mixin.py:104} INFO - Linhas:  495000
[2021-04-07 02:51:00,530] {logging_mixin.py:104} INFO - Colunas:  4
[2021-04-07 02:51:29,692] {logging_mixin.py:104} INFO - entrou no laço
[2021-04-07 02:51:29,693] {logging_mixin.py:104} INFO - Paginas:  100000
[2021-04-07 02:51:29,693] {logging_mixin.py:104} INFO - Contador:  101
[2021-04-07 02:51:29,696] {logging_mixin.py:104} INFO - Linhas:  500000
[2021-04-07 02:51:29,697] {logging_mixin.py:104} INFO - Colunas:  4
[2021-04-07 02:51:46,784] {logging_mixin.py:104} INFO - entrou no laço
[2021-04-07 02:51:46,786] {logging_mixin.py:104} INFO - Paginas:  100000
[2021-04-07 02:51:46,786] {logging_mixin.py:104} INFO - Contador:  102
[2021-04-07 02:51:46,787] {logging_mixin.py:104} INFO - Linhas:  505000
[2021-04-07 02:51:46,787] {logging_mixin.py:104} INFO - Colunas:  4
[2021-04-07 02:52:03,704] {logging_mixin.py:104} INFO - entrou no laço
[2021-04-07 02:52:03,707] {logging_mixin.py:104} INFO - Paginas:  100000
[2021-04-07 02:52:03,711] {logging_mixin.py:104} INFO - Contador:  103
[2021-04-07 02:52:03,712] {logging_mixin.py:104} INFO - Linhas:  510000
[2021-04-07 02:52:03,712] {logging_mixin.py:104} INFO - Colunas:  4
[2021-04-07 02:52:22,205] {logging_mixin.py:104} INFO - entrou no laço
[2021-04-07 02:52:22,209] {logging_mixin.py:104} INFO - Paginas:  100000
[2021-04-07 02:52:22,213] {logging_mixin.py:104} INFO - Contador:  104
[2021-04-07 02:52:22,215] {logging_mixin.py:104} INFO - Linhas:  515000
[2021-04-07 02:52:22,215] {logging_mixin.py:104} INFO - Colunas:  4
[2021-04-07 02:52:39,446] {logging_mixin.py:104} INFO - entrou no laço
[2021-04-07 02:52:39,459] {logging_mixin.py:104} INFO - Paginas:  100000
[2021-04-07 02:52:39,460] {logging_mixin.py:104} INFO - Contador:  105
[2021-04-07 02:52:39,463] {logging_mixin.py:104} INFO - Linhas:  520000
[2021-04-07 02:52:39,463] {logging_mixin.py:104} INFO - Colunas:  4
[2021-04-07 02:52:55,322] {logging_mixin.py:104} INFO - entrou no laço
[2021-04-07 02:52:55,328] {logging_mixin.py:104} INFO - Paginas:  100000
[2021-04-07 02:52:55,331] {logging_mixin.py:104} INFO - Contador:  106
[2021-04-07 02:52:55,333] {logging_mixin.py:104} INFO - Linhas:  525000
[2021-04-07 02:52:55,334] {logging_mixin.py:104} INFO - Colunas:  4
[2021-04-07 02:53:13,357] {logging_mixin.py:104} INFO - entrou no laço
[2021-04-07 02:53:13,358] {logging_mixin.py:104} INFO - Paginas:  100000
[2021-04-07 02:53:13,358] {logging_mixin.py:104} INFO - Contador:  107
[2021-04-07 02:53:13,359] {logging_mixin.py:104} INFO - Linhas:  530000
[2021-04-07 02:53:13,359] {logging_mixin.py:104} INFO - Colunas:  4
[2021-04-07 02:53:31,856] {logging_mixin.py:104} INFO - entrou no laço
[2021-04-07 02:53:31,857] {logging_mixin.py:104} INFO - Paginas:  100000
[2021-04-07 02:53:31,857] {logging_mixin.py:104} INFO - Contador:  108
[2021-04-07 02:53:31,858] {logging_mixin.py:104} INFO - Linhas:  535000
[2021-04-07 02:53:31,859] {logging_mixin.py:104} INFO - Colunas:  4
[2021-04-07 02:53:49,403] {logging_mixin.py:104} INFO - entrou no laço
[2021-04-07 02:53:49,405] {logging_mixin.py:104} INFO - Paginas:  100000
[2021-04-07 02:53:49,405] {logging_mixin.py:104} INFO - Contador:  109
[2021-04-07 02:53:49,406] {logging_mixin.py:104} INFO - Linhas:  540000
[2021-04-07 02:53:49,406] {logging_mixin.py:104} INFO - Colunas:  4
[2021-04-07 02:54:08,049] {logging_mixin.py:104} INFO - entrou no laço
[2021-04-07 02:54:08,054] {logging_mixin.py:104} INFO - Paginas:  100000
[2021-04-07 02:54:08,064] {logging_mixin.py:104} INFO - Contador:  110
[2021-04-07 02:54:08,065] {logging_mixin.py:104} INFO - Linhas:  545000
[2021-04-07 02:54:08,066] {logging_mixin.py:104} INFO - Colunas:  4
[2021-04-07 02:54:26,527] {logging_mixin.py:104} INFO - entrou no laço
[2021-04-07 02:54:26,529] {logging_mixin.py:104} INFO - Paginas:  100000
[2021-04-07 02:54:26,530] {logging_mixin.py:104} INFO - Contador:  111
[2021-04-07 02:54:26,530] {logging_mixin.py:104} INFO - Linhas:  550000
[2021-04-07 02:54:26,530] {logging_mixin.py:104} INFO - Colunas:  4
[2021-04-07 02:54:43,281] {logging_mixin.py:104} INFO - entrou no laço
[2021-04-07 02:54:43,281] {logging_mixin.py:104} INFO - Paginas:  100000
[2021-04-07 02:54:43,282] {logging_mixin.py:104} INFO - Contador:  112
[2021-04-07 02:54:43,282] {logging_mixin.py:104} INFO - Linhas:  555000
[2021-04-07 02:54:43,282] {logging_mixin.py:104} INFO - Colunas:  4
[2021-04-07 02:54:59,876] {logging_mixin.py:104} INFO - entrou no laço
[2021-04-07 02:54:59,879] {logging_mixin.py:104} INFO - Paginas:  100000
[2021-04-07 02:54:59,879] {logging_mixin.py:104} INFO - Contador:  113
[2021-04-07 02:54:59,879] {logging_mixin.py:104} INFO - Linhas:  560000
[2021-04-07 02:54:59,879] {logging_mixin.py:104} INFO - Colunas:  4
[2021-04-07 02:55:17,899] {logging_mixin.py:104} INFO - entrou no laço
[2021-04-07 02:55:17,900] {logging_mixin.py:104} INFO - Paginas:  100000
[2021-04-07 02:55:17,901] {logging_mixin.py:104} INFO - Contador:  114
[2021-04-07 02:55:17,901] {logging_mixin.py:104} INFO - Linhas:  565000
[2021-04-07 02:55:17,902] {logging_mixin.py:104} INFO - Colunas:  4
[2021-04-07 02:55:35,566] {logging_mixin.py:104} INFO - entrou no laço
[2021-04-07 02:55:35,566] {logging_mixin.py:104} INFO - Paginas:  100000
[2021-04-07 02:55:35,567] {logging_mixin.py:104} INFO - Contador:  115
[2021-04-07 02:55:35,567] {logging_mixin.py:104} INFO - Linhas:  570000
[2021-04-07 02:55:35,568] {logging_mixin.py:104} INFO - Colunas:  4
[2021-04-07 02:55:52,710] {logging_mixin.py:104} INFO - entrou no laço
[2021-04-07 02:55:52,711] {logging_mixin.py:104} INFO - Paginas:  100000
[2021-04-07 02:55:52,712] {logging_mixin.py:104} INFO - Contador:  116
[2021-04-07 02:55:52,712] {logging_mixin.py:104} INFO - Linhas:  575000
[2021-04-07 02:55:52,712] {logging_mixin.py:104} INFO - Colunas:  4
[2021-04-07 02:56:10,569] {logging_mixin.py:104} INFO - entrou no laço
[2021-04-07 02:56:10,570] {logging_mixin.py:104} INFO - Paginas:  100000
[2021-04-07 02:56:10,570] {logging_mixin.py:104} INFO - Contador:  117
[2021-04-07 02:56:10,570] {logging_mixin.py:104} INFO - Linhas:  580000
[2021-04-07 02:56:10,570] {logging_mixin.py:104} INFO - Colunas:  4
[2021-04-07 02:56:30,705] {logging_mixin.py:104} INFO - entrou no laço
[2021-04-07 02:56:30,706] {logging_mixin.py:104} INFO - Paginas:  100000
[2021-04-07 02:56:30,706] {logging_mixin.py:104} INFO - Contador:  118
[2021-04-07 02:56:30,707] {logging_mixin.py:104} INFO - Linhas:  585000
[2021-04-07 02:56:30,707] {logging_mixin.py:104} INFO - Colunas:  4
[2021-04-07 02:56:47,923] {logging_mixin.py:104} INFO - entrou no laço
[2021-04-07 02:56:47,924] {logging_mixin.py:104} INFO - Paginas:  100000
[2021-04-07 02:56:47,925] {logging_mixin.py:104} INFO - Contador:  119
[2021-04-07 02:56:47,925] {logging_mixin.py:104} INFO - Linhas:  590000
[2021-04-07 02:56:47,926] {logging_mixin.py:104} INFO - Colunas:  4
[2021-04-07 02:57:12,435] {logging_mixin.py:104} INFO - entrou no laço
[2021-04-07 02:57:12,438] {logging_mixin.py:104} INFO - Paginas:  100000
[2021-04-07 02:57:12,441] {logging_mixin.py:104} INFO - Contador:  120
[2021-04-07 02:57:12,442] {logging_mixin.py:104} INFO - Linhas:  595000
[2021-04-07 02:57:12,442] {logging_mixin.py:104} INFO - Colunas:  4
[2021-04-07 02:57:30,042] {logging_mixin.py:104} INFO - entrou no laço
[2021-04-07 02:57:30,043] {logging_mixin.py:104} INFO - Paginas:  100000
[2021-04-07 02:57:30,044] {logging_mixin.py:104} INFO - Contador:  121
[2021-04-07 02:57:30,046] {logging_mixin.py:104} INFO - Linhas:  600000
[2021-04-07 02:57:30,047] {logging_mixin.py:104} INFO - Colunas:  4
[2021-04-07 02:57:47,073] {logging_mixin.py:104} INFO - entrou no laço
[2021-04-07 02:57:47,076] {logging_mixin.py:104} INFO - Paginas:  100000
[2021-04-07 02:57:47,077] {logging_mixin.py:104} INFO - Contador:  122
[2021-04-07 02:57:47,079] {logging_mixin.py:104} INFO - Linhas:  605000
[2021-04-07 02:57:47,079] {logging_mixin.py:104} INFO - Colunas:  4
[2021-04-07 02:58:03,667] {logging_mixin.py:104} INFO - entrou no laço
[2021-04-07 02:58:03,668] {logging_mixin.py:104} INFO - Paginas:  100000
[2021-04-07 02:58:03,668] {logging_mixin.py:104} INFO - Contador:  123
[2021-04-07 02:58:03,669] {logging_mixin.py:104} INFO - Linhas:  610000
[2021-04-07 02:58:03,669] {logging_mixin.py:104} INFO - Colunas:  4
[2021-04-07 02:58:20,943] {logging_mixin.py:104} INFO - entrou no laço
[2021-04-07 02:58:20,945] {logging_mixin.py:104} INFO - Paginas:  100000
[2021-04-07 02:58:20,946] {logging_mixin.py:104} INFO - Contador:  124
[2021-04-07 02:58:20,947] {logging_mixin.py:104} INFO - Linhas:  615000
[2021-04-07 02:58:20,947] {logging_mixin.py:104} INFO - Colunas:  4
[2021-04-07 02:58:38,386] {logging_mixin.py:104} INFO - entrou no laço
[2021-04-07 02:58:38,387] {logging_mixin.py:104} INFO - Paginas:  100000
[2021-04-07 02:58:38,387] {logging_mixin.py:104} INFO - Contador:  125
[2021-04-07 02:58:38,388] {logging_mixin.py:104} INFO - Linhas:  620000
[2021-04-07 02:58:38,388] {logging_mixin.py:104} INFO - Colunas:  4
[2021-04-07 02:58:59,202] {logging_mixin.py:104} INFO - entrou no laço
[2021-04-07 02:58:59,203] {logging_mixin.py:104} INFO - Paginas:  100000
[2021-04-07 02:58:59,204] {logging_mixin.py:104} INFO - Contador:  126
[2021-04-07 02:58:59,204] {logging_mixin.py:104} INFO - Linhas:  625000
[2021-04-07 02:58:59,204] {logging_mixin.py:104} INFO - Colunas:  4
[2021-04-07 02:59:17,278] {logging_mixin.py:104} INFO - entrou no laço
[2021-04-07 02:59:17,279] {logging_mixin.py:104} INFO - Paginas:  100000
[2021-04-07 02:59:17,279] {logging_mixin.py:104} INFO - Contador:  127
[2021-04-07 02:59:17,280] {logging_mixin.py:104} INFO - Linhas:  630000
[2021-04-07 02:59:17,280] {logging_mixin.py:104} INFO - Colunas:  4
[2021-04-07 02:59:34,203] {logging_mixin.py:104} INFO - entrou no laço
[2021-04-07 02:59:34,204] {logging_mixin.py:104} INFO - Paginas:  100000
[2021-04-07 02:59:34,204] {logging_mixin.py:104} INFO - Contador:  128
[2021-04-07 02:59:34,207] {logging_mixin.py:104} INFO - Linhas:  635000
[2021-04-07 02:59:34,207] {logging_mixin.py:104} INFO - Colunas:  4
[2021-04-07 02:59:53,581] {logging_mixin.py:104} INFO - entrou no laço
[2021-04-07 02:59:53,581] {logging_mixin.py:104} INFO - Paginas:  100000
[2021-04-07 02:59:53,581] {logging_mixin.py:104} INFO - Contador:  129
[2021-04-07 02:59:53,581] {logging_mixin.py:104} INFO - Linhas:  640000
[2021-04-07 02:59:53,581] {logging_mixin.py:104} INFO - Colunas:  4
[2021-04-07 03:00:10,373] {logging_mixin.py:104} INFO - entrou no laço
[2021-04-07 03:00:10,374] {logging_mixin.py:104} INFO - Paginas:  100000
[2021-04-07 03:00:10,376] {logging_mixin.py:104} INFO - Contador:  130
[2021-04-07 03:00:10,379] {logging_mixin.py:104} INFO - Linhas:  645000
[2021-04-07 03:00:10,381] {logging_mixin.py:104} INFO - Colunas:  4
[2021-04-07 03:00:29,664] {logging_mixin.py:104} INFO - entrou no laço
[2021-04-07 03:00:29,669] {logging_mixin.py:104} INFO - Paginas:  100000
[2021-04-07 03:00:29,670] {logging_mixin.py:104} INFO - Contador:  131
[2021-04-07 03:00:29,670] {logging_mixin.py:104} INFO - Linhas:  650000
[2021-04-07 03:00:29,676] {logging_mixin.py:104} INFO - Colunas:  4
[2021-04-07 03:00:45,065] {logging_mixin.py:104} INFO - entrou no laço
[2021-04-07 03:00:45,065] {logging_mixin.py:104} INFO - Paginas:  100000
[2021-04-07 03:00:45,065] {logging_mixin.py:104} INFO - Contador:  132
[2021-04-07 03:00:45,065] {logging_mixin.py:104} INFO - Linhas:  655000
[2021-04-07 03:00:45,065] {logging_mixin.py:104} INFO - Colunas:  4
[2021-04-07 03:01:02,198] {logging_mixin.py:104} INFO - entrou no laço
[2021-04-07 03:01:02,200] {logging_mixin.py:104} INFO - Paginas:  100000
[2021-04-07 03:01:02,201] {logging_mixin.py:104} INFO - Contador:  133
[2021-04-07 03:01:02,201] {logging_mixin.py:104} INFO - Linhas:  660000
[2021-04-07 03:01:02,202] {logging_mixin.py:104} INFO - Colunas:  4
[2021-04-07 03:01:18,986] {logging_mixin.py:104} INFO - entrou no laço
[2021-04-07 03:01:19,013] {logging_mixin.py:104} INFO - Paginas:  100000
[2021-04-07 03:01:19,017] {logging_mixin.py:104} INFO - Contador:  134
[2021-04-07 03:01:19,017] {logging_mixin.py:104} INFO - Linhas:  665000
[2021-04-07 03:01:19,019] {logging_mixin.py:104} INFO - Colunas:  4
[2021-04-07 03:01:36,492] {logging_mixin.py:104} INFO - entrou no laço
[2021-04-07 03:01:36,492] {logging_mixin.py:104} INFO - Paginas:  100000
[2021-04-07 03:01:36,492] {logging_mixin.py:104} INFO - Contador:  135
[2021-04-07 03:01:36,492] {logging_mixin.py:104} INFO - Linhas:  670000
[2021-04-07 03:01:36,492] {logging_mixin.py:104} INFO - Colunas:  4
[2021-04-07 03:02:00,004] {logging_mixin.py:104} INFO - entrou no laço
[2021-04-07 03:02:00,010] {logging_mixin.py:104} INFO - Paginas:  100000
[2021-04-07 03:02:00,011] {logging_mixin.py:104} INFO - Contador:  136
[2021-04-07 03:02:00,016] {logging_mixin.py:104} INFO - Linhas:  675000
[2021-04-07 03:02:00,018] {logging_mixin.py:104} INFO - Colunas:  4
[2021-04-07 03:02:15,402] {logging_mixin.py:104} INFO - entrou no laço
[2021-04-07 03:02:15,405] {logging_mixin.py:104} INFO - Paginas:  100000
[2021-04-07 03:02:15,407] {logging_mixin.py:104} INFO - Contador:  137
[2021-04-07 03:02:15,407] {logging_mixin.py:104} INFO - Linhas:  680000
[2021-04-07 03:02:15,408] {logging_mixin.py:104} INFO - Colunas:  4
[2021-04-07 03:02:31,504] {logging_mixin.py:104} INFO - entrou no laço
[2021-04-07 03:02:31,509] {logging_mixin.py:104} INFO - Paginas:  100000
[2021-04-07 03:02:31,518] {logging_mixin.py:104} INFO - Contador:  138
[2021-04-07 03:02:31,519] {logging_mixin.py:104} INFO - Linhas:  685000
[2021-04-07 03:02:31,520] {logging_mixin.py:104} INFO - Colunas:  4
[2021-04-07 03:02:47,430] {logging_mixin.py:104} INFO - entrou no laço
[2021-04-07 03:02:47,431] {logging_mixin.py:104} INFO - Paginas:  100000
[2021-04-07 03:02:47,431] {logging_mixin.py:104} INFO - Contador:  139
[2021-04-07 03:02:47,432] {logging_mixin.py:104} INFO - Linhas:  690000
[2021-04-07 03:02:47,433] {logging_mixin.py:104} INFO - Colunas:  4
[2021-04-07 03:03:03,644] {logging_mixin.py:104} INFO - entrou no laço
[2021-04-07 03:03:03,647] {logging_mixin.py:104} INFO - Paginas:  100000
[2021-04-07 03:03:03,649] {logging_mixin.py:104} INFO - Contador:  140
[2021-04-07 03:03:03,649] {logging_mixin.py:104} INFO - Linhas:  695000
[2021-04-07 03:03:03,650] {logging_mixin.py:104} INFO - Colunas:  4
[2021-04-07 03:03:19,936] {logging_mixin.py:104} INFO - entrou no laço
[2021-04-07 03:03:19,939] {logging_mixin.py:104} INFO - Paginas:  100000
[2021-04-07 03:03:19,939] {logging_mixin.py:104} INFO - Contador:  141
[2021-04-07 03:03:19,940] {logging_mixin.py:104} INFO - Linhas:  700000
[2021-04-07 03:03:19,940] {logging_mixin.py:104} INFO - Colunas:  4
[2021-04-07 03:03:35,622] {logging_mixin.py:104} INFO - entrou no laço
[2021-04-07 03:03:35,623] {logging_mixin.py:104} INFO - Paginas:  100000
[2021-04-07 03:03:35,624] {logging_mixin.py:104} INFO - Contador:  142
[2021-04-07 03:03:35,624] {logging_mixin.py:104} INFO - Linhas:  705000
[2021-04-07 03:03:35,625] {logging_mixin.py:104} INFO - Colunas:  4
[2021-04-07 03:03:52,252] {logging_mixin.py:104} INFO - entrou no laço
[2021-04-07 03:03:52,252] {logging_mixin.py:104} INFO - Paginas:  100000
[2021-04-07 03:03:52,252] {logging_mixin.py:104} INFO - Contador:  143
[2021-04-07 03:03:52,252] {logging_mixin.py:104} INFO - Linhas:  710000
[2021-04-07 03:03:52,252] {logging_mixin.py:104} INFO - Colunas:  4
[2021-04-07 03:04:09,610] {logging_mixin.py:104} INFO - entrou no laço
[2021-04-07 03:04:09,614] {logging_mixin.py:104} INFO - Paginas:  100000
[2021-04-07 03:04:09,618] {logging_mixin.py:104} INFO - Contador:  144
[2021-04-07 03:04:09,619] {logging_mixin.py:104} INFO - Linhas:  715000
[2021-04-07 03:04:09,619] {logging_mixin.py:104} INFO - Colunas:  4
[2021-04-07 03:04:25,975] {logging_mixin.py:104} INFO - entrou no laço
[2021-04-07 03:04:25,978] {logging_mixin.py:104} INFO - Paginas:  100000
[2021-04-07 03:04:25,979] {logging_mixin.py:104} INFO - Contador:  145
[2021-04-07 03:04:25,980] {logging_mixin.py:104} INFO - Linhas:  720000
[2021-04-07 03:04:25,981] {logging_mixin.py:104} INFO - Colunas:  4
[2021-04-07 03:04:45,597] {logging_mixin.py:104} INFO - entrou no laço
[2021-04-07 03:04:45,600] {logging_mixin.py:104} INFO - Paginas:  100000
[2021-04-07 03:04:45,601] {logging_mixin.py:104} INFO - Contador:  146
[2021-04-07 03:04:45,609] {logging_mixin.py:104} INFO - Linhas:  725000
[2021-04-07 03:04:45,611] {logging_mixin.py:104} INFO - Colunas:  4
[2021-04-07 03:05:00,777] {logging_mixin.py:104} INFO - entrou no laço
[2021-04-07 03:05:00,780] {logging_mixin.py:104} INFO - Paginas:  100000
[2021-04-07 03:05:00,781] {logging_mixin.py:104} INFO - Contador:  147
[2021-04-07 03:05:00,782] {logging_mixin.py:104} INFO - Linhas:  730000
[2021-04-07 03:05:00,782] {logging_mixin.py:104} INFO - Colunas:  4
[2021-04-07 03:05:21,060] {logging_mixin.py:104} INFO - entrou no laço
[2021-04-07 03:05:21,076] {logging_mixin.py:104} INFO - Paginas:  100000
[2021-04-07 03:05:21,076] {logging_mixin.py:104} INFO - Contador:  148
[2021-04-07 03:05:21,076] {logging_mixin.py:104} INFO - Linhas:  735000
[2021-04-07 03:05:21,076] {logging_mixin.py:104} INFO - Colunas:  4
[2021-04-07 03:05:44,860] {logging_mixin.py:104} INFO - entrou no laço
[2021-04-07 03:05:44,863] {logging_mixin.py:104} INFO - Paginas:  100000
[2021-04-07 03:05:44,864] {logging_mixin.py:104} INFO - Contador:  149
[2021-04-07 03:05:44,866] {logging_mixin.py:104} INFO - Linhas:  740000
[2021-04-07 03:05:44,868] {logging_mixin.py:104} INFO - Colunas:  4
[2021-04-07 03:06:01,422] {logging_mixin.py:104} INFO - entrou no laço
[2021-04-07 03:06:01,436] {logging_mixin.py:104} INFO - Paginas:  100000
[2021-04-07 03:06:01,443] {logging_mixin.py:104} INFO - Contador:  150
[2021-04-07 03:06:01,446] {logging_mixin.py:104} INFO - Linhas:  745000
[2021-04-07 03:06:01,449] {logging_mixin.py:104} INFO - Colunas:  4
[2021-04-07 03:06:17,234] {logging_mixin.py:104} INFO - entrou no laço
[2021-04-07 03:06:17,240] {logging_mixin.py:104} INFO - Paginas:  100000
[2021-04-07 03:06:17,243] {logging_mixin.py:104} INFO - Contador:  151
[2021-04-07 03:06:17,245] {logging_mixin.py:104} INFO - Linhas:  750000
[2021-04-07 03:06:17,247] {logging_mixin.py:104} INFO - Colunas:  4
[2021-04-07 03:06:34,414] {logging_mixin.py:104} INFO - entrou no laço
[2021-04-07 03:06:34,415] {logging_mixin.py:104} INFO - Paginas:  100000
[2021-04-07 03:06:34,416] {logging_mixin.py:104} INFO - Contador:  152
[2021-04-07 03:06:34,416] {logging_mixin.py:104} INFO - Linhas:  755000
[2021-04-07 03:06:34,417] {logging_mixin.py:104} INFO - Colunas:  4
[2021-04-07 03:06:56,654] {logging_mixin.py:104} INFO - entrou no laço
[2021-04-07 03:06:56,658] {logging_mixin.py:104} INFO - Paginas:  100000
[2021-04-07 03:06:56,664] {logging_mixin.py:104} INFO - Contador:  153
[2021-04-07 03:06:56,669] {logging_mixin.py:104} INFO - Linhas:  760000
[2021-04-07 03:06:56,670] {logging_mixin.py:104} INFO - Colunas:  4
[2021-04-07 03:07:13,380] {logging_mixin.py:104} INFO - entrou no laço
[2021-04-07 03:07:13,381] {logging_mixin.py:104} INFO - Paginas:  100000
[2021-04-07 03:07:13,381] {logging_mixin.py:104} INFO - Contador:  154
[2021-04-07 03:07:13,381] {logging_mixin.py:104} INFO - Linhas:  765000
[2021-04-07 03:07:13,382] {logging_mixin.py:104} INFO - Colunas:  4
[2021-04-07 03:07:30,744] {logging_mixin.py:104} INFO - entrou no laço
[2021-04-07 03:07:30,746] {logging_mixin.py:104} INFO - Paginas:  100000
[2021-04-07 03:07:30,747] {logging_mixin.py:104} INFO - Contador:  155
[2021-04-07 03:07:30,749] {logging_mixin.py:104} INFO - Linhas:  770000
[2021-04-07 03:07:30,750] {logging_mixin.py:104} INFO - Colunas:  4
[2021-04-07 03:07:52,061] {logging_mixin.py:104} INFO - entrou no laço
[2021-04-07 03:07:52,064] {logging_mixin.py:104} INFO - Paginas:  100000
[2021-04-07 03:07:52,065] {logging_mixin.py:104} INFO - Contador:  156
[2021-04-07 03:07:52,065] {logging_mixin.py:104} INFO - Linhas:  775000
[2021-04-07 03:07:52,067] {logging_mixin.py:104} INFO - Colunas:  4
[2021-04-07 03:08:09,476] {logging_mixin.py:104} INFO - entrou no laço
[2021-04-07 03:08:09,480] {logging_mixin.py:104} INFO - Paginas:  100000
[2021-04-07 03:08:09,481] {logging_mixin.py:104} INFO - Contador:  157
[2021-04-07 03:08:09,482] {logging_mixin.py:104} INFO - Linhas:  780000
[2021-04-07 03:08:09,483] {logging_mixin.py:104} INFO - Colunas:  4
[2021-04-07 03:08:25,438] {logging_mixin.py:104} INFO - entrou no laço
[2021-04-07 03:08:25,443] {logging_mixin.py:104} INFO - Paginas:  100000
[2021-04-07 03:08:25,444] {logging_mixin.py:104} INFO - Contador:  158
[2021-04-07 03:08:25,444] {logging_mixin.py:104} INFO - Linhas:  785000
[2021-04-07 03:08:25,445] {logging_mixin.py:104} INFO - Colunas:  4
[2021-04-07 09:35:36,796] {local_task_job.py:188} WARNING - State of this instance has been externally set to failed. Terminating instance.
[2021-04-07 09:35:36,883] {process_utils.py:100} INFO - Sending Signals.SIGTERM to GPID 7503
[2021-04-07 09:35:36,912] {taskinstance.py:1239} ERROR - Received SIGTERM. Terminating subprocesses.
[2021-04-07 09:35:37,273] {process_utils.py:66} INFO - Process psutil.Process(pid=7503, status='terminated', exitcode=0, started='01:50:01') (7503) terminated with exit code 0
