[2021-04-07 12:58:29,287] {taskinstance.py:851} INFO - Dependencies all met for <TaskInstance: process_financials.print_done 2021-04-07T12:58:25.437901+00:00 [queued]>
[2021-04-07 12:58:29,365] {taskinstance.py:851} INFO - Dependencies all met for <TaskInstance: process_financials.print_done 2021-04-07T12:58:25.437901+00:00 [queued]>
[2021-04-07 12:58:29,366] {taskinstance.py:1042} INFO - 
--------------------------------------------------------------------------------
[2021-04-07 12:58:29,367] {taskinstance.py:1043} INFO - Starting attempt 1 of 2
[2021-04-07 12:58:29,367] {taskinstance.py:1044} INFO - 
--------------------------------------------------------------------------------
[2021-04-07 12:58:29,430] {taskinstance.py:1063} INFO - Executing <Task(BashOperator): print_done> on 2021-04-07T12:58:25.437901+00:00
[2021-04-07 12:58:29,435] {standard_task_runner.py:52} INFO - Started process 24432 to run task
[2021-04-07 12:58:29,446] {standard_task_runner.py:76} INFO - Running: ['airflow', 'tasks', 'run', 'process_financials', 'print_done', '2021-04-07T12:58:25.437901+00:00', '--job-id', '42', '--pool', 'default_pool', '--raw', '--subdir', 'DAGS_FOLDER/learn_operators.py', '--cfg-path', '/tmp/tmpbu7_9mpk', '--error-file', '/tmp/tmpxs9cw2w4']
[2021-04-07 12:58:29,463] {standard_task_runner.py:77} INFO - Job 42: Subtask print_done
[2021-04-07 12:58:29,624] {logging_mixin.py:104} INFO - Running <TaskInstance: process_financials.print_done 2021-04-07T12:58:25.437901+00:00 [running]> on host ce03b876977a
[2021-04-07 12:58:29,726] {taskinstance.py:1257} INFO - Exporting the following env vars:
AIRFLOW_CTX_DAG_EMAIL=ozbaya@airflow.com
AIRFLOW_CTX_DAG_OWNER=ozbaya
AIRFLOW_CTX_DAG_ID=process_financials
AIRFLOW_CTX_TASK_ID=print_done
AIRFLOW_CTX_EXECUTION_DATE=2021-04-07T12:58:25.437901+00:00
AIRFLOW_CTX_DAG_RUN_ID=manual__2021-04-07T12:58:25.437901+00:00
[2021-04-07 12:58:29,727] {bash.py:135} INFO - Tmp dir root location: 
 /tmp
[2021-04-07 12:58:29,729] {bash.py:158} INFO - Running command: echo Done!
[2021-04-07 12:58:29,774] {bash.py:169} INFO - Output:
[2021-04-07 12:58:29,784] {bash.py:173} INFO - Done!
[2021-04-07 12:58:29,786] {bash.py:177} INFO - Command exited with return code 0
[2021-04-07 12:58:29,967] {taskinstance.py:1166} INFO - Marking task as SUCCESS. dag_id=process_financials, task_id=print_done, execution_date=20210407T125825, start_date=20210407T125829, end_date=20210407T125829
[2021-04-07 12:58:30,096] {taskinstance.py:1220} INFO - 0 downstream tasks scheduled from follow-on schedule check
[2021-04-07 12:58:30,126] {local_task_job.py:146} INFO - Task exited with return code 0
